

SYSTEM_START	-	DESKTOP-1IEIJRA	Sat Dec 23 00:46:14 2023


SYSTEM_INFO	MovieNX pro 12.0.1 2023-05-24
APO: Successfully connected to: CarMaker 12.0.1 - Car_Generic @ DESKTOP-1IEIJRA(127.0.0.1):14732
Using RenderSettingsProfile: RenderSettings_high.cfg -> template_high.render
Loading Installed scripts...
Loading User scripts...
Loading TestRun from path D:/Thesis/CarMaker_test/Data/TestRun/Thesis/CarMaker_test
WARNING: Could not find file . Search paths: D:/Thesis/CarMaker_test/TrafficSigns/, D:/IPG/carmaker/win64-12.0.1/TrafficSigns/
WARNING: Could not find file . Search paths: D:/Thesis/CarMaker_test/TrafficSigns/, D:/IPG/carmaker/win64-12.0.1/TrafficSigns/
WARNING: Could not find file . Search paths: D:/Thesis/CarMaker_test/TrafficSigns/, D:/IPG/carmaker/win64-12.0.1/TrafficSigns/
WARNING: Could not find file . Search paths: D:/Thesis/CarMaker_test/TrafficSigns/, D:/IPG/carmaker/win64-12.0.1/TrafficSigns/
WARNING: Could not find file . Search paths: D:/Thesis/CarMaker_test/TrafficSigns/, D:/IPG/carmaker/win64-12.0.1/TrafficSigns/
WARNING: Could not find file 3D/Vehicles/BMW_5_2017_LaneTracking.objinfo. Search paths: D:/Thesis/CarMaker_test/MovieNX/data/, D:/IPG/movienx/win64-12.0.1/bin/../data/
Loading TestRun from path D:/Thesis/CarMaker_test/Data/TestRun/Thesis/CarMaker_test
WARNING: Could not find file . Search paths: D:/Thesis/CarMaker_test/TrafficSigns/, D:/IPG/carmaker/win64-12.0.1/TrafficSigns/
WARNING: Could not find file . Search paths: D:/Thesis/CarMaker_test/TrafficSigns/, D:/IPG/carmaker/win64-12.0.1/TrafficSigns/
WARNING: Could not find file . Search paths: D:/Thesis/CarMaker_test/TrafficSigns/, D:/IPG/carmaker/win64-12.0.1/TrafficSigns/
WARNING: Could not find file . Search paths: D:/Thesis/CarMaker_test/TrafficSigns/, D:/IPG/carmaker/win64-12.0.1/TrafficSigns/
WARNING: Could not find file . Search paths: D:/Thesis/CarMaker_test/TrafficSigns/, D:/IPG/carmaker/win64-12.0.1/TrafficSigns/
WARNING: Could not find file 3D/Vehicles/BMW_5_2017_LaneTracking.objinfo. Search paths: D:/Thesis/CarMaker_test/MovieNX/data/, D:/IPG/movienx/win64-12.0.1/bin/../data/
Loading TestRun from path D:/Thesis/CarMaker_test/Data/TestRun/Thesis/CarMaker_test
WARNING: Could not find file . Search paths: D:/Thesis/CarMaker_test/TrafficSigns/, D:/IPG/carmaker/win64-12.0.1/TrafficSigns/
WARNING: Could not find file . Search paths: D:/Thesis/CarMaker_test/TrafficSigns/, D:/IPG/carmaker/win64-12.0.1/TrafficSigns/
WARNING: Could not find file . Search paths: D:/Thesis/CarMaker_test/TrafficSigns/, D:/IPG/carmaker/win64-12.0.1/TrafficSigns/
WARNING: Could not find file . Search paths: D:/Thesis/CarMaker_test/TrafficSigns/, D:/IPG/carmaker/win64-12.0.1/TrafficSigns/
WARNING: Could not find file . Search paths: D:/Thesis/CarMaker_test/TrafficSigns/, D:/IPG/carmaker/win64-12.0.1/TrafficSigns/
WARNING: Could not find file 3D/Vehicles/BMW_5_2017_LaneTracking.objinfo. Search paths: D:/Thesis/CarMaker_test/MovieNX/data/, D:/IPG/movienx/win64-12.0.1/bin/../data/
ApoConnection: Disconnecting...
