APPLICATION	CarMaker 12.0.1 - Car_Generic #5 (win64-12.0.1)
COMPILED	jetbrains@66e0c34c4bd1 2023-05-24 12:39:25
 
		I/O Configuration: default
SIM_START	Thesis/CarMaker_test	2024-02-07 20:47:46
TIME	0.001
		Current random seed value = 1707335266
TIME	0.000
SIMULATE	Thesis/CarMaker_test

TIME	11.686
SIM_END		Thesis/CarMaker_test	11.683s	77.2759m
APPLICATION	CarMaker 12.0.1 - Car_Generic #5 (win64-12.0.1)
COMPILED	jetbrains@66e0c34c4bd1 2023-05-24 12:39:25
 
		I/O Configuration: default
SIM_START	Thesis/CarMaker_test	2024-02-07 20:54:49
TIME	0.001
		Current random seed value = 1707335689
TIME	0.000
SIMULATE	Thesis/CarMaker_test

TIME	24.114
SIM_END		Thesis/CarMaker_test	24.111s	287.889m
APPLICATION	CarMaker 12.0.1 - Car_Generic #5 (win64-12.0.1)
COMPILED	jetbrains@66e0c34c4bd1 2023-05-24 12:39:25
 
		I/O Configuration: default
SIM_START	Thesis/CarMaker_test	2024-02-07 20:57:46
TIME	0.001
		Current random seed value = 1707335866
TIME	0.000
SIMULATE	Thesis/CarMaker_test

TIME	10.303
SIM_END		Thesis/CarMaker_test	10.3s	60.316m
APPLICATION	CarMaker 12.0.1 - Car_Generic #5 (win64-12.0.1)
COMPILED	jetbrains@66e0c34c4bd1 2023-05-24 12:39:25
 
		I/O Configuration: default
SIM_START	Thesis/CarMaker_test	2024-02-07 21:00:40
TIME	0.001
		Current random seed value = 1707336040
TIME	0.000
SIMULATE	Thesis/CarMaker_test

TIME	10.303
SIM_END		Thesis/CarMaker_test	10.3s	60.316m
APPLICATION	CarMaker 12.0.1 - Car_Generic #5 (win64-12.0.1)
COMPILED	jetbrains@66e0c34c4bd1 2023-05-24 12:39:25
 
		I/O Configuration: default
SIM_START	Thesis/CarMaker_test	2024-02-08 00:17:35
TIME	0.001
		Current random seed value = 1707347855
TIME	0.000
SIMULATE	Thesis/CarMaker_test

TIME	10.303
SIM_END		Thesis/CarMaker_test	10.3s	60.316m
APPLICATION	CarMaker 12.0.1 - Car_Generic #5 (win64-12.0.1)
COMPILED	jetbrains@66e0c34c4bd1 2023-05-24 12:39:25
 
		I/O Configuration: default
SIM_START	Thesis/CarMaker_test	2024-02-08 21:11:27
TIME	0.001
		Current random seed value = 1707423087
TIME	0.000
SIMULATE	Thesis/CarMaker_test

SIM_END		Thesis/CarMaker_test	0.01s	1.79745e-05m
APPLICATION	CarMaker 12.0.1 - Car_Generic #5 (win64-12.0.1)
COMPILED	jetbrains@66e0c34c4bd1 2023-05-24 12:39:25
 
		I/O Configuration: default
SIM_START	Thesis/CarMaker_test	2024-02-08 21:15:00
TIME	0.001
		Current random seed value = 1707423300
TIME	0.000
SIMULATE	Thesis/CarMaker_test

TIME	10.303
SIM_END		Thesis/CarMaker_test	10.3s	60.316m
APPLICATION	CarMaker 12.0.1 - Car_Generic #5 (win64-12.0.1)
COMPILED	jetbrains@66e0c34c4bd1 2023-05-24 12:39:25
 
		I/O Configuration: default
SIM_START	Thesis/CarMaker_test	2024-02-08 21:16:13
TIME	0.001
		Current random seed value = 1707423373
TIME	0.000
SIMULATE	Thesis/CarMaker_test

SIM_END		Thesis/CarMaker_test	0.08s	0.00101607m
APPLICATION	CarMaker 12.0.1 - Car_Generic #5 (win64-12.0.1)
COMPILED	jetbrains@66e0c34c4bd1 2023-05-24 12:39:25
 
		I/O Configuration: default
SIM_START	Thesis/CarMaker_test	2024-02-08 21:19:53
TIME	0.001
		Current random seed value = 1707423593
TIME	0.000
SIMULATE	Thesis/CarMaker_test

SIM_END		Thesis/CarMaker_test	0.1s	0.00152732m
APPLICATION	CarMaker 12.0.1 - Car_Generic #5 (win64-12.0.1)
COMPILED	jetbrains@66e0c34c4bd1 2023-05-24 12:39:25
 
		I/O Configuration: default
SIM_START	Thesis/CarMaker_test	2024-02-08 21:20:37
TIME	0.001
		Current random seed value = 1707423637
TIME	0.000
SIMULATE	Thesis/CarMaker_test

SIM_END		Thesis/CarMaker_test	0.02s	6.83953e-05m
APPLICATION	CarMaker 12.0.1 - Car_Generic #5 (win64-12.0.1)
COMPILED	jetbrains@66e0c34c4bd1 2023-05-24 12:39:25
 
		I/O Configuration: default
SIM_START	Thesis/CarMaker_test	2024-02-08 21:21:12
TIME	0.001
		Current random seed value = 1707423672
TIME	0.000
SIMULATE	Thesis/CarMaker_test

SIM_END		Thesis/CarMaker_test	0.09s	0.00126359m
APPLICATION	CarMaker 12.0.1 - Car_Generic #5 (win64-12.0.1)
COMPILED	jetbrains@66e0c34c4bd1 2023-05-24 12:39:25
 
		I/O Configuration: default
SIM_START	Thesis/CarMaker_test	2024-02-08 21:21:46
TIME	0.001
		Current random seed value = 1707423706
TIME	0.000
SIMULATE	Thesis/CarMaker_test

SIM_END		Thesis/CarMaker_test	0.01s	1.79745e-05m
APPLICATION	CarMaker 12.0.1 - Car_Generic #5 (win64-12.0.1)
COMPILED	jetbrains@66e0c34c4bd1 2023-05-24 12:39:25
 
		I/O Configuration: default
SIM_START	Thesis/CarMaker_test	2024-02-08 21:23:19
TIME	0.001
		Current random seed value = 1707423799
TIME	0.000
SIMULATE	Thesis/CarMaker_test

SIM_END		Thesis/CarMaker_test	0.02s	6.83953e-05m
APPLICATION	CarMaker 12.0.1 - Car_Generic #5 (win64-12.0.1)
COMPILED	jetbrains@66e0c34c4bd1 2023-05-24 12:39:25
 
		I/O Configuration: default
SIM_START	Thesis/CarMaker_test	2024-02-08 21:26:17
TIME	0.001
		Current random seed value = 1707423977
TIME	0.000
SIMULATE	Thesis/CarMaker_test

SIM_END		Thesis/CarMaker_test	0.01s	1.79745e-05m
APPLICATION	CarMaker 12.0.1 - Car_Generic #5 (win64-12.0.1)
COMPILED	jetbrains@66e0c34c4bd1 2023-05-24 12:39:25
 
		I/O Configuration: default
SIM_START	Thesis/CarMaker_test	2024-02-09 01:37:38
TIME	0.001
		Current random seed value = 1707439058
TIME	0.000
SIMULATE	Thesis/CarMaker_test

SIM_END		Thesis/CarMaker_test	0.01s	1.79745e-05m
APPLICATION	CarMaker 12.0.1 - Car_Generic #5 (win64-12.0.1)
COMPILED	jetbrains@66e0c34c4bd1 2023-05-24 12:39:25
 
		I/O Configuration: default
SIM_START	Thesis/CarMaker_test	2024-02-09 01:38:08
TIME	0.001
		Current random seed value = 1707439088
TIME	0.000
SIMULATE	Thesis/CarMaker_test

SIM_END		Thesis/CarMaker_test	0.01s	1.79745e-05m
APPLICATION	CarMaker 12.0.1 - Car_Generic #5 (win64-12.0.1)
COMPILED	jetbrains@66e0c34c4bd1 2023-05-24 12:39:25
 
		I/O Configuration: default
SIM_START	Thesis/CarMaker_test	2024-02-09 01:41:08
TIME	0.001
		Current random seed value = 1707439268
TIME	0.000
SIMULATE	Thesis/CarMaker_test

SIM_END		Thesis/CarMaker_test	0s	0m
APPLICATION	CarMaker 12.0.1 - Car_Generic #5 (win64-12.0.1)
COMPILED	jetbrains@66e0c34c4bd1 2023-05-24 12:39:25
 
		I/O Configuration: default
SIM_START	Thesis/CarMaker_test	2024-02-09 01:41:56
TIME	0.001
		Current random seed value = 1707439316
TIME	0.000
SIMULATE	Thesis/CarMaker_test

SIM_END		Thesis/CarMaker_test	0s	0m
APPLICATION	CarMaker 12.0.1 - Car_Generic #5 (win64-12.0.1)
COMPILED	jetbrains@66e0c34c4bd1 2023-05-24 12:39:25
 
		I/O Configuration: default
SIM_START	Thesis/CarMaker_test	2024-02-09 01:43:32
TIME	0.001
		Current random seed value = 1707439412
TIME	0.000
SIMULATE	Thesis/CarMaker_test

SIM_END		Thesis/CarMaker_test	0.01s	1.79745e-05m
APPLICATION	CarMaker 12.0.1 - Car_Generic #5 (win64-12.0.1)
COMPILED	jetbrains@66e0c34c4bd1 2023-05-24 12:39:25
 
		I/O Configuration: default
SIM_START	Thesis/CarMaker_test	2024-02-09 01:44:11
TIME	0.001
		Current random seed value = 1707439451
TIME	0.000
SIMULATE	Thesis/CarMaker_test

SIM_END		Thesis/CarMaker_test	0.01s	1.79745e-05m
APPLICATION	CarMaker 12.0.1 - Car_Generic #5 (win64-12.0.1)
COMPILED	jetbrains@66e0c34c4bd1 2023-05-24 12:39:25
 
		I/O Configuration: default
SIM_START	Thesis/CarMaker_test	2024-02-09 01:45:29
TIME	0.001
		Current random seed value = 1707439529
TIME	0.000
SIMULATE	Thesis/CarMaker_test

SIM_END		Thesis/CarMaker_test	0.01s	1.79745e-05m
APPLICATION	CarMaker 12.0.1 - Car_Generic #5 (win64-12.0.1)
COMPILED	jetbrains@66e0c34c4bd1 2023-05-24 12:39:25
 
		I/O Configuration: default
SIM_START	Thesis/CarMaker_test	2024-02-09 01:46:25
TIME	0.001
		Current random seed value = 1707439585
TIME	0.000
SIMULATE	Thesis/CarMaker_test

SIM_END		Thesis/CarMaker_test	0.01s	1.79745e-05m
APPLICATION	CarMaker 12.0.1 - Car_Generic #5 (win64-12.0.1)
COMPILED	jetbrains@66e0c34c4bd1 2023-05-24 12:39:25
 
		I/O Configuration: default
SIM_START	Thesis/CarMaker_test	2024-02-09 01:46:59
TIME	0.001
		Current random seed value = 1707439619
TIME	0.000
SIMULATE	Thesis/CarMaker_test

SIM_END		Thesis/CarMaker_test	0.01s	1.79745e-05m
APPLICATION	CarMaker 12.0.1 - Car_Generic #5 (win64-12.0.1)
COMPILED	jetbrains@66e0c34c4bd1 2023-05-24 12:39:25
 
		I/O Configuration: default
SIM_START	Thesis/CarMaker_test	2024-02-09 01:47:58
TIME	0.001
		Current random seed value = 1707439678
TIME	0.000
SIMULATE	Thesis/CarMaker_test

SIM_END		Thesis/CarMaker_test	0.01s	1.79745e-05m
APPLICATION	CarMaker 12.0.1 - Car_Generic #5 (win64-12.0.1)
COMPILED	jetbrains@66e0c34c4bd1 2023-05-24 12:39:25
 
		I/O Configuration: default
SIM_START	Thesis/CarMaker_test	2024-02-09 01:48:34
TIME	0.001
		Current random seed value = 1707439714
TIME	0.000
SIMULATE	Thesis/CarMaker_test

SIM_END		Thesis/CarMaker_test	0.01s	1.79745e-05m
APPLICATION	CarMaker 12.0.1 - Car_Generic #5 (win64-12.0.1)
COMPILED	jetbrains@66e0c34c4bd1 2023-05-24 12:39:25
 
		I/O Configuration: default
SIM_START	Thesis/CarMaker_test	2024-02-09 01:49:23
TIME	0.001
		Current random seed value = 1707439763
TIME	0.000
SIMULATE	Thesis/CarMaker_test

SIM_END		Thesis/CarMaker_test	0.01s	1.79745e-05m
APPLICATION	CarMaker 12.0.1 - Car_Generic #5 (win64-12.0.1)
COMPILED	jetbrains@66e0c34c4bd1 2023-05-24 12:39:25
 
		I/O Configuration: default
SIM_START	Thesis/CarMaker_test	2024-02-09 01:50:41
TIME	0.001
		Current random seed value = 1707439841
TIME	0.000
SIMULATE	Thesis/CarMaker_test

SIM_END		Thesis/CarMaker_test	0.01s	1.79745e-05m
APPLICATION	CarMaker 12.0.1 - Car_Generic #5 (win64-12.0.1)
COMPILED	jetbrains@66e0c34c4bd1 2023-05-24 12:39:25
 
		I/O Configuration: default
SIM_START	Thesis/CarMaker_test	2024-02-09 01:53:48
TIME	0.001
		Current random seed value = 1707440028
TIME	0.000
SIMULATE	Thesis/CarMaker_test

SIM_END		Thesis/CarMaker_test	0.01s	1.79745e-05m
APPLICATION	CarMaker 12.0.1 - Car_Generic #5 (win64-12.0.1)
COMPILED	jetbrains@66e0c34c4bd1 2023-05-24 12:39:25
 
		I/O Configuration: default
SIM_START	Thesis/CarMaker_test	2024-02-09 01:54:51
TIME	0.001
		Current random seed value = 1707440091
TIME	0.000
SIMULATE	Thesis/CarMaker_test

SIM_END		Thesis/CarMaker_test	0.01s	1.79745e-05m
APPLICATION	CarMaker 12.0.1 - Car_Generic #5 (win64-12.0.1)
COMPILED	jetbrains@66e0c34c4bd1 2023-05-24 12:39:25
 
		I/O Configuration: default
SIM_START	Thesis/CarMaker_test	2024-02-09 01:55:37
TIME	0.001
		Current random seed value = 1707440137
TIME	0.000
SIMULATE	Thesis/CarMaker_test

SIM_END		Thesis/CarMaker_test	0.01s	1.79745e-05m
APPLICATION	CarMaker 12.0.1 - Car_Generic #5 (win64-12.0.1)
COMPILED	jetbrains@66e0c34c4bd1 2023-05-24 12:39:25
 
		I/O Configuration: default
SIM_START	Thesis/CarMaker_test	2024-02-09 01:56:40
TIME	0.001
		Current random seed value = 1707440200
TIME	0.000
SIMULATE	Thesis/CarMaker_test

SIM_END		Thesis/CarMaker_test	0.01s	1.79745e-05m
APPLICATION	CarMaker 12.0.1 - Car_Generic #5 (win64-12.0.1)
COMPILED	jetbrains@66e0c34c4bd1 2023-05-24 12:39:25
 
		I/O Configuration: default
SIM_START	Thesis/CarMaker_test	2024-02-09 01:57:21
TIME	0.001
		Current random seed value = 1707440241
TIME	0.000
SIMULATE	Thesis/CarMaker_test

SIM_END		Thesis/CarMaker_test	0.01s	1.79745e-05m
APPLICATION	CarMaker 12.0.1 - Car_Generic #5 (win64-12.0.1)
COMPILED	jetbrains@66e0c34c4bd1 2023-05-24 12:39:25
 
		I/O Configuration: default
SIM_START	Thesis/CarMaker_test	2024-02-09 02:03:22
TIME	0.001
		Current random seed value = 1707440602
TIME	0.000
SIMULATE	Thesis/CarMaker_test

SIM_END		Thesis/CarMaker_test	0.02s	6.83953e-05m
APPLICATION	CarMaker 12.0.1 - Car_Generic #5 (win64-12.0.1)
COMPILED	jetbrains@66e0c34c4bd1 2023-05-24 12:39:25
 
		I/O Configuration: default
SIM_START	Thesis/CarMaker_test	2024-02-09 02:06:21
TIME	0.001
		Current random seed value = 1707440781
TIME	0.000
SIMULATE	Thesis/CarMaker_test

SIM_END		Thesis/CarMaker_test	0.01s	1.79745e-05m
APPLICATION	CarMaker 12.0.1 - Car_Generic #5 (win64-12.0.1)
COMPILED	jetbrains@66e0c34c4bd1 2023-05-24 12:39:25
 
		I/O Configuration: default
SIM_START	Thesis/CarMaker_test	2024-02-09 02:14:25
TIME	0.001
		Current random seed value = 1707441265
TIME	0.000
SIMULATE	Thesis/CarMaker_test

SIM_END		Thesis/CarMaker_test	0.06s	0.00058537m
APPLICATION	CarMaker 12.0.1 - Car_Generic #5 (win64-12.0.1)
COMPILED	jetbrains@66e0c34c4bd1 2023-05-24 12:39:25
 
		I/O Configuration: default
SIM_START	Thesis/CarMaker_test	2024-02-09 02:15:37
TIME	0.001
		Current random seed value = 1707441337
TIME	0.000
SIMULATE	Thesis/CarMaker_test

TIME	2.621
SIM_END		Thesis/CarMaker_test	2.618s	4.97786m
APPLICATION	CarMaker 12.0.1 - Car_Generic #5 (win64-12.0.1)
COMPILED	jetbrains@66e0c34c4bd1 2023-05-24 12:39:25
 
		I/O Configuration: default
SIM_START	Thesis/CarMaker_test	2024-02-09 02:16:41
TIME	0.001
		Current random seed value = 1707441401
TIME	0.000
SIMULATE	Thesis/CarMaker_test

TIME	2.683
SIM_END		Thesis/CarMaker_test	2.68s	5.43356m
APPLICATION	CarMaker 12.0.1 - Car_Generic #5 (win64-12.0.1)
COMPILED	jetbrains@66e0c34c4bd1 2023-05-24 12:39:25
 
		I/O Configuration: default
SIM_START	Thesis/CarMaker_test	2024-02-09 02:17:39
TIME	0.001
		Current random seed value = 1707441459
TIME	0.000
SIMULATE	Thesis/CarMaker_test

SIM_END		Thesis/CarMaker_test	0.05s	0.000409834m
APPLICATION	CarMaker 12.0.1 - Car_Generic #5 (win64-12.0.1)
COMPILED	jetbrains@66e0c34c4bd1 2023-05-24 12:39:25
 
		I/O Configuration: default
SIM_START	Thesis/CarMaker_test	2024-02-09 02:23:10
TIME	0.001
		Current random seed value = 1707441790
TIME	0.000
SIMULATE	Thesis/CarMaker_test

SIM_END		Thesis/CarMaker_test	0.01s	1.79745e-05m
APPLICATION	CarMaker 12.0.1 - Car_Generic #5 (win64-12.0.1)
COMPILED	jetbrains@66e0c34c4bd1 2023-05-24 12:39:25
 
		I/O Configuration: default
SIM_START	Thesis/CarMaker_test	2024-02-09 02:24:02
TIME	0.001
		Current random seed value = 1707441842
TIME	0.000
SIMULATE	Thesis/CarMaker_test

TIME	15.766
SIM_END		Thesis/CarMaker_test	15.763s	138.454m
APPLICATION	CarMaker 12.0.1 - Car_Generic #5 (win64-12.0.1)
COMPILED	jetbrains@66e0c34c4bd1 2023-05-24 12:39:25
 
		I/O Configuration: default
SIM_START	Thesis/CarMaker_test	2024-02-09 02:27:53
TIME	0.001
		Current random seed value = 1707442073
TIME	0.000
SIMULATE	Thesis/CarMaker_test

SIM_END		Thesis/CarMaker_test	1.67s	0.702697m
APPLICATION	CarMaker 12.0.1 - Car_Generic #5 (win64-12.0.1)
COMPILED	jetbrains@66e0c34c4bd1 2023-05-24 12:39:25
 
		I/O Configuration: default
SIM_START	Thesis/CarMaker_test	2024-02-09 09:22:03
TIME	0.001
		Current random seed value = 1707466923
TIME	0.000
SIMULATE	Thesis/CarMaker_test

SIM_END		Thesis/CarMaker_test	0s	0m
APPLICATION	CarMaker 12.0.1 - Car_Generic #5 (win64-12.0.1)
COMPILED	jetbrains@66e0c34c4bd1 2023-05-24 12:39:25
 
		I/O Configuration: default
SIM_START	Thesis/CarMaker_test	2024-02-09 09:23:14
TIME	0.001
		Current random seed value = 1707466994
TIME	0.000
SIMULATE	Thesis/CarMaker_test

SIM_END		Thesis/CarMaker_test	0s	0m
APPLICATION	CarMaker 12.0.1 - Car_Generic #5 (win64-12.0.1)
COMPILED	jetbrains@66e0c34c4bd1 2023-05-24 12:39:25
 
		I/O Configuration: default
SIM_START	Thesis/CarMaker_test	2024-02-09 09:24:37
TIME	0.001
		Current random seed value = 1707467077
TIME	0.000
SIMULATE	Thesis/CarMaker_test

SIM_END		Thesis/CarMaker_test	0s	0m
APPLICATION	CarMaker 12.0.1 - Car_Generic #5 (win64-12.0.1)
COMPILED	jetbrains@66e0c34c4bd1 2023-05-24 12:39:25
 
		I/O Configuration: default
SIM_START	Thesis/CarMaker_test	2024-02-09 09:25:27
TIME	0.001
		Current random seed value = 1707467127
TIME	0.000
SIMULATE	Thesis/CarMaker_test

SIM_END		Thesis/CarMaker_test	0s	0m
APPLICATION	CarMaker 12.0.1 - Car_Generic #5 (win64-12.0.1)
COMPILED	jetbrains@66e0c34c4bd1 2023-05-24 12:39:25
 
		I/O Configuration: default
SIM_START	Thesis/CarMaker_test	2024-02-09 09:27:39
TIME	0.001
		Current random seed value = 1707467259
TIME	0.000
SIMULATE	Thesis/CarMaker_test

SIM_END		Thesis/CarMaker_test	0s	0m
APPLICATION	CarMaker 12.0.1 - Car_Generic #5 (win64-12.0.1)
COMPILED	jetbrains@66e0c34c4bd1 2023-05-24 12:39:25
 
		I/O Configuration: default
SIM_START	Thesis/CarMaker_test	2024-02-09 09:28:47
TIME	0.001
		Current random seed value = 1707467327
TIME	0.000
SIMULATE	Thesis/CarMaker_test

SIM_END		Thesis/CarMaker_test	0s	0m
APPLICATION	CarMaker 12.0.1 - Car_Generic #5 (win64-12.0.1)
COMPILED	jetbrains@66e0c34c4bd1 2023-05-24 12:39:25
 
		I/O Configuration: default
SIM_START	Thesis/CarMaker_test	2024-02-09 09:30:09
TIME	0.001
		Current random seed value = 1707467409
TIME	0.000
SIMULATE	Thesis/CarMaker_test

SIM_END		Thesis/CarMaker_test	0s	0m
APPLICATION	CarMaker 12.0.1 - Car_Generic #5 (win64-12.0.1)
COMPILED	jetbrains@66e0c34c4bd1 2023-05-24 12:39:25
 
		I/O Configuration: default
SIM_START	Thesis/CarMaker_test	2024-02-09 09:30:38
TIME	0.001
		Current random seed value = 1707467438
TIME	0.000
SIMULATE	Thesis/CarMaker_test

SIM_END		Thesis/CarMaker_test	0s	0m
APPLICATION	CarMaker 12.0.1 - Car_Generic #5 (win64-12.0.1)
COMPILED	jetbrains@66e0c34c4bd1 2023-05-24 12:39:25
 
		I/O Configuration: default
SIM_START	Thesis/CarMaker_test	2024-02-09 09:31:38
TIME	0.001
		Current random seed value = 1707467498
TIME	0.000
SIMULATE	Thesis/CarMaker_test

TIME	2.999
SIM_END		Thesis/CarMaker_test	2.996s	7.91866m
APPLICATION	CarMaker 12.0.1 - Car_Generic #5 (win64-12.0.1)
COMPILED	jetbrains@66e0c34c4bd1 2023-05-24 12:39:25
 
		I/O Configuration: default
SIM_START	Thesis/CarMaker_test	2024-02-09 09:32:54
TIME	0.001
		Current random seed value = 1707467574
TIME	0.000
SIMULATE	Thesis/CarMaker_test

TIME	2.303
SIM_END		Thesis/CarMaker_test	2.3s	2.94989m
APPLICATION	CarMaker 12.0.1 - Car_Generic #5 (win64-12.0.1)
COMPILED	jetbrains@66e0c34c4bd1 2023-05-24 12:39:25
 
		I/O Configuration: default
SIM_START	Thesis/CarMaker_test	2024-02-09 09:33:52
TIME	0.001
		Current random seed value = 1707467632
TIME	0.000
SIMULATE	Thesis/CarMaker_test

TIME	16.923
SIM_END		Thesis/CarMaker_test	16.92s	155.918m
APPLICATION	CarMaker 12.0.1 - Car_Generic #5 (win64-12.0.1)
COMPILED	jetbrains@66e0c34c4bd1 2023-05-24 12:39:25
 
		I/O Configuration: default
SIM_START	Thesis/CarMaker_test	2024-02-09 09:36:28
TIME	0.001
		Current random seed value = 1707467788
TIME	0.000
SIMULATE	Thesis/CarMaker_test

TIME	5.483
SIM_END		Thesis/CarMaker_test	5.48s	26.5804m
APPLICATION	CarMaker 12.0.1 - Car_Generic #5 (win64-12.0.1)
COMPILED	jetbrains@66e0c34c4bd1 2023-05-24 12:39:25
 
		I/O Configuration: default
SIM_START	Thesis/CarMaker_test	2024-02-09 09:37:37
TIME	0.001
		Current random seed value = 1707467857
TIME	0.000
SIMULATE	Thesis/CarMaker_test

SIM_END		Thesis/CarMaker_test	0s	0m
APPLICATION	CarMaker 12.0.1 - Car_Generic #5 (win64-12.0.1)
COMPILED	jetbrains@66e0c34c4bd1 2023-05-24 12:39:25
 
		I/O Configuration: default
SIM_START	Thesis/CarMaker_test	2024-02-09 09:38:17
TIME	0.001
		Current random seed value = 1707467897
TIME	0.000
SIMULATE	Thesis/CarMaker_test

SIM_END		Thesis/CarMaker_test	0s	0m
APPLICATION	CarMaker 12.0.1 - Car_Generic #5 (win64-12.0.1)
COMPILED	jetbrains@66e0c34c4bd1 2023-05-24 12:39:25
 
		I/O Configuration: default
SIM_START	Thesis/CarMaker_test	2024-02-09 09:39:01
TIME	0.001
		Current random seed value = 1707467941
TIME	0.000
SIMULATE	Thesis/CarMaker_test

SIM_END		Thesis/CarMaker_test	0s	0m
APPLICATION	CarMaker 12.0.1 - Car_Generic #5 (win64-12.0.1)
COMPILED	jetbrains@66e0c34c4bd1 2023-05-24 12:39:25
 
		I/O Configuration: default
SIM_START	Thesis/CarMaker_test	2024-02-09 09:39:34
TIME	0.001
		Current random seed value = 1707467974
TIME	0.000
SIMULATE	Thesis/CarMaker_test

SIM_END		Thesis/CarMaker_test	0s	0m
APPLICATION	CarMaker 12.0.1 - Car_Generic #5 (win64-12.0.1)
COMPILED	jetbrains@66e0c34c4bd1 2023-05-24 12:39:25
 
		I/O Configuration: default
SIM_START	Thesis/CarMaker_test	2024-02-09 09:41:25
TIME	0.001
		Current random seed value = 1707468085
TIME	0.000
SIMULATE	Thesis/CarMaker_test

SIM_END		Thesis/CarMaker_test	0.207s	0.00459955m
APPLICATION	CarMaker 12.0.1 - Car_Generic #5 (win64-12.0.1)
COMPILED	jetbrains@66e0c34c4bd1 2023-05-24 12:39:25
 
		I/O Configuration: default
SIM_START	Thesis/CarMaker_test	2024-02-09 09:43:25
TIME	0.001
		Current random seed value = 1707468205
TIME	0.000
SIMULATE	Thesis/CarMaker_test

TIME	2.403
SIM_END		Thesis/CarMaker_test	2.4s	3.52371m
APPLICATION	CarMaker 12.0.1 - Car_Generic #5 (win64-12.0.1)
COMPILED	jetbrains@66e0c34c4bd1 2023-05-24 12:39:25
 
		I/O Configuration: default
SIM_START	Thesis/CarMaker_test	2024-02-09 09:50:33
TIME	0.001
		Current random seed value = 1707468633
TIME	0.000
SIMULATE	Thesis/CarMaker_test

SIM_END		Thesis/CarMaker_test	0s	0m
APPLICATION	CarMaker 12.0.1 - Car_Generic #5 (win64-12.0.1)
COMPILED	jetbrains@66e0c34c4bd1 2023-05-24 12:39:25
 
		I/O Configuration: default
SIM_START	Thesis/CarMaker_test	2024-02-09 09:54:41
TIME	0.001
		Current random seed value = 1707468881
TIME	0.000
SIMULATE	Thesis/CarMaker_test

SIM_END		Thesis/CarMaker_test	0s	0m
APPLICATION	CarMaker 12.0.1 - Car_Generic #5 (win64-12.0.1)
COMPILED	jetbrains@66e0c34c4bd1 2023-05-24 12:39:25
 
		I/O Configuration: default
SIM_START	Thesis/CarMaker_test	2024-02-09 09:56:03
TIME	0.001
		Current random seed value = 1707468963
TIME	0.000
SIMULATE	Thesis/CarMaker_test

SIM_END		Thesis/CarMaker_test	0.436s	0.00821297m
APPLICATION	CarMaker 12.0.1 - Car_Generic #5 (win64-12.0.1)
COMPILED	jetbrains@66e0c34c4bd1 2023-05-24 12:39:25
 
		I/O Configuration: default
SIM_START	Thesis/CarMaker_test	2024-02-09 09:57:04
TIME	0.001
		Current random seed value = 1707469024
TIME	0.000
SIMULATE	Thesis/CarMaker_test

SIM_END		Thesis/CarMaker_test	0.76s	0.0114751m
APPLICATION	CarMaker 12.0.1 - Car_Generic #5 (win64-12.0.1)
COMPILED	jetbrains@66e0c34c4bd1 2023-05-24 12:39:25
 
		I/O Configuration: default
SIM_START	Thesis/CarMaker_test	2024-02-09 09:59:09
TIME	0.001
		Current random seed value = 1707469149
TIME	0.000
SIMULATE	Thesis/CarMaker_test

TIME	7.633
SIM_END		Thesis/CarMaker_test	7.63s	40.5849m
APPLICATION	CarMaker 12.0.1 - Car_Generic #5 (win64-12.0.1)
COMPILED	jetbrains@66e0c34c4bd1 2023-05-24 12:39:25
 
		I/O Configuration: default
SIM_START	Thesis/CarMaker_test	2024-02-09 10:01:03
TIME	0.001
		Current random seed value = 1707469263
TIME	0.000
SIMULATE	Thesis/CarMaker_test

TIME	3.403
SIM_END		Thesis/CarMaker_test	3.4s	11.2441m
APPLICATION	CarMaker 12.0.1 - Car_Generic #5 (win64-12.0.1)
COMPILED	jetbrains@66e0c34c4bd1 2023-05-24 12:39:25
 
		I/O Configuration: default
SIM_START	Thesis/CarMaker_test	2024-02-09 10:03:38
TIME	0.001
		Current random seed value = 1707469419
TIME	0.000
SIMULATE	Thesis/CarMaker_test

TIME	3.403
SIM_END		Thesis/CarMaker_test	3.4s	11.2441m
APPLICATION	CarMaker 12.0.1 - Car_Generic #5 (win64-12.0.1)
COMPILED	jetbrains@66e0c34c4bd1 2023-05-24 12:39:25
 
		I/O Configuration: default
SIM_START	Thesis/CarMaker_test	2024-02-09 10:04:55
TIME	0.001
		Current random seed value = 1707469495
TIME	0.000
SIMULATE	Thesis/CarMaker_test

TIME	3.523
SIM_END		Thesis/CarMaker_test	3.52s	12.3725m
APPLICATION	CarMaker 12.0.1 - Car_Generic #5 (win64-12.0.1)
COMPILED	jetbrains@66e0c34c4bd1 2023-05-24 12:39:25
 
		I/O Configuration: default
SIM_START	Thesis/CarMaker_test	2024-02-09 10:06:36
TIME	0.001
		Current random seed value = 1707469596
TIME	0.000
SIMULATE	Thesis/CarMaker_test

TIME	3.523
SIM_END		Thesis/CarMaker_test	3.52s	12.3725m
APPLICATION	CarMaker 12.0.1 - Car_Generic #5 (win64-12.0.1)
COMPILED	jetbrains@66e0c34c4bd1 2023-05-24 12:39:25
 
		I/O Configuration: default
SIM_START	Thesis/CarMaker_test	2024-02-09 10:08:53
TIME	0.001
		Current random seed value = 1707469733
TIME	0.000
SIMULATE	Thesis/CarMaker_test

TIME	3.523
SIM_END		Thesis/CarMaker_test	3.52s	12.3725m
APPLICATION	CarMaker 12.0.1 - Car_Generic #5 (win64-12.0.1)
COMPILED	jetbrains@66e0c34c4bd1 2023-05-24 12:39:25
 
		I/O Configuration: default
SIM_START	Thesis/CarMaker_test	2024-02-09 10:10:09
TIME	0.001
		Current random seed value = 1707469809
TIME	0.000
SIMULATE	Thesis/CarMaker_test

TIME	3.519
ERROR		Vehicle leaves road at about x=25.1121, y=-311.008 TireNo=1
SIM_ABORT	Thesis/CarMaker_test	3.522s	12.2603m
APPLICATION	CarMaker 12.0.1 - Car_Generic #5 (win64-12.0.1)
COMPILED	jetbrains@66e0c34c4bd1 2023-05-24 12:39:25
 
		I/O Configuration: default
SIM_START	Thesis/CarMaker_test	2024-02-09 10:11:21
TIME	0.001
		Current random seed value = 1707469881
TIME	0.000
SIMULATE	Thesis/CarMaker_test

TIME	3.783
SIM_END		Thesis/CarMaker_test	3.78s	14.4857m
APPLICATION	CarMaker 12.0.1 - Car_Generic #5 (win64-12.0.1)
COMPILED	jetbrains@66e0c34c4bd1 2023-05-24 12:39:25
 
		I/O Configuration: default
SIM_START	Thesis/CarMaker_test	2024-02-09 10:14:22
TIME	0.001
		Current random seed value = 1707470062
TIME	0.000
SIMULATE	Thesis/CarMaker_test

TIME	3.593
SIM_END		Thesis/CarMaker_test	3.59s	12.9486m
APPLICATION	CarMaker 12.0.1 - Car_Generic #5 (win64-12.0.1)
COMPILED	jetbrains@66e0c34c4bd1 2023-05-24 12:39:25
 
		I/O Configuration: default
SIM_START	Thesis/CarMaker_test	2024-02-09 10:16:39
TIME	0.001
		Current random seed value = 1707470199
TIME	0.000
SIMULATE	Thesis/CarMaker_test

SIM_END		Thesis/CarMaker_test	0s	0m
APPLICATION	CarMaker 12.0.1 - Car_Generic #5 (win64-12.0.1)
COMPILED	jetbrains@66e0c34c4bd1 2023-05-24 12:39:25
 
		I/O Configuration: default
SIM_START	Thesis/CarMaker_test	2024-02-09 10:17:34
TIME	0.001
		Current random seed value = 1707470254
TIME	0.000
SIMULATE	Thesis/CarMaker_test

SIM_END		Thesis/CarMaker_test	0.01s	1.79741e-05m
APPLICATION	CarMaker 12.0.1 - Car_Generic #5 (win64-12.0.1)
COMPILED	jetbrains@66e0c34c4bd1 2023-05-24 12:39:25
 
		I/O Configuration: default
SIM_START	Thesis/CarMaker_test	2024-02-09 10:18:19
TIME	0.001
		Current random seed value = 1707470299
TIME	0.000
SIMULATE	Thesis/CarMaker_test

SIM_END		Thesis/CarMaker_test	0.01s	1.79741e-05m
APPLICATION	CarMaker 12.0.1 - Car_Generic #5 (win64-12.0.1)
COMPILED	jetbrains@66e0c34c4bd1 2023-05-24 12:39:25
 
		I/O Configuration: default
SIM_START	Thesis/CarMaker_test	2024-02-09 14:13:50
TIME	0.001
		Current random seed value = 1707484430
TIME	0.000
SIMULATE	Thesis/CarMaker_test

TIME	4.203
SIM_END		Thesis/CarMaker_test	4.2s	17.7096m
APPLICATION	CarMaker 12.0.1 - Car_Generic #5 (win64-12.0.1)
COMPILED	jetbrains@66e0c34c4bd1 2023-05-24 12:39:25
 
		I/O Configuration: default
SIM_START	Thesis/CarMaker_test	2024-02-09 14:15:09
TIME	0.001
		Current random seed value = 1707484509
TIME	0.000
SIMULATE	Thesis/CarMaker_test

SIM_END		Thesis/CarMaker_test	0s	0m
APPLICATION	CarMaker 12.0.1 - Car_Generic #5 (win64-12.0.1)
COMPILED	jetbrains@66e0c34c4bd1 2023-05-24 12:39:25
 
		I/O Configuration: default
SIM_START	Thesis/CarMaker_test	2024-02-09 14:15:41
TIME	0.001
		Current random seed value = 1707484541
TIME	0.000
SIMULATE	Thesis/CarMaker_test

SIM_END		Thesis/CarMaker_test	0s	0m
APPLICATION	CarMaker 12.0.1 - Car_Generic #5 (win64-12.0.1)
COMPILED	jetbrains@66e0c34c4bd1 2023-05-24 12:39:25
 
		I/O Configuration: default
SIM_START	Thesis/CarMaker_test	2024-02-09 14:16:41
TIME	0.001
		Current random seed value = 1707484601
TIME	0.000
SIMULATE	Thesis/CarMaker_test

TIME	3.813
SIM_END		Thesis/CarMaker_test	3.81s	14.7238m
APPLICATION	CarMaker 12.0.1 - Car_Generic #5 (win64-12.0.1)
COMPILED	jetbrains@66e0c34c4bd1 2023-05-24 12:39:25
 
		I/O Configuration: default
SIM_START	Thesis/CarMaker_test	2024-02-09 14:19:05
TIME	0.001
		Current random seed value = 1707484745
TIME	0.000
SIMULATE	Thesis/CarMaker_test

TIME	3.593
SIM_END		Thesis/CarMaker_test	3.59s	12.9486m
APPLICATION	CarMaker 12.0.1 - Car_Generic #5 (win64-12.0.1)
COMPILED	jetbrains@66e0c34c4bd1 2023-05-24 12:39:25
 
		I/O Configuration: default
SIM_START	Thesis/CarMaker_test	2024-02-09 14:21:31
TIME	0.001
		Current random seed value = 1707484891
TIME	0.000
SIMULATE	Thesis/CarMaker_test

TIME	3.623
SIM_END		Thesis/CarMaker_test	3.62s	13.1944m
APPLICATION	CarMaker 12.0.1 - Car_Generic #5 (win64-12.0.1)
COMPILED	jetbrains@66e0c34c4bd1 2023-05-24 12:39:25
 
		I/O Configuration: default
SIM_START	Thesis/CarMaker_test	2024-02-09 14:23:52
TIME	0.001
		Current random seed value = 1707485032
TIME	0.000
SIMULATE	Thesis/CarMaker_test

TIME	3.623
SIM_END		Thesis/CarMaker_test	3.62s	13.1944m
APPLICATION	CarMaker 12.0.1 - Car_Generic #5 (win64-12.0.1)
COMPILED	jetbrains@66e0c34c4bd1 2023-05-24 12:39:25
 
		I/O Configuration: default
SIM_START	Thesis/CarMaker_test	2024-02-09 14:25:26
TIME	0.001
		Current random seed value = 1707485126
TIME	0.000
SIMULATE	Thesis/CarMaker_test

TIME	3.733
SIM_END		Thesis/CarMaker_test	3.73s	14.0859m
APPLICATION	CarMaker 12.0.1 - Car_Generic #5 (win64-12.0.1)
COMPILED	jetbrains@66e0c34c4bd1 2023-05-24 12:39:25
 
		I/O Configuration: default
SIM_START	Thesis/CarMaker_test	2024-02-09 14:26:21
TIME	0.001
		Current random seed value = 1707485181
TIME	0.000
SIMULATE	Thesis/CarMaker_test

TIME	3.733
SIM_END		Thesis/CarMaker_test	3.73s	14.0859m
APPLICATION	CarMaker 12.0.1 - Car_Generic #5 (win64-12.0.1)
COMPILED	jetbrains@66e0c34c4bd1 2023-05-24 12:39:25
 
		I/O Configuration: default
SIM_START	Thesis/CarMaker_test	2024-02-09 14:27:40
TIME	0.001
		Current random seed value = 1707485260
TIME	0.000
SIMULATE	Thesis/CarMaker_test

TIME	3.783
SIM_END		Thesis/CarMaker_test	3.78s	14.4857m
APPLICATION	CarMaker 12.0.1 - Car_Generic #5 (win64-12.0.1)
COMPILED	jetbrains@66e0c34c4bd1 2023-05-24 12:39:25
 
		I/O Configuration: default
SIM_START	Thesis/CarMaker_test	2024-02-09 16:46:05
TIME	0.001
		Current random seed value = 1707493565
TIME	0.000
SIMULATE	Thesis/CarMaker_test

TIME	7.633
SIM_END		Thesis/CarMaker_test	7.63s	40.5849m
APPLICATION	CarMaker 12.0.1 - Car_Generic #5 (win64-12.0.1)
COMPILED	jetbrains@66e0c34c4bd1 2023-05-24 12:39:25
 
		I/O Configuration: default
SIM_START	Thesis/CarMaker_test	2024-02-09 16:48:43
TIME	0.001
		Current random seed value = 1707493723
TIME	0.000
SIMULATE	Thesis/CarMaker_test

TIME	7.633
SIM_END		Thesis/CarMaker_test	7.63s	40.5849m
APPLICATION	CarMaker 12.0.1 - Car_Generic #5 (win64-12.0.1)
COMPILED	jetbrains@66e0c34c4bd1 2023-05-24 12:39:25
 
		I/O Configuration: default
SIM_START	Thesis/CarMaker_test	2024-02-09 16:50:08
TIME	0.001
		Current random seed value = 1707493808
TIME	0.000
SIMULATE	Thesis/CarMaker_test

TIME	7.633
SIM_END		Thesis/CarMaker_test	7.63s	40.5849m
APPLICATION	CarMaker 12.0.1 - Car_Generic #5 (win64-12.0.1)
COMPILED	jetbrains@66e0c34c4bd1 2023-05-24 12:39:25
 
		I/O Configuration: default
SIM_START	Thesis/CarMaker_test	2024-02-09 20:42:41
TIME	0.001
		Current random seed value = 1707507761
TIME	0.000
SIMULATE	Thesis/CarMaker_test

TIME	7.633
SIM_END		Thesis/CarMaker_test	7.63s	40.5849m
APPLICATION	CarMaker 12.0.1 - Car_Generic #5 (win64-12.0.1)
COMPILED	jetbrains@66e0c34c4bd1 2023-05-24 12:39:25
 
		I/O Configuration: default
SIM_START	Thesis/CarMaker_test	2024-02-09 20:46:57
TIME	0.001
		Current random seed value = 1707508017
TIME	0.000
SIMULATE	Thesis/CarMaker_test

TIME	7.573
SIM_END		Thesis/CarMaker_test	7.57s	40.1989m
APPLICATION	CarMaker 12.0.1 - Car_Generic #5 (win64-12.0.1)
COMPILED	jetbrains@66e0c34c4bd1 2023-05-24 12:39:25
 
		I/O Configuration: default
SIM_START	Thesis/CarMaker_test	2024-02-09 20:48:19
TIME	0.001
		Current random seed value = 1707508099
TIME	0.000
SIMULATE	Thesis/CarMaker_test

TIME	7.573
SIM_END		Thesis/CarMaker_test	7.57s	40.1989m
APPLICATION	CarMaker 12.0.1 - Car_Generic #5 (win64-12.0.1)
COMPILED	jetbrains@66e0c34c4bd1 2023-05-24 12:39:25
 
		I/O Configuration: default
SIM_START	Thesis/CarMaker_test	2024-02-09 20:50:38
TIME	0.001
		Current random seed value = 1707508238
TIME	0.000
SIMULATE	Thesis/CarMaker_test

TIME	7.633
SIM_END		Thesis/CarMaker_test	7.63s	40.5849m
