APPLICATION	CarMaker 12.0.1 - Car_Generic #5 (win64-12.0.1)
COMPILED	jetbrains@66e0c34c4bd1 2023-05-24 12:39:25
 
		I/O Configuration: default
SIM_START	Thesis/CarMaker_test	2023-12-22 17:47:54
TIME	0.001
		Current random seed value = 1703263674
TIME	0.000
SIMULATE	Thesis/CarMaker_test

TIME	50.003
SIM_END		Thesis/CarMaker_test	50s	943.446m
APPLICATION	CarMaker 12.0.1 - Car_Generic #5 (win64-12.0.1)
COMPILED	jetbrains@66e0c34c4bd1 2023-05-24 12:39:25
 
		I/O Configuration: default
SIM_START	Thesis/CarMaker_test	2023-12-22 17:54:35
TIME	0.001
		Current random seed value = 1703264075
TIME	0.000
SIMULATE	Thesis/CarMaker_test

TIME	10.242
SIM_END		Thesis/CarMaker_test	10.239s	147.44m
APPLICATION	CarMaker 12.0.1 - Car_Generic #5 (win64-12.0.1)
COMPILED	jetbrains@66e0c34c4bd1 2023-05-24 12:39:25
 
		I/O Configuration: default
SIM_START	Thesis/CarMaker_test	2023-12-22 17:54:55
TIME	0.001
		Current random seed value = 1703264095
TIME	0.000
SIMULATE	Thesis/CarMaker_test

TIME	5.739
SIM_END		Thesis/CarMaker_test	5.736s	57.6816m
APPLICATION	CarMaker 12.0.1 - Car_Generic #5 (win64-12.0.1)
COMPILED	jetbrains@66e0c34c4bd1 2023-05-24 12:39:25
 
		I/O Configuration: default
SIM_START	Thesis/CarMaker_test	2023-12-22 17:55:35
TIME	0.001
		Current random seed value = 1703264135
TIME	0.000
SIMULATE	Thesis/CarMaker_test

TIME	5.379
SIM_END		Thesis/CarMaker_test	5.376s	50.6369m
