APPLICATION	CarMaker 12.0.1 - Car_Generic #5 (win64-12.0.1)
COMPILED	jetbrains@66e0c34c4bd1 2023-05-24 12:39:25
 
		I/O Configuration: default
SIM_START	Thesis/CarMaker_test	2023-12-21 22:41:27
TIME	0.001
		Current random seed value = 1703194887
TIME	0.000
SIMULATE	Thesis/CarMaker_test

TIME	13.234
SIM_END		Thesis/CarMaker_test	13.231s	207.52m
APPLICATION	CarMaker 12.0.1 - Car_Generic #5 (win64-12.0.1)
COMPILED	jetbrains@66e0c34c4bd1 2023-05-24 12:39:25
 
		I/O Configuration: default
SIM_START	Thesis/CarMaker_test	2023-12-21 22:44:11
TIME	0.001
		Current random seed value = 1703195051
TIME	0.000
SIMULATE	Thesis/CarMaker_test

TIME	6.936
SIM_END		Thesis/CarMaker_test	6.933s	81.5853m
APPLICATION	CarMaker 12.0.1 - Car_Generic #5 (win64-12.0.1)
COMPILED	jetbrains@66e0c34c4bd1 2023-05-24 12:39:25
 
		I/O Configuration: default
SIM_START	Thesis/CarMaker_test	2023-12-21 22:45:49
TIME	0.001
		Current random seed value = 1703195149
TIME	0.000
SIMULATE	Thesis/CarMaker_test

TIME	4.897
SIM_END		Thesis/CarMaker_test	4.894s	41.305m
APPLICATION	CarMaker 12.0.1 - Car_Generic #5 (win64-12.0.1)
COMPILED	jetbrains@66e0c34c4bd1 2023-05-24 12:39:25
 
		I/O Configuration: default
SIM_START	Thesis/CarMaker_test	2023-12-21 22:49:18
TIME	0.001
		Current random seed value = 1703195358
TIME	0.000
SIMULATE	Thesis/CarMaker_test

TIME	10.463
SIM_END		Thesis/CarMaker_test	10.46s	152.026m
APPLICATION	CarMaker 12.0.1 - Car_Generic #5 (win64-12.0.1)
COMPILED	jetbrains@66e0c34c4bd1 2023-05-24 12:39:25
 
		I/O Configuration: default
SIM_START	Thesis/CarMaker_test	2023-12-21 22:50:10
TIME	0.001
		Current random seed value = 1703195410
TIME	0.000
SIMULATE	Thesis/CarMaker_test

TIME	7.564
SIM_END		Thesis/CarMaker_test	7.561s	94.052m
APPLICATION	CarMaker 12.0.1 - Car_Generic #5 (win64-12.0.1)
COMPILED	jetbrains@66e0c34c4bd1 2023-05-24 12:39:25
 
		I/O Configuration: default
SIM_START	Thesis/CarMaker_test	2023-12-21 22:50:52
TIME	0.001
		Current random seed value = 1703195452
TIME	0.000
SIMULATE	Thesis/CarMaker_test

TIME	9.903
SIM_END		Thesis/CarMaker_test	9.9s	140.808m
APPLICATION	CarMaker 12.0.1 - Car_Generic #5 (win64-12.0.1)
COMPILED	jetbrains@66e0c34c4bd1 2023-05-24 12:39:25
 
		I/O Configuration: default
SIM_START	Thesis/CarMaker_test	2023-12-21 22:51:32
TIME	0.001
		Current random seed value = 1703195492
TIME	0.000
SIMULATE	Thesis/CarMaker_test

TIME	8.225
SIM_END		Thesis/CarMaker_test	8.222s	107.266m
APPLICATION	CarMaker 12.0.1 - Car_Generic #5 (win64-12.0.1)
COMPILED	jetbrains@66e0c34c4bd1 2023-05-24 12:39:25
 
		I/O Configuration: default
SIM_START	Thesis/CarMaker_test	2023-12-21 22:52:13
TIME	0.001
		Current random seed value = 1703195533
TIME	0.000
SIMULATE	Thesis/CarMaker_test

TIME	7.423
SIM_END		Thesis/CarMaker_test	7.42s	91.2268m
APPLICATION	CarMaker 12.0.1 - Car_Generic #5 (win64-12.0.1)
COMPILED	jetbrains@66e0c34c4bd1 2023-05-24 12:39:25
 
		I/O Configuration: default
SIM_START	Thesis/CarMaker_test	2023-12-21 22:52:41
TIME	0.001
		Current random seed value = 1703195561
TIME	0.000
SIMULATE	Thesis/CarMaker_test

TIME	4.916
SIM_END		Thesis/CarMaker_test	4.913s	41.6805m
APPLICATION	CarMaker 12.0.1 - Car_Generic #5 (win64-12.0.1)
COMPILED	jetbrains@66e0c34c4bd1 2023-05-24 12:39:25
 
		I/O Configuration: default
SIM_START	Thesis/CarMaker_test	2023-12-21 22:53:33
TIME	0.001
		Current random seed value = 1703195613
TIME	0.000
SIMULATE	Thesis/CarMaker_test

TIME	10.438
SIM_END		Thesis/CarMaker_test	10.435s	151.507m
APPLICATION	CarMaker 12.0.1 - Car_Generic #5 (win64-12.0.1)
COMPILED	jetbrains@66e0c34c4bd1 2023-05-24 12:39:25
 
		I/O Configuration: default
SIM_START	Thesis/CarMaker_test	2023-12-21 22:54:24
TIME	0.001
		Current random seed value = 1703195664
TIME	0.000
SIMULATE	Thesis/CarMaker_test

TIME	7.082
SIM_END		Thesis/CarMaker_test	7.079s	84.353m
APPLICATION	CarMaker 12.0.1 - Car_Generic #5 (win64-12.0.1)
COMPILED	jetbrains@66e0c34c4bd1 2023-05-24 12:39:25
 
		I/O Configuration: default
SIM_START	Thesis/CarMaker_test	2023-12-21 22:54:53
TIME	0.001
		Current random seed value = 1703195693
TIME	0.000
SIMULATE	Thesis/CarMaker_test

TIME	9.661
SIM_END		Thesis/CarMaker_test	9.658s	135.916m
APPLICATION	CarMaker 12.0.1 - Car_Generic #5 (win64-12.0.1)
COMPILED	jetbrains@66e0c34c4bd1 2023-05-24 12:39:25
 
		I/O Configuration: default
SIM_START	Thesis/CarMaker_test	2023-12-21 22:57:04
TIME	0.001
		Current random seed value = 1703195824
TIME	0.000
SIMULATE	Thesis/CarMaker_test

TIME	12.931
SIM_END		Thesis/CarMaker_test	12.928s	201.398m
APPLICATION	CarMaker 12.0.1 - Car_Generic #5 (win64-12.0.1)
COMPILED	jetbrains@66e0c34c4bd1 2023-05-24 12:39:25
 
		I/O Configuration: default
		DVA read: Unknown quantity 'Sensor.Radar.VehSensor_6.Obj0.Width'
		DVA read: Unknown quantity 'Sensor.Road.VehSensor_0.Path.tx'
		DVA read: Unknown quantity 'Sensor.Road.VehSensor_0.Path.CurveXY'
		DVA read: Unknown quantity 'Sensor.Radar.VehSensor_6.Obj1.DistX'
		DVA read: Unknown quantity 'Sensor.Radar.VehSensor_6.DistToRightBorder'
		DVA read: Unknown quantity 'Sensor.Radar.VehSensor_6.DistToLeftBorder'
		DVA read: Unknown quantity 'Sensor.Radar.VehSensor_6.nObj'
		DVA read: Unknown quantity 'Sensor.Radar.VehSensor_6.Obj0.Dist'
		DVA read: Unknown quantity 'Sensor.Radar.VehSensor_6.Obj0.DistX'
		DVA read: Unknown quantity 'Sensor.Radar.VehSensor_6.Obj0.DynProp'
		DVA read: Unknown quantity 'Sensor.Object.RadarL.Obj.T00.RefPnt.r_zyx.x'
		DVA read: Unknown quantity 'Sensor.Object.RadarL.Obj.T00.RefPnt.ds.x'
		DVA read: Unknown quantity 'Sensor.Radar.VehSensor_6.Obj0.ProbObst'
		DVA read: Unknown quantity 'Sensor.Radar.VehSensor_6.Obj0.ProbExist'
		DVA read: Unknown quantity 'Sensor.Object.RadarL.relvTgt.NearPnt.ds.y'
		DVA read: Unknown quantity 'Sensor.Radar.VehSensor_6.Obj0.Length'
		DVA read: Unknown quantity 'Sensor.Radar.VehSensor_6.Obj0.MeasStat'
		DVA read: Unknown quantity 'Sensor.Radar.VehSensor_6.Obj1.Width'
SIM_START	Thesis/CarMaker_test	2023-12-21 22:58:05
TIME	0.001
		Current random seed value = 1703195885
TIME	0.000
SIMULATE	Thesis/CarMaker_test

TIME	7.901
SIM_END		Thesis/CarMaker_test	7.898s	100.739m
APPLICATION	CarMaker 12.0.1 - Car_Generic #5 (win64-12.0.1)
COMPILED	jetbrains@66e0c34c4bd1 2023-05-24 12:39:25
 
		I/O Configuration: default
		DVA read: Unknown quantity 'Sensor.Radar.VehSensor_6.Obj0.Width'
		DVA read: Unknown quantity 'Sensor.Road.VehSensor_0.Path.tx'
		DVA read: Unknown quantity 'Sensor.Road.VehSensor_0.Path.CurveXY'
		DVA read: Unknown quantity 'Sensor.Radar.VehSensor_6.Obj1.DistX'
		DVA read: Unknown quantity 'Sensor.Radar.VehSensor_6.DistToRightBorder'
		DVA read: Unknown quantity 'Sensor.Radar.VehSensor_6.DistToLeftBorder'
		DVA read: Unknown quantity 'Sensor.Radar.VehSensor_6.nObj'
		DVA read: Unknown quantity 'Sensor.Radar.VehSensor_6.Obj0.Dist'
		DVA read: Unknown quantity 'Sensor.Radar.VehSensor_6.Obj0.DistX'
		DVA read: Unknown quantity 'Sensor.Radar.VehSensor_6.Obj0.DynProp'
		DVA read: Unknown quantity 'Sensor.Object.RadarL.Obj.T00.RefPnt.r_zyx.x'
		DVA read: Unknown quantity 'Sensor.Object.RadarL.Obj.T00.RefPnt.ds.x'
		DVA read: Unknown quantity 'Sensor.Radar.VehSensor_6.Obj0.ProbObst'
		DVA read: Unknown quantity 'Sensor.Radar.VehSensor_6.Obj0.ProbExist'
		DVA read: Unknown quantity 'Sensor.Object.RadarL.relvTgt.NearPnt.ds.y'
		DVA read: Unknown quantity 'Sensor.Radar.VehSensor_6.Obj0.Length'
		DVA read: Unknown quantity 'Sensor.Radar.VehSensor_6.Obj0.MeasStat'
		DVA read: Unknown quantity 'Sensor.Radar.VehSensor_6.Obj1.Width'
SIM_START	Thesis/CarMaker_test	2023-12-21 22:59:20
TIME	0.001
		Current random seed value = 1703195960
TIME	0.000
SIMULATE	Thesis/CarMaker_test

TIME	22.901
SIM_END		Thesis/CarMaker_test	22.898s	400.837m
APPLICATION	CarMaker 12.0.1 - Car_Generic #5 (win64-12.0.1)
COMPILED	jetbrains@66e0c34c4bd1 2023-05-24 12:39:25
 
		I/O Configuration: default
SIM_START	Thesis/CarMaker_test	2023-12-21 23:00:21
TIME	0.001
		Current random seed value = 1703196021
TIME	0.000
SIMULATE	Thesis/CarMaker_test

TIME	14.956
SIM_END		Thesis/CarMaker_test	14.953s	241.99m
APPLICATION	CarMaker 12.0.1 - Car_Generic #5 (win64-12.0.1)
COMPILED	jetbrains@66e0c34c4bd1 2023-05-24 12:39:25
 
		I/O Configuration: default
SIM_START	Thesis/CarMaker_test	2023-12-21 23:02:04
TIME	0.001
		Current random seed value = 1703196124
TIME	0.000
SIMULATE	Thesis/CarMaker_test

TIME	34.033
SIM_END		Thesis/CarMaker_test	34.03s	623.406m
APPLICATION	CarMaker 12.0.1 - Car_Generic #5 (win64-12.0.1)
COMPILED	jetbrains@66e0c34c4bd1 2023-05-24 12:39:25
 
		I/O Configuration: default
SIM_START	Thesis/CarMaker_test	2023-12-21 23:03:31
TIME	0.001
		Current random seed value = 1703196211
TIME	0.000
SIMULATE	Thesis/CarMaker_test

TIME	7.721
SIM_END		Thesis/CarMaker_test	7.718s	97.2629m
APPLICATION	CarMaker 12.0.1 - Car_Generic #5 (win64-12.0.1)
COMPILED	jetbrains@66e0c34c4bd1 2023-05-24 12:39:25
 
		I/O Configuration: default
		DVA read: Unknown quantity 'Sensor.Radar.VehSensor_6.Obj0.Width'
		DVA read: Unknown quantity 'Sensor.Road.VehSensor_0.Path.tx'
		DVA read: Unknown quantity 'Sensor.Road.VehSensor_0.Path.CurveXY'
		DVA read: Unknown quantity 'Sensor.Radar.VehSensor_6.Obj1.DistX'
		DVA read: Unknown quantity 'Sensor.Radar.VehSensor_6.DistToRightBorder'
		DVA read: Unknown quantity 'Sensor.Radar.VehSensor_6.DistToLeftBorder'
		DVA read: Unknown quantity 'Sensor.Radar.VehSensor_6.nObj'
		DVA read: Unknown quantity 'Sensor.Radar.VehSensor_6.Obj0.Dist'
		DVA read: Unknown quantity 'Sensor.Radar.VehSensor_6.Obj0.DistX'
		DVA read: Unknown quantity 'Sensor.Radar.VehSensor_6.Obj0.DynProp'
		DVA read: Unknown quantity 'Sensor.Object.RadarL.Obj.T00.RefPnt.r_zyx.x'
		DVA read: Unknown quantity 'Sensor.Object.RadarL.Obj.T00.RefPnt.ds.x'
		DVA read: Unknown quantity 'Sensor.Radar.VehSensor_6.Obj0.ProbObst'
		DVA read: Unknown quantity 'Sensor.Radar.VehSensor_6.Obj0.ProbExist'
		DVA read: Unknown quantity 'Sensor.Object.RadarL.relvTgt.NearPnt.ds.y'
		DVA read: Unknown quantity 'Sensor.Radar.VehSensor_6.Obj0.Length'
		DVA read: Unknown quantity 'Sensor.Radar.VehSensor_6.Obj0.MeasStat'
		DVA read: Unknown quantity 'Sensor.Radar.VehSensor_6.Obj1.Width'
SIM_START	Thesis/CarMaker_test	2023-12-21 23:05:10
TIME	0.001
		Current random seed value = 1703196310
TIME	0.000
SIMULATE	Thesis/CarMaker_test

TIME	35.318
SIM_END		Thesis/CarMaker_test	35.315s	649.128m
APPLICATION	CarMaker 12.0.1 - Car_Generic #5 (win64-12.0.1)
COMPILED	jetbrains@66e0c34c4bd1 2023-05-24 12:39:25
 
		I/O Configuration: default
SIM_START	Thesis/CarMaker_test	2023-12-21 23:07:41
TIME	0.001
		Current random seed value = 1703196461
TIME	0.000
SIMULATE	Thesis/CarMaker_test

TIME	9.845
SIM_END		Thesis/CarMaker_test	9.842s	139.566m
APPLICATION	CarMaker 12.0.1 - Car_Generic #5 (win64-12.0.1)
COMPILED	jetbrains@66e0c34c4bd1 2023-05-24 12:39:25
 
		I/O Configuration: default
SIM_START	Thesis/CarMaker_test	2023-12-21 23:08:54
TIME	0.001
		Current random seed value = 1703196534
TIME	0.000
SIMULATE	Thesis/CarMaker_test

TIME	50.003
SIM_END		Thesis/CarMaker_test	50s	943.547m
APPLICATION	CarMaker 12.0.1 - Car_Generic #5 (win64-12.0.1)
COMPILED	jetbrains@66e0c34c4bd1 2023-05-24 12:39:25
 
		I/O Configuration: default
SIM_START	Thesis/CarMaker_test	2023-12-21 23:12:39
TIME	0.001
		Current random seed value = 1703196759
TIME	0.000
SIMULATE	Thesis/CarMaker_test

TIME	19.552
SIM_END		Thesis/CarMaker_test	19.549s	333.803m
APPLICATION	CarMaker 12.0.1 - Car_Generic #5 (win64-12.0.1)
COMPILED	jetbrains@66e0c34c4bd1 2023-05-24 12:39:25
 
		I/O Configuration: default
SIM_START	Thesis/CarMaker_test	2023-12-21 23:15:03
TIME	0.001
		Current random seed value = 1703196903
TIME	0.000
SIMULATE	Thesis/CarMaker_test

TIME	4.955
ERROR		Vehicle leaves road at about x=16.5096, y=-281.668 TireNo=1
SIM_ABORT	Thesis/CarMaker_test	4.958s	42.4389m
APPLICATION	CarMaker 12.0.1 - Car_Generic #5 (win64-12.0.1)
COMPILED	jetbrains@66e0c34c4bd1 2023-05-24 12:39:25
 
		I/O Configuration: default
SIM_START	Thesis/CarMaker_test	2023-12-21 23:16:37
TIME	0.001
		Current random seed value = 1703196997
TIME	0.000
SIMULATE	Thesis/CarMaker_test

TIME	4.680
ERROR		Vehicle leaves road at about x=18.2182, y=-286.624 TireNo=1
SIM_ABORT	Thesis/CarMaker_test	4.683s	37.2952m
APPLICATION	CarMaker 12.0.1 - Car_Generic #5 (win64-12.0.1)
COMPILED	jetbrains@66e0c34c4bd1 2023-05-24 12:39:25
 
		I/O Configuration: default
SIM_START	Thesis/CarMaker_test	2023-12-21 23:17:35
TIME	0.001
		Current random seed value = 1703197055
TIME	0.000
SIMULATE	Thesis/CarMaker_test

TIME	4.681
ERROR		Vehicle leaves road at about x=18.2132, y=-286.612 TireNo=1
SIM_ABORT	Thesis/CarMaker_test	4.684s	37.3103m
APPLICATION	CarMaker 12.0.1 - Car_Generic #5 (win64-12.0.1)
COMPILED	jetbrains@66e0c34c4bd1 2023-05-24 12:39:25
 
		I/O Configuration: default
SIM_START	Thesis/CarMaker_test	2023-12-21 23:19:36
TIME	0.001
		Current random seed value = 1703197176
TIME	0.000
SIMULATE	Thesis/CarMaker_test

TIME	4.726
ERROR		Vehicle leaves road at about x=17.9321, y=-285.789 TireNo=1
SIM_ABORT	Thesis/CarMaker_test	4.729s	38.1654m
APPLICATION	CarMaker 12.0.1 - Car_Generic #5 (win64-12.0.1)
COMPILED	jetbrains@66e0c34c4bd1 2023-05-24 12:39:25
 
		I/O Configuration: default
SIM_START	Thesis/CarMaker_test	2023-12-21 23:21:05
TIME	0.001
		Current random seed value = 1703197265
TIME	0.000
SIMULATE	Thesis/CarMaker_test

TIME	4.672
ERROR		Vehicle leaves road at about x=18.2558, y=-286.738 TireNo=1
SIM_ABORT	Thesis/CarMaker_test	4.675s	37.1752m
APPLICATION	CarMaker 12.0.1 - Car_Generic #5 (win64-12.0.1)
COMPILED	jetbrains@66e0c34c4bd1 2023-05-24 12:39:25
 
		I/O Configuration: default
SIM_START	Thesis/CarMaker_test	2023-12-21 23:22:08
TIME	0.001
		Current random seed value = 1703197328
TIME	0.000
SIMULATE	Thesis/CarMaker_test

TIME	8.262
SIM_END		Thesis/CarMaker_test	8.259s	107.917m
APPLICATION	CarMaker 12.0.1 - Car_Generic #5 (win64-12.0.1)
COMPILED	jetbrains@66e0c34c4bd1 2023-05-24 12:39:25
 
		I/O Configuration: default
SIM_START	Thesis/CarMaker_test	2023-12-21 23:23:53
TIME	0.001
		Current random seed value = 1703197433
TIME	0.000
SIMULATE	Thesis/CarMaker_test

TIME	7.364
SIM_END		Thesis/CarMaker_test	7.361s	89.9339m
APPLICATION	CarMaker 12.0.1 - Car_Generic #5 (win64-12.0.1)
COMPILED	jetbrains@66e0c34c4bd1 2023-05-24 12:39:25
 
		I/O Configuration: default
SIM_START	Thesis/CarMaker_test	2023-12-21 23:27:49
TIME	0.001
		Current random seed value = 1703197669
TIME	0.000
SIMULATE	Thesis/CarMaker_test

TIME	4.560
ERROR		Vehicle leaves road at about x=18.8982, y=-288.684 TireNo=1
SIM_ABORT	Thesis/CarMaker_test	4.563s	35.1469m
APPLICATION	CarMaker 12.0.1 - Car_Generic #5 (win64-12.0.1)
COMPILED	jetbrains@66e0c34c4bd1 2023-05-24 12:39:25
 
		I/O Configuration: default
SIM_START	Thesis/CarMaker_test	2023-12-21 23:29:01
TIME	0.001
		Current random seed value = 1703197741
TIME	0.000
SIMULATE	Thesis/CarMaker_test

TIME	7.107
SIM_END		Thesis/CarMaker_test	7.104s	84.8003m
APPLICATION	CarMaker 12.0.1 - Car_Generic #5 (win64-12.0.1)
COMPILED	jetbrains@66e0c34c4bd1 2023-05-24 12:39:25
 
		I/O Configuration: default
SIM_START	Thesis/CarMaker_test	2023-12-21 23:31:44
TIME	0.001
		Current random seed value = 1703197904
TIME	0.000
SIMULATE	Thesis/CarMaker_test

TIME	4.709
ERROR		Vehicle leaves road at about x=18.0413, y=-286.102 TireNo=1
SIM_ABORT	Thesis/CarMaker_test	4.712s	37.8246m
APPLICATION	CarMaker 12.0.1 - Car_Generic #5 (win64-12.0.1)
COMPILED	jetbrains@66e0c34c4bd1 2023-05-24 12:39:25
 
		I/O Configuration: default
SIM_START	Thesis/CarMaker_test	2023-12-21 23:32:35
TIME	0.001
		Current random seed value = 1703197955
TIME	0.000
SIMULATE	Thesis/CarMaker_test

TIME	10.222
SIM_END		Thesis/CarMaker_test	10.219s	147.124m
APPLICATION	CarMaker 12.0.1 - Car_Generic #5 (win64-12.0.1)
COMPILED	jetbrains@66e0c34c4bd1 2023-05-24 12:39:25
 
		I/O Configuration: default
SIM_START	Thesis/CarMaker_test	2023-12-21 23:33:55
TIME	0.001
		Current random seed value = 1703198035
TIME	0.000
SIMULATE	Thesis/CarMaker_test

TIME	9.900
SIM_END		Thesis/CarMaker_test	9.897s	140.657m
APPLICATION	CarMaker 12.0.1 - Car_Generic #5 (win64-12.0.1)
COMPILED	jetbrains@66e0c34c4bd1 2023-05-24 12:39:25
 
		I/O Configuration: default
SIM_START	Thesis/CarMaker_test	2023-12-21 23:34:59
TIME	0.001
		Current random seed value = 1703198099
TIME	0.000
SIMULATE	Thesis/CarMaker_test

TIME	4.684
ERROR		Vehicle leaves road at about x=18.1942, y=-286.554 TireNo=1
SIM_ABORT	Thesis/CarMaker_test	4.687s	37.3622m
APPLICATION	CarMaker 12.0.1 - Car_Generic #5 (win64-12.0.1)
COMPILED	jetbrains@66e0c34c4bd1 2023-05-24 12:39:25
 
		I/O Configuration: default
SIM_START	Thesis/CarMaker_test	2023-12-21 23:35:44
TIME	0.001
		Current random seed value = 1703198144
TIME	0.000
SIMULATE	Thesis/CarMaker_test

TIME	16.217
SIM_END		Thesis/CarMaker_test	16.214s	267.146m
APPLICATION	CarMaker 12.0.1 - Car_Generic #5 (win64-12.0.1)
COMPILED	jetbrains@66e0c34c4bd1 2023-05-24 12:39:25
 
		I/O Configuration: default
SIM_START	Thesis/CarMaker_test	2023-12-21 23:37:04
TIME	0.001
		Current random seed value = 1703198224
TIME	0.000
SIMULATE	Thesis/CarMaker_test

TIME	4.663
ERROR		Vehicle leaves road at about x=18.3162, y=-286.916 TireNo=1
SIM_ABORT	Thesis/CarMaker_test	4.666s	36.9802m
APPLICATION	CarMaker 12.0.1 - Car_Generic #5 (win64-12.0.1)
COMPILED	jetbrains@66e0c34c4bd1 2023-05-24 12:39:25
 
		I/O Configuration: default
SIM_START	Thesis/CarMaker_test	2023-12-21 23:37:57
TIME	0.001
		Current random seed value = 1703198277
TIME	0.000
SIMULATE	Thesis/CarMaker_test

TIME	6.966
SIM_END		Thesis/CarMaker_test	6.963s	82.3982m
APPLICATION	CarMaker 12.0.1 - Car_Generic #5 (win64-12.0.1)
COMPILED	jetbrains@66e0c34c4bd1 2023-05-24 12:39:25
 
		I/O Configuration: default
SIM_START	Thesis/CarMaker_test	2023-12-21 23:39:13
TIME	0.001
		Current random seed value = 1703198353
TIME	0.000
SIMULATE	Thesis/CarMaker_test

TIME	11.840
SIM_END		Thesis/CarMaker_test	11.837s	179.498m
APPLICATION	CarMaker 12.0.1 - Car_Generic #5 (win64-12.0.1)
COMPILED	jetbrains@66e0c34c4bd1 2023-05-24 12:39:25
 
		I/O Configuration: default
SIM_START	Thesis/CarMaker_test	2023-12-21 23:41:43
TIME	0.001
		Current random seed value = 1703198503
TIME	0.000
SIMULATE	Thesis/CarMaker_test

TIME	8.553
SIM_END		Thesis/CarMaker_test	8.55s	113.708m
APPLICATION	CarMaker 12.0.1 - Car_Generic #5 (win64-12.0.1)
COMPILED	jetbrains@66e0c34c4bd1 2023-05-24 12:39:25
 
		I/O Configuration: default
SIM_START	Thesis/CarMaker_test	2023-12-21 23:43:00
TIME	0.001
		Current random seed value = 1703198580
TIME	0.000
SIMULATE	Thesis/CarMaker_test

TIME	6.350
SIM_END		Thesis/CarMaker_test	6.347s	69.6997m
APPLICATION	CarMaker 12.0.1 - Car_Generic #5 (win64-12.0.1)
COMPILED	jetbrains@66e0c34c4bd1 2023-05-24 12:39:25
 
		I/O Configuration: default
SIM_START	Thesis/CarMaker_test	2023-12-21 23:44:12
TIME	0.001
		Current random seed value = 1703198652
TIME	0.000
SIMULATE	Thesis/CarMaker_test

TIME	6.062
SIM_END		Thesis/CarMaker_test	6.059s	63.948m
APPLICATION	CarMaker 12.0.1 - Car_Generic #5 (win64-12.0.1)
COMPILED	jetbrains@66e0c34c4bd1 2023-05-24 12:39:25
 
		I/O Configuration: default
SIM_START	Thesis/CarMaker_test	2023-12-21 23:45:28
TIME	0.001
		Current random seed value = 1703198729
TIME	0.000
SIMULATE	Thesis/CarMaker_test

TIME	7.617
SIM_END		Thesis/CarMaker_test	7.614s	95.0323m
APPLICATION	CarMaker 12.0.1 - Car_Generic #5 (win64-12.0.1)
COMPILED	jetbrains@66e0c34c4bd1 2023-05-24 12:39:25
 
		I/O Configuration: default
SIM_START	Thesis/CarMaker_test	2023-12-21 23:46:06
TIME	0.001
		Current random seed value = 1703198766
TIME	0.000
SIMULATE	Thesis/CarMaker_test

TIME	6.146
SIM_END		Thesis/CarMaker_test	6.143s	65.6322m
APPLICATION	CarMaker 12.0.1 - Car_Generic #5 (win64-12.0.1)
COMPILED	jetbrains@66e0c34c4bd1 2023-05-24 12:39:25
 
		I/O Configuration: default
SIM_START	Thesis/CarMaker_test	2023-12-21 23:48:29
TIME	0.001
		Current random seed value = 1703198909
TIME	0.000
SIMULATE	Thesis/CarMaker_test

TIME	7.476
SIM_END		Thesis/CarMaker_test	7.473s	97.4984m
APPLICATION	CarMaker 12.0.1 - Car_Generic #5 (win64-12.0.1)
COMPILED	jetbrains@66e0c34c4bd1 2023-05-24 12:39:25
 
		I/O Configuration: default
SIM_START	Thesis/CarMaker_test	2023-12-21 23:49:17
TIME	0.001
		Current random seed value = 1703198957
TIME	0.000
SIMULATE	Thesis/CarMaker_test

TIME	7.137
SIM_END		Thesis/CarMaker_test	7.134s	89.3504m
APPLICATION	CarMaker 12.0.1 - Car_Generic #5 (win64-12.0.1)
COMPILED	jetbrains@66e0c34c4bd1 2023-05-24 12:39:25
 
		I/O Configuration: default
SIM_START	Thesis/CarMaker_test	2023-12-21 23:50:18
TIME	0.001
		Current random seed value = 1703199018
TIME	0.000
SIMULATE	Thesis/CarMaker_test

TIME	6.495
SIM_END		Thesis/CarMaker_test	6.492s	74.326m
APPLICATION	CarMaker 12.0.1 - Car_Generic #5 (win64-12.0.1)
COMPILED	jetbrains@66e0c34c4bd1 2023-05-24 12:39:25
 
		I/O Configuration: default
SIM_START	Thesis/CarMaker_test	2023-12-21 23:52:30
TIME	0.001
		Current random seed value = 1703199150
TIME	0.000
SIMULATE	Thesis/CarMaker_test

TIME	5.960
SIM_END		Thesis/CarMaker_test	5.957s	62.5041m
APPLICATION	CarMaker 12.0.1 - Car_Generic #5 (win64-12.0.1)
COMPILED	jetbrains@66e0c34c4bd1 2023-05-24 12:39:25
 
		I/O Configuration: default
SIM_START	Thesis/CarMaker_test	2023-12-21 23:53:35
TIME	0.001
		Current random seed value = 1703199215
TIME	0.000
SIMULATE	Thesis/CarMaker_test

TIME	5.921
SIM_END		Thesis/CarMaker_test	5.918s	61.6904m
APPLICATION	CarMaker 12.0.1 - Car_Generic #5 (win64-12.0.1)
COMPILED	jetbrains@66e0c34c4bd1 2023-05-24 12:39:25
 
		I/O Configuration: default
SIM_START	Thesis/CarMaker_test	2023-12-21 23:54:28
TIME	0.001
		Current random seed value = 1703199268
TIME	0.000
SIMULATE	Thesis/CarMaker_test

TIME	5.746
SIM_END		Thesis/CarMaker_test	5.743s	57.9991m
APPLICATION	CarMaker 12.0.1 - Car_Generic #5 (win64-12.0.1)
COMPILED	jetbrains@66e0c34c4bd1 2023-05-24 12:39:25
 
		I/O Configuration: default
SIM_START	Thesis/CarMaker_test	2023-12-21 23:55:16
TIME	0.001
		Current random seed value = 1703199316
TIME	0.000
SIMULATE	Thesis/CarMaker_test

TIME	6.369
SIM_END		Thesis/CarMaker_test	6.366s	71.434m
