APPLICATION	CarMaker 12.0.1 - Car_Generic #5 (win64-12.0.1)
COMPILED	jetbrains@66e0c34c4bd1 2023-05-24 12:39:25
 
		I/O Configuration: default
SIM_START	Thesis/CarMaker_test	2023-12-22 16:10:04
TIME	0.001
		Current random seed value = 1703257804
TIME	0.000
SIMULATE	Thesis/CarMaker_test

TIME	12.666
SIM_END		Thesis/CarMaker_test	12.663s	247.675m
APPLICATION	CarMaker 12.0.1 - Car_Generic #5 (win64-12.0.1)
COMPILED	jetbrains@66e0c34c4bd1 2023-05-24 12:39:25
 
		I/O Configuration: default
SIM_START	Thesis/CarMaker_test	2023-12-22 16:10:45
TIME	0.001
		Current random seed value = 1703257845
TIME	0.000
SIMULATE	Thesis/CarMaker_test

TIME	16.581
SIM_END		Thesis/CarMaker_test	16.578s	363.751m
APPLICATION	CarMaker 12.0.1 - Car_Generic #5 (win64-12.0.1)
COMPILED	jetbrains@66e0c34c4bd1 2023-05-24 12:39:25
 
		I/O Configuration: default
SIM_START	Thesis/CarMaker_test	2023-12-22 16:11:47
TIME	0.001
		Current random seed value = 1703257907
TIME	0.000
SIMULATE	Thesis/CarMaker_test

TIME	10.560
SIM_END		Thesis/CarMaker_test	10.557s	184.929m
APPLICATION	CarMaker 12.0.1 - Car_Generic #5 (win64-12.0.1)
COMPILED	jetbrains@66e0c34c4bd1 2023-05-24 12:39:25
 
		I/O Configuration: default
SIM_START	Thesis/CarMaker_test	2023-12-22 16:13:29
TIME	0.001
		Current random seed value = 1703258009
TIME	0.000
SIMULATE	Thesis/CarMaker_test

TIME	6.700
SIM_END		Thesis/CarMaker_test	6.697s	79.5276m
APPLICATION	CarMaker 12.0.1 - Car_Generic #5 (win64-12.0.1)
COMPILED	jetbrains@66e0c34c4bd1 2023-05-24 12:39:25
 
		I/O Configuration: default
SIM_START	Thesis/CarMaker_test	2023-12-22 16:16:35
TIME	0.001
		Current random seed value = 1703258195
TIME	0.000
SIMULATE	Thesis/CarMaker_test

TIME	12.171
SIM_END		Thesis/CarMaker_test	12.168s	232.452m
APPLICATION	CarMaker 12.0.1 - Car_Generic #5 (win64-12.0.1)
COMPILED	jetbrains@66e0c34c4bd1 2023-05-24 12:39:25
 
		I/O Configuration: default
SIM_START	Thesis/CarMaker_test	2023-12-22 16:17:46
TIME	0.001
		Current random seed value = 1703258266
TIME	0.000
SIMULATE	Thesis/CarMaker_test

TIME	9.264
SIM_END		Thesis/CarMaker_test	9.261s	146.328m
APPLICATION	CarMaker 12.0.1 - Car_Generic #5 (win64-12.0.1)
COMPILED	jetbrains@66e0c34c4bd1 2023-05-24 12:39:25
 
		I/O Configuration: default
SIM_START	Thesis/CarMaker_test	2023-12-22 16:19:07
TIME	0.001
		Current random seed value = 1703258347
TIME	0.000
SIMULATE	Thesis/CarMaker_test

TIME	9.190
SIM_END		Thesis/CarMaker_test	9.187s	144.17m
APPLICATION	CarMaker 12.0.1 - Car_Generic #5 (win64-12.0.1)
COMPILED	jetbrains@66e0c34c4bd1 2023-05-24 12:39:25
 
		I/O Configuration: default
SIM_START	Thesis/CarMaker_test	2023-12-22 16:20:19
TIME	0.001
		Current random seed value = 1703258419
TIME	0.000
SIMULATE	Thesis/CarMaker_test

TIME	14.233
SIM_END		Thesis/CarMaker_test	14.23s	293.833m
APPLICATION	CarMaker 12.0.1 - Car_Generic #5 (win64-12.0.1)
COMPILED	jetbrains@66e0c34c4bd1 2023-05-24 12:39:25
 
		I/O Configuration: default
SIM_START	Thesis/CarMaker_test	2023-12-22 16:21:53
TIME	0.001
		Current random seed value = 1703258513
TIME	0.000
SIMULATE	Thesis/CarMaker_test

TIME	8.266
SIM_END		Thesis/CarMaker_test	8.263s	118.666m
APPLICATION	CarMaker 12.0.1 - Car_Generic #5 (win64-12.0.1)
COMPILED	jetbrains@66e0c34c4bd1 2023-05-24 12:39:25
 
		I/O Configuration: default
SIM_START	Thesis/CarMaker_test	2023-12-22 16:23:58
TIME	0.001
		Current random seed value = 1703258638
TIME	0.000
SIMULATE	Thesis/CarMaker_test

TIME	4.925
SIM_END		Thesis/CarMaker_test	4.922s	41.8462m
APPLICATION	CarMaker 12.0.1 - Car_Generic #5 (win64-12.0.1)
COMPILED	jetbrains@66e0c34c4bd1 2023-05-24 12:39:25
 
		I/O Configuration: default
SIM_START	Thesis/CarMaker_test	2023-12-22 16:24:27
TIME	0.001
		Current random seed value = 1703258667
TIME	0.000
SIMULATE	Thesis/CarMaker_test

TIME	11.535
SIM_END		Thesis/CarMaker_test	11.532s	213.485m
APPLICATION	CarMaker 12.0.1 - Car_Generic #5 (win64-12.0.1)
COMPILED	jetbrains@66e0c34c4bd1 2023-05-24 12:39:25
 
		I/O Configuration: default
SIM_START	Thesis/CarMaker_test	2023-12-22 16:25:55
TIME	0.001
		Current random seed value = 1703258755
TIME	0.000
SIMULATE	Thesis/CarMaker_test

TIME	7.044
SIM_END		Thesis/CarMaker_test	7.041s	87.6731m
APPLICATION	CarMaker 12.0.1 - Car_Generic #5 (win64-12.0.1)
COMPILED	jetbrains@66e0c34c4bd1 2023-05-24 12:39:25
 
		I/O Configuration: default
SIM_START	Thesis/CarMaker_test	2023-12-22 16:27:19
TIME	0.001
		Current random seed value = 1703258839
TIME	0.000
SIMULATE	Thesis/CarMaker_test

TIME	7.960
SIM_END		Thesis/CarMaker_test	7.957s	110.685m
APPLICATION	CarMaker 12.0.1 - Car_Generic #5 (win64-12.0.1)
COMPILED	jetbrains@66e0c34c4bd1 2023-05-24 12:39:25
 
		I/O Configuration: default
SIM_START	Thesis/CarMaker_test	2023-12-22 16:28:08
TIME	0.001
		Current random seed value = 1703258888
TIME	0.000
SIMULATE	Thesis/CarMaker_test

TIME	7.515
SIM_END		Thesis/CarMaker_test	7.512s	99.2136m
APPLICATION	CarMaker 12.0.1 - Car_Generic #5 (win64-12.0.1)
COMPILED	jetbrains@66e0c34c4bd1 2023-05-24 12:39:25
 
		I/O Configuration: default
SIM_START	Thesis/CarMaker_test	2023-12-22 16:28:45
TIME	0.001
		Current random seed value = 1703258925
TIME	0.000
SIMULATE	Thesis/CarMaker_test

TIME	9.833
SIM_END		Thesis/CarMaker_test	9.83s	162.882m
APPLICATION	CarMaker 12.0.1 - Car_Generic #5 (win64-12.0.1)
COMPILED	jetbrains@66e0c34c4bd1 2023-05-24 12:39:25
 
		I/O Configuration: default
SIM_START	Thesis/CarMaker_test	2023-12-22 16:30:36
TIME	0.001
		Current random seed value = 1703259036
TIME	0.000
SIMULATE	Thesis/CarMaker_test

TIME	9.142
SIM_END		Thesis/CarMaker_test	9.139s	142.846m
APPLICATION	CarMaker 12.0.1 - Car_Generic #5 (win64-12.0.1)
COMPILED	jetbrains@66e0c34c4bd1 2023-05-24 12:39:25
 
		I/O Configuration: default
SIM_START	Thesis/CarMaker_test	2023-12-22 16:32:53
TIME	0.001
		Current random seed value = 1703259173
TIME	0.000
SIMULATE	Thesis/CarMaker_test

TIME	10.689
SIM_END		Thesis/CarMaker_test	10.686s	188.309m
APPLICATION	CarMaker 12.0.1 - Car_Generic #5 (win64-12.0.1)
COMPILED	jetbrains@66e0c34c4bd1 2023-05-24 12:39:25
 
		I/O Configuration: default
SIM_START	Thesis/CarMaker_test	2023-12-22 16:34:07
TIME	0.001
		Current random seed value = 1703259247
TIME	0.000
SIMULATE	Thesis/CarMaker_test

TIME	8.334
SIM_END		Thesis/CarMaker_test	8.331s	120.48m
APPLICATION	CarMaker 12.0.1 - Car_Generic #5 (win64-12.0.1)
COMPILED	jetbrains@66e0c34c4bd1 2023-05-24 12:39:25
 
		I/O Configuration: default
SIM_START	Thesis/CarMaker_test	2023-12-22 16:35:13
TIME	0.001
		Current random seed value = 1703259313
TIME	0.000
SIMULATE	Thesis/CarMaker_test

TIME	6.910
SIM_END		Thesis/CarMaker_test	6.907s	84.4612m
APPLICATION	CarMaker 12.0.1 - Car_Generic #5 (win64-12.0.1)
COMPILED	jetbrains@66e0c34c4bd1 2023-05-24 12:39:25
 
		I/O Configuration: default
SIM_START	Thesis/CarMaker_test	2023-12-22 16:35:47
TIME	0.001
		Current random seed value = 1703259347
TIME	0.000
SIMULATE	Thesis/CarMaker_test

TIME	7.492
SIM_END		Thesis/CarMaker_test	7.489s	98.665m
APPLICATION	CarMaker 12.0.1 - Car_Generic #5 (win64-12.0.1)
COMPILED	jetbrains@66e0c34c4bd1 2023-05-24 12:39:25
 
		I/O Configuration: default
SIM_START	Thesis/CarMaker_test	2023-12-22 16:37:54
TIME	0.001
		Current random seed value = 1703259474
TIME	0.000
SIMULATE	Thesis/CarMaker_test

TIME	8.854
SIM_END		Thesis/CarMaker_test	8.851s	135.14m
APPLICATION	CarMaker 12.0.1 - Car_Generic #5 (win64-12.0.1)
COMPILED	jetbrains@66e0c34c4bd1 2023-05-24 12:39:25
 
		I/O Configuration: default
SIM_START	Thesis/CarMaker_test	2023-12-22 16:41:44
TIME	0.001
		Current random seed value = 1703259704
TIME	0.000
SIMULATE	Thesis/CarMaker_test

TIME	20.747
SIM_END		Thesis/CarMaker_test	20.744s	494.201m
APPLICATION	CarMaker 12.0.1 - Car_Generic #5 (win64-12.0.1)
COMPILED	jetbrains@66e0c34c4bd1 2023-05-24 12:39:25
 
		I/O Configuration: default
SIM_START	Thesis/CarMaker_test	2023-12-22 16:42:56
TIME	0.001
		Current random seed value = 1703259776
TIME	0.000
SIMULATE	Thesis/CarMaker_test

TIME	5.760
SIM_END		Thesis/CarMaker_test	5.757s	59.2266m
APPLICATION	CarMaker 12.0.1 - Car_Generic #5 (win64-12.0.1)
COMPILED	jetbrains@66e0c34c4bd1 2023-05-24 12:39:25
 
		I/O Configuration: default
SIM_START	Thesis/CarMaker_test	2023-12-22 16:44:35
TIME	0.001
		Current random seed value = 1703259875
TIME	0.000
SIMULATE	Thesis/CarMaker_test

TIME	7.439
SIM_END		Thesis/CarMaker_test	7.436s	97.6215m
APPLICATION	CarMaker 12.0.1 - Car_Generic #5 (win64-12.0.1)
COMPILED	jetbrains@66e0c34c4bd1 2023-05-24 12:39:25
 
		I/O Configuration: default
SIM_START	Thesis/CarMaker_test	2023-12-22 16:46:11
TIME	0.001
		Current random seed value = 1703259971
TIME	0.000
SIMULATE	Thesis/CarMaker_test

TIME	11.012
SIM_END		Thesis/CarMaker_test	11.009s	198.413m
APPLICATION	CarMaker 12.0.1 - Car_Generic #5 (win64-12.0.1)
COMPILED	jetbrains@66e0c34c4bd1 2023-05-24 12:39:25
 
		I/O Configuration: default
SIM_START	Thesis/CarMaker_test	2023-12-22 16:47:43
TIME	0.001
		Current random seed value = 1703260063
TIME	0.000
SIMULATE	Thesis/CarMaker_test

TIME	11.964
SIM_END		Thesis/CarMaker_test	11.961s	226.812m
APPLICATION	CarMaker 12.0.1 - Car_Generic #5 (win64-12.0.1)
COMPILED	jetbrains@66e0c34c4bd1 2023-05-24 12:39:25
 
		I/O Configuration: default
SIM_START	Thesis/CarMaker_test	2023-12-22 16:48:31
TIME	0.001
		Current random seed value = 1703260111
TIME	0.000
SIMULATE	Thesis/CarMaker_test

TIME	11.298
SIM_END		Thesis/CarMaker_test	11.295s	206.957m
APPLICATION	CarMaker 12.0.1 - Car_Generic #5 (win64-12.0.1)
COMPILED	jetbrains@66e0c34c4bd1 2023-05-24 12:39:25
 
		I/O Configuration: default
SIM_START	Thesis/CarMaker_test	2023-12-22 16:49:49
TIME	0.001
		Current random seed value = 1703260189
TIME	0.000
SIMULATE	Thesis/CarMaker_test

TIME	8.196
SIM_END		Thesis/CarMaker_test	8.193s	117.17m
APPLICATION	CarMaker 12.0.1 - Car_Generic #5 (win64-12.0.1)
COMPILED	jetbrains@66e0c34c4bd1 2023-05-24 12:39:25
 
		I/O Configuration: default
SIM_START	Thesis/CarMaker_test	2023-12-22 16:51:14
TIME	0.001
		Current random seed value = 1703260274
TIME	0.000
SIMULATE	Thesis/CarMaker_test

TIME	26.479
SIM_END		Thesis/CarMaker_test	26.476s	658.653m
APPLICATION	CarMaker 12.0.1 - Car_Generic #5 (win64-12.0.1)
COMPILED	jetbrains@66e0c34c4bd1 2023-05-24 12:39:25
 
		I/O Configuration: default
SIM_START	Thesis/CarMaker_test	2023-12-22 16:52:51
TIME	0.001
		Current random seed value = 1703260371
TIME	0.000
SIMULATE	Thesis/CarMaker_test

TIME	36.611
SIM_END		Thesis/CarMaker_test	36.611s	961.504m
APPLICATION	CarMaker 12.0.1 - Car_Generic #5 (win64-12.0.1)
COMPILED	jetbrains@66e0c34c4bd1 2023-05-24 12:39:25
 
		I/O Configuration: default
SIM_START	Thesis/CarMaker_test	2023-12-22 16:54:18
TIME	0.001
		Current random seed value = 1703260458
TIME	0.000
SIMULATE	Thesis/CarMaker_test

TIME	36.610
SIM_END		Thesis/CarMaker_test	36.61s	961.519m
APPLICATION	CarMaker 12.0.1 - Car_Generic #5 (win64-12.0.1)
COMPILED	jetbrains@66e0c34c4bd1 2023-05-24 12:39:25
 
		I/O Configuration: default
SIM_START	Thesis/CarMaker_test	2023-12-22 16:56:31
TIME	0.001
		Current random seed value = 1703260591
TIME	0.000
SIMULATE	Thesis/CarMaker_test

TIME	15.587
SIM_END		Thesis/CarMaker_test	15.584s	334.645m
APPLICATION	CarMaker 12.0.1 - Car_Generic #5 (win64-12.0.1)
COMPILED	jetbrains@66e0c34c4bd1 2023-05-24 12:39:25
 
		I/O Configuration: default
SIM_START	Thesis/CarMaker_test	2023-12-22 17:20:14
TIME	0.001
		Current random seed value = 1703262014
TIME	0.000
SIMULATE	Thesis/CarMaker_test

TIME	11.330
SIM_END		Thesis/CarMaker_test	11.327s	200.35m
APPLICATION	CarMaker 12.0.1 - Car_Generic #5 (win64-12.0.1)
COMPILED	jetbrains@66e0c34c4bd1 2023-05-24 12:39:25
 
		I/O Configuration: default
SIM_START	Thesis/CarMaker_test	2023-12-22 17:23:34
TIME	0.001
		Current random seed value = 1703262214
TIME	0.000
SIMULATE	Thesis/CarMaker_test

TIME	13.809
SIM_END		Thesis/CarMaker_test	13.806s	277.412m
APPLICATION	CarMaker 12.0.1 - Car_Generic #5 (win64-12.0.1)
COMPILED	jetbrains@66e0c34c4bd1 2023-05-24 12:39:25
 
		I/O Configuration: default
SIM_START	Thesis/CarMaker_test	2023-12-22 17:28:05
TIME	0.001
		Current random seed value = 1703262485
TIME	0.000
SIMULATE	Thesis/CarMaker_test

TIME	13.534
SIM_END		Thesis/CarMaker_test	13.531s	212.939m
APPLICATION	CarMaker 12.0.1 - Car_Generic #5 (win64-12.0.1)
COMPILED	jetbrains@66e0c34c4bd1 2023-05-24 12:39:25
 
		I/O Configuration: default
SIM_START	Thesis/CarMaker_test	2023-12-22 17:29:00
TIME	0.001
		Current random seed value = 1703262540
TIME	0.000
SIMULATE	Thesis/CarMaker_test

TIME	19.473
SIM_END		Thesis/CarMaker_test	19.47s	331.878m
APPLICATION	CarMaker 12.0.1 - Car_Generic #5 (win64-12.0.1)
COMPILED	jetbrains@66e0c34c4bd1 2023-05-24 12:39:25
 
		I/O Configuration: default
SIM_START	Thesis/CarMaker_test	2023-12-22 17:30:43
TIME	0.001
		Current random seed value = 1703262643
TIME	0.000
SIMULATE	Thesis/CarMaker_test

TIME	9.361
SIM_END		Thesis/CarMaker_test	9.358s	129.814m
