APPLICATION	CarMaker 12.0.1 - Car_Generic #5 (win64-12.0.1)
COMPILED	jetbrains@66e0c34c4bd1 2023-05-24 12:39:25
 
		I/O Configuration: default
SIM_START	Thesis/CarMaker_test	2023-12-30 14:22:21
TIME	0.001
		Current random seed value = 1703942541
TIME	0.000
SIMULATE	Thesis/CarMaker_test

TIME	47.412
SIM_END		Thesis/CarMaker_test	47.409s	944.9m
APPLICATION	CarMaker 12.0.1 - Car_Generic #5 (win64-12.0.1)
COMPILED	jetbrains@66e0c34c4bd1 2023-05-24 12:39:25
 
		I/O Configuration: default
SIM_START	Thesis/CarMaker_test	2023-12-30 14:24:47
TIME	0.001
		Current random seed value = 1703942687
TIME	0.000
SIMULATE	Thesis/CarMaker_test

TIME	64.393
SIM_END		Thesis/CarMaker_test	64.39s	948.167m
APPLICATION	CarMaker 12.0.1 - Car_Generic #5 (win64-12.0.1)
COMPILED	jetbrains@66e0c34c4bd1 2023-05-24 12:39:25
 
		I/O Configuration: default
SIM_START	Thesis/CarMaker_test	2023-12-30 14:28:08
TIME	0.001
		Current random seed value = 1703942888
TIME	0.000
SIMULATE	Thesis/CarMaker_test

TIME	36.315
SIM_END		Thesis/CarMaker_test	36.312s	874.343m
APPLICATION	CarMaker 12.0.1 - Car_Generic #5 (win64-12.0.1)
COMPILED	jetbrains@66e0c34c4bd1 2023-05-24 12:39:25
 
		I/O Configuration: default
SIM_START	Thesis/CarMaker_test	2023-12-30 14:29:45
TIME	0.001
		Current random seed value = 1703942985
TIME	0.000
SIMULATE	Thesis/CarMaker_test

TIME	35.755
SIM_END		Thesis/CarMaker_test	35.752s	864.222m
APPLICATION	CarMaker 12.0.1 - Car_Generic #5 (win64-12.0.1)
COMPILED	jetbrains@66e0c34c4bd1 2023-05-24 12:39:25
 
		I/O Configuration: default
SIM_START	Thesis/CarMaker_test	2023-12-30 14:31:44
TIME	0.001
		Current random seed value = 1703943104
TIME	0.000
SIMULATE	Thesis/CarMaker_test

TIME	49.049
SIM_END		Thesis/CarMaker_test	49.046s	945.05m
APPLICATION	CarMaker 12.0.1 - Car_Generic #5 (win64-12.0.1)
COMPILED	jetbrains@66e0c34c4bd1 2023-05-24 12:39:25
 
		I/O Configuration: default
SIM_START	Thesis/CarMaker_test	2023-12-30 14:34:37
TIME	0.001
		Current random seed value = 1703943277
TIME	0.000
SIMULATE	Thesis/CarMaker_test

TIME	46.430
SIM_END		Thesis/CarMaker_test	46.427s	944.786m
APPLICATION	CarMaker 12.0.1 - Car_Generic #5 (win64-12.0.1)
COMPILED	jetbrains@66e0c34c4bd1 2023-05-24 12:39:25
 
		I/O Configuration: default
SIM_START	Thesis/CarMaker_test	2023-12-30 14:38:12
TIME	0.001
		Current random seed value = 1703943492
TIME	0.000
SIMULATE	Thesis/CarMaker_test

TIME	42.110
SIM_END		Thesis/CarMaker_test	42.107s	936.933m
APPLICATION	CarMaker 12.0.1 - Car_Generic #5 (win64-12.0.1)
COMPILED	jetbrains@66e0c34c4bd1 2023-05-24 12:39:25
 
		I/O Configuration: default
SIM_START	Thesis/CarMaker_test	2023-12-30 14:40:21
TIME	0.001
		Current random seed value = 1703943621
TIME	0.000
SIMULATE	Thesis/CarMaker_test

TIME	42.233
SIM_END		Thesis/CarMaker_test	42.23s	939.232m
APPLICATION	CarMaker 12.0.1 - Car_Generic #5 (win64-12.0.1)
COMPILED	jetbrains@66e0c34c4bd1 2023-05-24 12:39:25
 
		I/O Configuration: default
SIM_START	Thesis/CarMaker_test	2023-12-30 14:42:14
TIME	0.001
		Current random seed value = 1703943734
TIME	0.000
SIMULATE	Thesis/CarMaker_test

TIME	47.611
SIM_END		Thesis/CarMaker_test	47.608s	944.836m
APPLICATION	CarMaker 12.0.1 - Car_Generic #5 (win64-12.0.1)
COMPILED	jetbrains@66e0c34c4bd1 2023-05-24 12:39:25
 
		I/O Configuration: default
SIM_START	Thesis/CarMaker_test	2023-12-30 14:44:00
TIME	0.001
		Current random seed value = 1703943840
TIME	0.000
SIMULATE	Thesis/CarMaker_test

TIME	40.598
SIM_END		Thesis/CarMaker_test	40.595s	928.293m
APPLICATION	CarMaker 12.0.1 - Car_Generic #5 (win64-12.0.1)
COMPILED	jetbrains@66e0c34c4bd1 2023-05-24 12:39:25
 
		I/O Configuration: default
SIM_START	Thesis/CarMaker_test	2023-12-30 14:45:48
TIME	0.001
		Current random seed value = 1703943948
TIME	0.000
SIMULATE	Thesis/CarMaker_test

TIME	49.721
SIM_END		Thesis/CarMaker_test	49.718s	944.096m
APPLICATION	CarMaker 12.0.1 - Car_Generic #5 (win64-12.0.1)
COMPILED	jetbrains@66e0c34c4bd1 2023-05-24 12:39:25
 
		I/O Configuration: default
SIM_START	Thesis/CarMaker_test	2023-12-30 14:47:31
TIME	0.001
		Current random seed value = 1703944051
TIME	0.000
SIMULATE	Thesis/CarMaker_test

TIME	42.870
SIM_END		Thesis/CarMaker_test	42.87s	960.685m
APPLICATION	CarMaker 12.0.1 - Car_Generic #5 (win64-12.0.1)
COMPILED	jetbrains@66e0c34c4bd1 2023-05-24 12:39:25
 
		I/O Configuration: default
SIM_START	Thesis/CarMaker_test	2023-12-30 14:49:42
TIME	0.001
		Current random seed value = 1703944182
TIME	0.000
SIMULATE	Thesis/CarMaker_test

TIME	48.779
SIM_END		Thesis/CarMaker_test	48.776s	944.527m
APPLICATION	CarMaker 12.0.1 - Car_Generic #5 (win64-12.0.1)
COMPILED	jetbrains@66e0c34c4bd1 2023-05-24 12:39:25
 
		I/O Configuration: default
SIM_START	Thesis/CarMaker_test	2023-12-30 14:55:22
TIME	0.001
		Current random seed value = 1703944522
TIME	0.000
SIMULATE	Thesis/CarMaker_test

TIME	45.986
SIM_END		Thesis/CarMaker_test	45.983s	945.718m
APPLICATION	CarMaker 12.0.1 - Car_Generic #5 (win64-12.0.1)
COMPILED	jetbrains@66e0c34c4bd1 2023-05-24 12:39:25
 
		I/O Configuration: default
SIM_START	Thesis/CarMaker_test	2023-12-30 14:58:55
TIME	0.001
		Current random seed value = 1703944735
TIME	0.000
SIMULATE	Thesis/CarMaker_test

TIME	45.837
SIM_END		Thesis/CarMaker_test	45.834s	945.923m
APPLICATION	CarMaker 12.0.1 - Car_Generic #5 (win64-12.0.1)
COMPILED	jetbrains@66e0c34c4bd1 2023-05-24 12:39:25
 
		I/O Configuration: default
SIM_START	Thesis/CarMaker_test	2023-12-30 15:02:04
TIME	0.001
		Current random seed value = 1703944924
TIME	0.000
SIMULATE	Thesis/CarMaker_test

TIME	42.695
SIM_END		Thesis/CarMaker_test	42.692s	946.308m
APPLICATION	CarMaker 12.0.1 - Car_Generic #5 (win64-12.0.1)
COMPILED	jetbrains@66e0c34c4bd1 2023-05-24 12:39:25
 
		I/O Configuration: default
SIM_START	Thesis/CarMaker_test	2023-12-30 15:03:21
TIME	0.001
		Current random seed value = 1703945001
TIME	0.000
SIMULATE	Thesis/CarMaker_test

TIME	36.086
SIM_END		Thesis/CarMaker_test	36.086s	961.927m
APPLICATION	CarMaker 12.0.1 - Car_Generic #5 (win64-12.0.1)
COMPILED	jetbrains@66e0c34c4bd1 2023-05-24 12:39:25
 
		I/O Configuration: default
SIM_START	Thesis/CarMaker_test	2023-12-30 15:04:44
TIME	0.001
		Current random seed value = 1703945084
TIME	0.000
SIMULATE	Thesis/CarMaker_test

TIME	150.003
SIM_END		Thesis/CarMaker_test	150s	947.036m
APPLICATION	CarMaker 12.0.1 - Car_Generic #5 (win64-12.0.1)
COMPILED	jetbrains@66e0c34c4bd1 2023-05-24 12:39:25
 
		I/O Configuration: default
SIM_START	Thesis/CarMaker_test	2023-12-31 00:05:47
TIME	0.001
		Current random seed value = 1703977547
TIME	0.000
SIMULATE	Thesis/CarMaker_test

TIME	43.291
SIM_END		Thesis/CarMaker_test	43.291s	960.938m
