APPLICATION	CarMaker 12.0.1 - Car_Generic #5 (win64-12.0.1)
COMPILED	jetbrains@66e0c34c4bd1 2023-05-24 12:39:25
 
		I/O Configuration: default
SIM_START	Thesis/CarMaker_test	2024-02-07 10:36:46
TIME	0.001
		Current random seed value = 1707298606
TIME	0.000
SIMULATE	Thesis/CarMaker_test

TIME	44.523
SIM_END		Thesis/CarMaker_test	44.52s	492.507m
APPLICATION	CarMaker 12.0.1 - Car_Generic #5 (win64-12.0.1)
COMPILED	jetbrains@66e0c34c4bd1 2023-05-24 12:39:25
 
		I/O Configuration: default
SIM_START	Thesis/CarMaker_test	2024-02-07 10:43:17
TIME	0.001
		Current random seed value = 1707298997
TIME	0.000
SIMULATE	Thesis/CarMaker_test

TIME	50.003
SIM_END		Thesis/CarMaker_test	50s	574.878m
APPLICATION	CarMaker 12.0.1 - Car_Generic #5 (win64-12.0.1)
COMPILED	jetbrains@66e0c34c4bd1 2023-05-24 12:39:25
 
		I/O Configuration: default
SIM_START	Thesis/CarMaker_test	2024-02-07 10:46:23
TIME	0.001
		Current random seed value = 1707299183
TIME	0.000
SIMULATE	Thesis/CarMaker_test

TIME	37.583
SIM_END		Thesis/CarMaker_test	37.58s	393.855m
APPLICATION	CarMaker 12.0.1 - Car_Generic #5 (win64-12.0.1)
COMPILED	jetbrains@66e0c34c4bd1 2023-05-24 12:39:25
 
		I/O Configuration: default
SIM_START	Thesis/CarMaker_test	2024-02-07 10:54:56
TIME	0.001
		Current random seed value = 1707299696
TIME	0.000
SIMULATE	Thesis/CarMaker_test

TIME	10.336
SIM_END		Thesis/CarMaker_test	10.333s	60.6563m
APPLICATION	CarMaker 12.0.1 - Car_Generic #5 (win64-12.0.1)
COMPILED	jetbrains@66e0c34c4bd1 2023-05-24 12:39:25
 
		I/O Configuration: default
SIM_START	Thesis/CarMaker_test	2024-02-07 11:00:23
TIME	0.001
		Current random seed value = 1707300023
TIME	0.000
SIMULATE	Thesis/CarMaker_test

TIME	18.363
SIM_END		Thesis/CarMaker_test	18.36s	177.64m
APPLICATION	CarMaker 12.0.1 - Car_Generic #5 (win64-12.0.1)
COMPILED	jetbrains@66e0c34c4bd1 2023-05-24 12:39:25
 
		I/O Configuration: default
SIM_START	Thesis/CarMaker_test	2024-02-07 11:01:50
TIME	0.001
		Current random seed value = 1707300110
TIME	0.000
SIMULATE	Thesis/CarMaker_test

TIME	4.838
SIM_END		Thesis/CarMaker_test	4.835s	22.1883m
APPLICATION	CarMaker 12.0.1 - Car_Generic #5 (win64-12.0.1)
COMPILED	jetbrains@66e0c34c4bd1 2023-05-24 12:39:25
 
		I/O Configuration: default
SIM_START	Thesis/CarMaker_test	2024-02-07 11:02:36
TIME	0.001
		Current random seed value = 1707300156
TIME	0.000
SIMULATE	Thesis/CarMaker_test

TIME	24.536
SIM_END		Thesis/CarMaker_test	24.533s	261.574m
APPLICATION	CarMaker 12.0.1 - Car_Generic #5 (win64-12.0.1)
COMPILED	jetbrains@66e0c34c4bd1 2023-05-24 12:39:25
 
		I/O Configuration: default
SIM_START	Thesis/CarMaker_test	2024-02-07 11:04:22
TIME	0.001
		Current random seed value = 1707300262
TIME	0.000
SIMULATE	Thesis/CarMaker_test

TIME	6.544
SIM_END		Thesis/CarMaker_test	6.541s	33.5575m
APPLICATION	CarMaker 12.0.1 - Car_Generic #5 (win64-12.0.1)
COMPILED	jetbrains@66e0c34c4bd1 2023-05-24 12:39:25
 
		I/O Configuration: default
SIM_START	Thesis/CarMaker_test	2024-02-07 11:05:03
TIME	0.001
		Current random seed value = 1707300303
TIME	0.000
SIMULATE	Thesis/CarMaker_test

TIME	13.453
SIM_END		Thesis/CarMaker_test	13.45s	103.595m
APPLICATION	CarMaker 12.0.1 - Car_Generic #5 (win64-12.0.1)
COMPILED	jetbrains@66e0c34c4bd1 2023-05-24 12:39:25
 
		I/O Configuration: default
SIM_START	Thesis/CarMaker_test	2024-02-07 11:06:04
TIME	0.001
		Current random seed value = 1707300364
TIME	0.000
SIMULATE	Thesis/CarMaker_test

TIME	9.233
SIM_END		Thesis/CarMaker_test	9.23s	51.0021m
APPLICATION	CarMaker 12.0.1 - Car_Generic #5 (win64-12.0.1)
COMPILED	jetbrains@66e0c34c4bd1 2023-05-24 12:39:25
 
		I/O Configuration: default
SIM_START	Thesis/CarMaker_test	2024-02-07 11:06:51
TIME	0.001
		Current random seed value = 1707300411
TIME	0.000
SIMULATE	Thesis/CarMaker_test

TIME	37.238
SIM_END		Thesis/CarMaker_test	37.235s	390.439m
APPLICATION	CarMaker 12.0.1 - Car_Generic #5 (win64-12.0.1)
COMPILED	jetbrains@66e0c34c4bd1 2023-05-24 12:39:25
 
		I/O Configuration: default
SIM_START	Thesis/CarMaker_test	2024-02-07 11:09:58
TIME	0.001
		Current random seed value = 1707300598
TIME	0.000
SIMULATE	Thesis/CarMaker_test

TIME	4.056
SIM_END		Thesis/CarMaker_test	4.053s	16.5662m
APPLICATION	CarMaker 12.0.1 - Car_Generic #5 (win64-12.0.1)
COMPILED	jetbrains@66e0c34c4bd1 2023-05-24 12:39:25
 
		I/O Configuration: default
SIM_START	Thesis/CarMaker_test	2024-02-07 11:10:30
TIME	0.001
		Current random seed value = 1707300630
TIME	0.000
SIMULATE	Thesis/CarMaker_test

TIME	14.287
SIM_END		Thesis/CarMaker_test	14.284s	116.155m
APPLICATION	CarMaker 12.0.1 - Car_Generic #5 (win64-12.0.1)
COMPILED	jetbrains@66e0c34c4bd1 2023-05-24 12:39:25
 
		I/O Configuration: default
SIM_START	Thesis/CarMaker_test	2024-02-07 11:11:43
TIME	0.001
		Current random seed value = 1707300703
TIME	0.000
SIMULATE	Thesis/CarMaker_test

TIME	15.904
SIM_END		Thesis/CarMaker_test	15.901s	140.537m
APPLICATION	CarMaker 12.0.1 - Car_Generic #5 (win64-12.0.1)
COMPILED	jetbrains@66e0c34c4bd1 2023-05-24 12:39:25
 
		I/O Configuration: default
SIM_START	Thesis/CarMaker_test	2024-02-07 11:12:42
TIME	0.001
		Current random seed value = 1707300762
TIME	0.000
SIMULATE	Thesis/CarMaker_test

TIME	50.003
SIM_END		Thesis/CarMaker_test	50s	574.878m
APPLICATION	CarMaker 12.0.1 - Car_Generic #5 (win64-12.0.1)
COMPILED	jetbrains@66e0c34c4bd1 2023-05-24 12:39:25
 
		I/O Configuration: default
SIM_START	Thesis/CarMaker_test	2024-02-07 11:37:19
TIME	0.001
		Current random seed value = 1707302239
TIME	0.000
SIMULATE	Thesis/CarMaker_test

TIME	4.587
SIM_END		Thesis/CarMaker_test	4.584s	20.429m
APPLICATION	CarMaker 12.0.1 - Car_Generic #5 (win64-12.0.1)
COMPILED	jetbrains@66e0c34c4bd1 2023-05-24 12:39:25
 
		I/O Configuration: default
SIM_START	Thesis/CarMaker_test	2024-02-07 11:39:43
TIME	0.001
		Current random seed value = 1707302383
TIME	0.000
SIMULATE	Thesis/CarMaker_test

TIME	9.568
SIM_END		Thesis/CarMaker_test	9.565s	53.5453m
APPLICATION	CarMaker 12.0.1 - Car_Generic #5 (win64-12.0.1)
COMPILED	jetbrains@66e0c34c4bd1 2023-05-24 12:39:25
 
		I/O Configuration: default
SIM_START	Thesis/CarMaker_test	2024-02-07 11:42:17
TIME	0.001
		Current random seed value = 1707302537
TIME	0.000
SIMULATE	Thesis/CarMaker_test

TIME	28.432
SIM_END		Thesis/CarMaker_test	28.429s	302.928m
APPLICATION	CarMaker 12.0.1 - Car_Generic #5 (win64-12.0.1)
COMPILED	jetbrains@66e0c34c4bd1 2023-05-24 12:39:25
 
		I/O Configuration: default
SIM_START	Thesis/CarMaker_test	2024-02-07 11:46:10
TIME	0.001
		Current random seed value = 1707302770
TIME	0.000
SIMULATE	Thesis/CarMaker_test

TIME	3.774
SIM_END		Thesis/CarMaker_test	3.771s	14.3798m
APPLICATION	CarMaker 12.0.1 - Car_Generic #5 (win64-12.0.1)
COMPILED	jetbrains@66e0c34c4bd1 2023-05-24 12:39:25
 
		I/O Configuration: default
SIM_START	Thesis/CarMaker_test	2024-02-07 11:49:08
TIME	0.001
		Current random seed value = 1707302948
TIME	0.000
SIMULATE	Thesis/CarMaker_test

TIME	3.783
SIM_END		Thesis/CarMaker_test	3.78s	14.4514m
APPLICATION	CarMaker 12.0.1 - Car_Generic #5 (win64-12.0.1)
COMPILED	jetbrains@66e0c34c4bd1 2023-05-24 12:39:25
 
		I/O Configuration: default
SIM_START	Thesis/CarMaker_test	2024-02-07 11:51:49
TIME	0.001
		Current random seed value = 1707303109
TIME	0.000
SIMULATE	Thesis/CarMaker_test

TIME	3.436
SIM_END		Thesis/CarMaker_test	3.433s	11.6163m
APPLICATION	CarMaker 12.0.1 - Car_Generic #5 (win64-12.0.1)
COMPILED	jetbrains@66e0c34c4bd1 2023-05-24 12:39:25
 
		I/O Configuration: default
SIM_START	Thesis/CarMaker_test	2024-02-07 11:55:10
TIME	0.001
		Current random seed value = 1707303310
TIME	0.000
SIMULATE	Thesis/CarMaker_test

TIME	3.093
SIM_END		Thesis/CarMaker_test	3.09s	8.71589m
APPLICATION	CarMaker 12.0.1 - Car_Generic #5 (win64-12.0.1)
COMPILED	jetbrains@66e0c34c4bd1 2023-05-24 12:39:25
 
		I/O Configuration: default
SIM_START	Thesis/CarMaker_test	2024-02-07 11:56:05
TIME	0.001
		Current random seed value = 1707303365
TIME	0.000
SIMULATE	Thesis/CarMaker_test

TIME	6.472
SIM_END		Thesis/CarMaker_test	6.469s	33.0899m
APPLICATION	CarMaker 12.0.1 - Car_Generic #5 (win64-12.0.1)
COMPILED	jetbrains@66e0c34c4bd1 2023-05-24 12:39:25
 
		I/O Configuration: default
SIM_START	Thesis/CarMaker_test	2024-02-07 11:57:27
TIME	0.001
		Current random seed value = 1707303447
TIME	0.000
SIMULATE	Thesis/CarMaker_test

TIME	4.699
SIM_END		Thesis/CarMaker_test	4.696s	21.2181m
APPLICATION	CarMaker 12.0.1 - Car_Generic #5 (win64-12.0.1)
COMPILED	jetbrains@66e0c34c4bd1 2023-05-24 12:39:25
 
		I/O Configuration: default
SIM_START	Thesis/CarMaker_test	2024-02-07 11:58:13
TIME	0.001
		Current random seed value = 1707303493
TIME	0.000
SIMULATE	Thesis/CarMaker_test

TIME	12.727
SIM_END		Thesis/CarMaker_test	12.724s	92.6695m
APPLICATION	CarMaker 12.0.1 - Car_Generic #5 (win64-12.0.1)
COMPILED	jetbrains@66e0c34c4bd1 2023-05-24 12:39:25
 
		I/O Configuration: default
SIM_START	Thesis/CarMaker_test	2024-02-07 11:59:43
TIME	0.001
		Current random seed value = 1707303583
TIME	0.000
SIMULATE	Thesis/CarMaker_test

TIME	22.802
SIM_END		Thesis/CarMaker_test	22.799s	241.354m
APPLICATION	CarMaker 12.0.1 - Car_Generic #5 (win64-12.0.1)
COMPILED	jetbrains@66e0c34c4bd1 2023-05-24 12:39:25
 
		I/O Configuration: default
SIM_START	Thesis/CarMaker_test	2024-02-07 12:04:52
TIME	0.001
		Current random seed value = 1707303892
TIME	0.000
SIMULATE	Thesis/CarMaker_test

TIME	28.690
SIM_END		Thesis/CarMaker_test	28.687s	305.656m
APPLICATION	CarMaker 12.0.1 - Car_Generic #5 (win64-12.0.1)
COMPILED	jetbrains@66e0c34c4bd1 2023-05-24 12:39:25
 
		I/O Configuration: default
SIM_START	Thesis/CarMaker_test	2024-02-07 12:07:55
TIME	0.001
		Current random seed value = 1707304075
TIME	0.000
SIMULATE	Thesis/CarMaker_test

TIME	10.389
SIM_END		Thesis/CarMaker_test	10.386s	61.2094m
APPLICATION	CarMaker 12.0.1 - Car_Generic #5 (win64-12.0.1)
COMPILED	jetbrains@66e0c34c4bd1 2023-05-24 12:39:25
 
		I/O Configuration: default
SIM_START	Thesis/CarMaker_test	2024-02-07 12:08:52
TIME	0.001
		Current random seed value = 1707304132
TIME	0.000
SIMULATE	Thesis/CarMaker_test

TIME	37.585
SIM_END		Thesis/CarMaker_test	37.582s	393.875m
APPLICATION	CarMaker 12.0.1 - Car_Generic #5 (win64-12.0.1)
COMPILED	jetbrains@66e0c34c4bd1 2023-05-24 12:39:25
 
		I/O Configuration: default
SIM_START	Thesis/CarMaker_test	2024-02-07 12:13:45
TIME	0.001
		Current random seed value = 1707304425
TIME	0.000
SIMULATE	Thesis/CarMaker_test

TIME	12.864
SIM_END		Thesis/CarMaker_test	12.861s	94.7288m
APPLICATION	CarMaker 12.0.1 - Car_Generic #5 (win64-12.0.1)
COMPILED	jetbrains@66e0c34c4bd1 2023-05-24 12:39:25
 
		I/O Configuration: default
SIM_START	Thesis/CarMaker_test	2024-02-07 12:16:03
TIME	0.001
		Current random seed value = 1707304563
TIME	0.000
SIMULATE	Thesis/CarMaker_test

TIME	18.749
SIM_END		Thesis/CarMaker_test	18.746s	183.463m
APPLICATION	CarMaker 12.0.1 - Car_Generic #5 (win64-12.0.1)
COMPILED	jetbrains@66e0c34c4bd1 2023-05-24 12:39:25
 
		I/O Configuration: default
SIM_START	Thesis/CarMaker_test	2024-02-07 12:17:45
TIME	0.001
		Current random seed value = 1707304665
TIME	0.000
SIMULATE	Thesis/CarMaker_test

TIME	9.570
SIM_END		Thesis/CarMaker_test	9.567s	53.5616m
APPLICATION	CarMaker 12.0.1 - Car_Generic #5 (win64-12.0.1)
COMPILED	jetbrains@66e0c34c4bd1 2023-05-24 12:39:25
 
		I/O Configuration: default
SIM_START	Thesis/CarMaker_test	2024-02-07 12:18:29
TIME	0.001
		Current random seed value = 1707304709
TIME	0.000
SIMULATE	Thesis/CarMaker_test

TIME	27.407
SIM_END		Thesis/CarMaker_test	27.404s	291.477m
APPLICATION	CarMaker 12.0.1 - Car_Generic #5 (win64-12.0.1)
COMPILED	jetbrains@66e0c34c4bd1 2023-05-24 12:39:25
 
		I/O Configuration: default
SIM_START	Thesis/CarMaker_test	2024-02-07 19:44:37
TIME	0.001
		Current random seed value = 1707331477
TIME	0.000
SIMULATE	Thesis/CarMaker_test

TIME	12.530
SIM_END		Thesis/CarMaker_test	12.527s	89.7125m
APPLICATION	CarMaker 12.0.1 - Car_Generic #5 (win64-12.0.1)
COMPILED	jetbrains@66e0c34c4bd1 2023-05-24 12:39:25
 
		I/O Configuration: default
SIM_START	Thesis/CarMaker_test	2024-02-07 20:10:03
TIME	0.001
		Current random seed value = 1707333003
TIME	0.000
SIMULATE	Thesis/CarMaker_test

SIM_END		Thesis/CarMaker_test	0s	0m
APPLICATION	CarMaker 12.0.1 - Car_Generic #5 (win64-12.0.1)
COMPILED	jetbrains@66e0c34c4bd1 2023-05-24 12:39:25
 
		I/O Configuration: default
SIM_START	Thesis/CarMaker_test	2024-02-07 20:11:10
TIME	0.001
		Current random seed value = 1707333070
TIME	0.000
SIMULATE	Thesis/CarMaker_test

SIM_END		Thesis/CarMaker_test	0s	0m
APPLICATION	CarMaker 12.0.1 - Car_Generic #5 (win64-12.0.1)
COMPILED	jetbrains@66e0c34c4bd1 2023-05-24 12:39:25
 
		I/O Configuration: default
SIM_START	Thesis/CarMaker_test	2024-02-07 20:14:00
TIME	0.001
		Current random seed value = 1707333240
TIME	0.000
SIMULATE	Thesis/CarMaker_test

TIME	4.609
SIM_END		Thesis/CarMaker_test	4.606s	20.5846m
