APPLICATION	CarMaker 12.0.1 - Car_Generic #5 (win64-12.0.1)
COMPILED	jetbrains@66e0c34c4bd1 2023-05-24 12:39:25
 
		I/O Configuration: default
SIM_START	Thesis/CarMaker_test	2023-12-23 00:20:40
TIME	0.001
		Current random seed value = 1703287240
TIME	0.000
SIMULATE	Thesis/CarMaker_test

TIME	73.913
SIM_END		Thesis/CarMaker_test	73.913s	958.831m
APPLICATION	CarMaker 12.0.1 - Car_Generic #5 (win64-12.0.1)
COMPILED	jetbrains@66e0c34c4bd1 2023-05-24 12:39:25
 
		I/O Configuration: default
SIM_START	Thesis/CarMaker_test	2023-12-23 00:24:31
TIME	0.001
		Current random seed value = 1703287471
TIME	0.000
SIMULATE	Thesis/CarMaker_test

TIME	25.670
SIM_END		Thesis/CarMaker_test	25.667s	225.779m
APPLICATION	CarMaker 12.0.1 - Car_Generic #5 (win64-12.0.1)
COMPILED	jetbrains@66e0c34c4bd1 2023-05-24 12:39:25
 
		I/O Configuration: default
SIM_START	Thesis/CarMaker_test	2023-12-23 00:25:29
TIME	0.001
		Current random seed value = 1703287529
TIME	0.000
SIMULATE	Thesis/CarMaker_test

TIME	17.684
SIM_END		Thesis/CarMaker_test	17.681s	87.3139m
APPLICATION	CarMaker 12.0.1 - Car_Generic #5 (win64-12.0.1)
COMPILED	jetbrains@66e0c34c4bd1 2023-05-24 12:39:25
 
		I/O Configuration: default
SIM_START	Thesis/CarMaker_test	2023-12-23 00:26:12
TIME	0.001
		Current random seed value = 1703287572
TIME	0.000
SIMULATE	Thesis/CarMaker_test

TIME	20.409
SIM_END		Thesis/CarMaker_test	20.406s	130.191m
APPLICATION	CarMaker 12.0.1 - Car_Generic #5 (win64-12.0.1)
COMPILED	jetbrains@66e0c34c4bd1 2023-05-24 12:39:25
 
		I/O Configuration: default
SIM_START	Thesis/CarMaker_test	2023-12-23 00:28:14
TIME	0.001
		Current random seed value = 1703287694
TIME	0.000
SIMULATE	Thesis/CarMaker_test

TIME	73.915
SIM_END		Thesis/CarMaker_test	73.915s	958.878m
APPLICATION	CarMaker 12.0.1 - Car_Generic #5 (win64-12.0.1)
COMPILED	jetbrains@66e0c34c4bd1 2023-05-24 12:39:25
 
		I/O Configuration: default
SIM_START	Thesis/CarMaker_test	2023-12-23 00:34:33
TIME	0.001
		Current random seed value = 1703288073
TIME	0.000
SIMULATE	Thesis/CarMaker_test

TIME	53.947
SIM_END		Thesis/CarMaker_test	53.947s	959.153m
APPLICATION	CarMaker 12.0.1 - Car_Generic #5 (win64-12.0.1)
COMPILED	jetbrains@66e0c34c4bd1 2023-05-24 12:39:25
 
		I/O Configuration: default
SIM_START	Thesis/CarMaker_test	2023-12-23 00:37:28
TIME	0.001
		Current random seed value = 1703288248
TIME	0.000
SIMULATE	Thesis/CarMaker_test

TIME	53.947
SIM_END		Thesis/CarMaker_test	53.947s	959.157m
APPLICATION	CarMaker 12.0.1 - Car_Generic #5 (win64-12.0.1)
COMPILED	jetbrains@66e0c34c4bd1 2023-05-24 12:39:25
 
		I/O Configuration: default
SIM_START	Thesis/CarMaker_test	2023-12-23 00:39:53
TIME	0.001
		Current random seed value = 1703288393
TIME	0.000
SIMULATE	Thesis/CarMaker_test

TIME	50.325
SIM_END		Thesis/CarMaker_test	50.325s	959.171m
APPLICATION	CarMaker 12.0.1 - Car_Generic #5 (win64-12.0.1)
COMPILED	jetbrains@66e0c34c4bd1 2023-05-24 12:39:25
 
		I/O Configuration: default
SIM_START	Thesis/CarMaker_test	2023-12-23 00:42:43
TIME	0.001
		Current random seed value = 1703288563
TIME	0.000
SIMULATE	Thesis/CarMaker_test

TIME	18.217
SIM_END		Thesis/CarMaker_test	18.214s	255.079m
APPLICATION	CarMaker 12.0.1 - Car_Generic #5 (win64-12.0.1)
COMPILED	jetbrains@66e0c34c4bd1 2023-05-24 12:39:25
 
		I/O Configuration: default
SIM_START	Thesis/CarMaker_test	2023-12-23 00:44:01
TIME	0.001
		Current random seed value = 1703288641
TIME	0.000
SIMULATE	Thesis/CarMaker_test

TIME	33.680
SIM_END		Thesis/CarMaker_test	33.677s	448.085m
APPLICATION	CarMaker 12.0.1 - Car_Generic #5 (win64-12.0.1)
COMPILED	jetbrains@66e0c34c4bd1 2023-05-24 12:39:25
 
		I/O Configuration: default
SIM_START	Thesis/CarMaker_test	2023-12-23 00:46:12
TIME	0.001
		Current random seed value = 1703288772
TIME	0.000
SIMULATE	Thesis/CarMaker_test

TIME	29.728
SIM_END		Thesis/CarMaker_test	29.725s	368.232m
APPLICATION	CarMaker 12.0.1 - Car_Generic #5 (win64-12.0.1)
COMPILED	jetbrains@66e0c34c4bd1 2023-05-24 12:39:25
 
		I/O Configuration: default
SIM_START	Thesis/CarMaker_test	2023-12-23 00:47:07
TIME	0.001
		Current random seed value = 1703288827
TIME	0.000
SIMULATE	Thesis/CarMaker_test

TIME	20.962
SIM_END		Thesis/CarMaker_test	20.959s	192.108m
APPLICATION	CarMaker 12.0.1 - Car_Generic #5 (win64-12.0.1)
COMPILED	jetbrains@66e0c34c4bd1 2023-05-24 12:39:25
 
		I/O Configuration: default
SIM_START	Thesis/CarMaker_test	2023-12-23 00:48:18
TIME	0.001
		Current random seed value = 1703288898
TIME	0.000
SIMULATE	Thesis/CarMaker_test

TIME	55.844
SIM_END		Thesis/CarMaker_test	55.844s	958.647m
