APPLICATION	CarMaker 12.0.1 - Car_Generic #5 (win64-12.0.1)
COMPILED	jetbrains@66e0c34c4bd1 2023-05-24 12:39:25
 
		I/O Configuration: default
SIM_START	Thesis/CarMaker_test	2024-02-11 20:05:05
TIME	0.001
		Current random seed value = 1707678305
TIME	0.000
SIMULATE	Thesis/CarMaker_test

SIM_END		Thesis/CarMaker_test	1.35s	0.223246m
APPLICATION	CarMaker 12.0.1 - Car_Generic #5 (win64-12.0.1)
COMPILED	jetbrains@66e0c34c4bd1 2023-05-24 12:39:25
 
		I/O Configuration: default
SIM_START	Thesis/CarMaker_test	2024-02-11 20:06:44
TIME	0.001
		Current random seed value = 1707678404
TIME	0.000
SIMULATE	Thesis/CarMaker_test

SIM_END		Thesis/CarMaker_test	1.35s	0.223246m
APPLICATION	CarMaker 12.0.1 - Car_Generic #5 (win64-12.0.1)
COMPILED	jetbrains@66e0c34c4bd1 2023-05-24 12:39:25
 
		I/O Configuration: default
SIM_START	Thesis/CarMaker_test	2024-02-11 20:07:30
TIME	0.001
		Current random seed value = 1707678450
TIME	0.000
SIMULATE	Thesis/CarMaker_test

SIM_END		Thesis/CarMaker_test	1.35s	0.223246m
APPLICATION	CarMaker 12.0.1 - Car_Generic #5 (win64-12.0.1)
COMPILED	jetbrains@66e0c34c4bd1 2023-05-24 12:39:25
 
		I/O Configuration: default
SIM_START	Thesis/CarMaker_test	2024-02-11 20:08:01
TIME	0.001
		Current random seed value = 1707678481
TIME	0.000
SIMULATE	Thesis/CarMaker_test

TIME	36.963
SIM_END		Thesis/CarMaker_test	36.96s	559.876m
APPLICATION	CarMaker 12.0.1 - Car_Generic #5 (win64-12.0.1)
COMPILED	jetbrains@66e0c34c4bd1 2023-05-24 12:39:25
 
		I/O Configuration: default
SIM_START	Thesis/CarMaker_test	2024-02-11 20:12:52
TIME	0.001
		Current random seed value = 1707678772
TIME	0.000
SIMULATE	Thesis/CarMaker_test

TIME	7.570
SIM_END		Thesis/CarMaker_test	7.567s	40.1796m
APPLICATION	CarMaker 12.0.1 - Car_Generic #5 (win64-12.0.1)
COMPILED	jetbrains@66e0c34c4bd1 2023-05-24 12:39:25
 
		I/O Configuration: default
SIM_START	Thesis/CarMaker_test	2024-02-11 20:14:31
TIME	0.001
		Current random seed value = 1707678871
TIME	0.000
SIMULATE	Thesis/CarMaker_test

TIME	6.234
ERROR		Vehicle leaves road at about x=9.78542, y=-294.573 TireNo=0
SIM_ABORT	Thesis/CarMaker_test	6.237s	32.7034m
APPLICATION	CarMaker 12.0.1 - Car_Generic #5 (win64-12.0.1)
COMPILED	jetbrains@66e0c34c4bd1 2023-05-24 12:39:25
 
		I/O Configuration: default
SIM_START	Thesis/CarMaker_test	2024-02-11 20:15:35
TIME	0.001
		Current random seed value = 1707678935
TIME	0.000
SIMULATE	Thesis/CarMaker_test

TIME	9.439
ERROR		Vehicle leaves road at about x=2.6193, y=-274.962 TireNo=0
SIM_ABORT	Thesis/CarMaker_test	9.442s	53.7375m
APPLICATION	CarMaker 12.0.1 - Car_Generic #5 (win64-12.0.1)
COMPILED	jetbrains@66e0c34c4bd1 2023-05-24 12:39:25
 
		I/O Configuration: default
SIM_START	Thesis/CarMaker_test	2024-02-11 20:17:04
TIME	0.001
		Current random seed value = 1707679024
TIME	0.000
SIMULATE	Thesis/CarMaker_test

TIME	11.965
ERROR		Vehicle leaves road at about x=-8.65049, y=-249.623 TireNo=0
SIM_ABORT	Thesis/CarMaker_test	11.968s	81.9442m
APPLICATION	CarMaker 12.0.1 - Car_Generic #5 (win64-12.0.1)
COMPILED	jetbrains@66e0c34c4bd1 2023-05-24 12:39:25
 
		I/O Configuration: default
SIM_START	Thesis/CarMaker_test	2024-02-11 20:19:31
TIME	0.001
		Current random seed value = 1707679171
TIME	0.000
SIMULATE	Thesis/CarMaker_test

TIME	3.944
SIM_END		Thesis/CarMaker_test	0s	0m
APPLICATION	CarMaker 12.0.1 - Car_Generic #5 (win64-12.0.1)
COMPILED	jetbrains@66e0c34c4bd1 2023-05-24 12:39:25
 
		I/O Configuration: default
SIM_START	Thesis/CarMaker_test	2024-02-11 20:20:36
TIME	0.001
		Current random seed value = 1707679236
TIME	0.000
SIMULATE	Thesis/CarMaker_test

TIME	18.771
ERROR		Vehicle leaves road at about x=-67.9717, y=-167.991 TireNo=1
SIM_ABORT	Thesis/CarMaker_test	18.774s	183.807m
APPLICATION	CarMaker 12.0.1 - Car_Generic #5 (win64-12.0.1)
COMPILED	jetbrains@66e0c34c4bd1 2023-05-24 12:39:25
 
		I/O Configuration: default
SIM_START	Thesis/CarMaker_test	2024-02-11 20:22:40
TIME	0.001
		Current random seed value = 1707679360
TIME	0.000
SIMULATE	Thesis/CarMaker_test

TIME	2.373
SIM_END		Thesis/CarMaker_test	2.37s	3.3556m
APPLICATION	CarMaker 12.0.1 - Car_Generic #5 (win64-12.0.1)
COMPILED	jetbrains@66e0c34c4bd1 2023-05-24 12:39:25
 
		I/O Configuration: default
SIM_START	Thesis/CarMaker_test	2024-02-11 20:23:31
TIME	0.001
		Current random seed value = 1707679411
TIME	0.000
SIMULATE	Thesis/CarMaker_test

TIME	18.771
ERROR		Vehicle leaves road at about x=-67.9717, y=-167.991 TireNo=1
SIM_ABORT	Thesis/CarMaker_test	18.774s	183.807m
APPLICATION	CarMaker 12.0.1 - Car_Generic #5 (win64-12.0.1)
COMPILED	jetbrains@66e0c34c4bd1 2023-05-24 12:39:25
 
		I/O Configuration: default
SIM_START	Thesis/CarMaker_test	2024-02-11 20:32:24
TIME	0.001
		Current random seed value = 1707679944
TIME	0.000
SIMULATE	Thesis/CarMaker_test

TIME	3.361
ERROR		Vehicle leaves road at about x=17.0341, y=-322.408 TireNo=1
SIM_ABORT	Thesis/CarMaker_test	3.364s	7.41225m
APPLICATION	CarMaker 12.0.1 - Car_Generic #5 (win64-12.0.1)
COMPILED	jetbrains@66e0c34c4bd1 2023-05-24 12:39:25
 
		I/O Configuration: default
SIM_START	Thesis/CarMaker_test	2024-02-11 20:33:17
TIME	0.001
		Current random seed value = 1707679997
TIME	0.000
SIMULATE	Thesis/CarMaker_test

TIME	3.982
ERROR		Vehicle leaves road at about x=14.5864, y=-311.267 TireNo=0
SIM_ABORT	Thesis/CarMaker_test	3.985s	16.1213m
APPLICATION	CarMaker 12.0.1 - Car_Generic #5 (win64-12.0.1)
COMPILED	jetbrains@66e0c34c4bd1 2023-05-24 12:39:25
 
		I/O Configuration: default
SIM_START	Thesis/CarMaker_test	2024-02-11 22:27:05
TIME	0.001
		Current random seed value = 1707686825
TIME	0.000
SIMULATE	Thesis/CarMaker_test

SIM_END		Thesis/CarMaker_test	0.03s	0.000150657m
APPLICATION	CarMaker 12.0.1 - Car_Generic #5 (win64-12.0.1)
COMPILED	jetbrains@66e0c34c4bd1 2023-05-24 12:39:25
 
		I/O Configuration: default
SIM_START	Thesis/CarMaker_test	2024-02-11 22:27:32
TIME	0.001
		Current random seed value = 1707686852
TIME	0.000
SIMULATE	Thesis/CarMaker_test

SIM_END		Thesis/CarMaker_test	0s	0m
APPLICATION	CarMaker 12.0.1 - Car_Generic #5 (win64-12.0.1)
COMPILED	jetbrains@66e0c34c4bd1 2023-05-24 12:39:25
 
		I/O Configuration: default
SIM_START	Thesis/CarMaker_test	2024-02-11 22:28:43
TIME	0.001
		Current random seed value = 1707686923
TIME	0.000
SIMULATE	Thesis/CarMaker_test

SIM_END		Thesis/CarMaker_test	0.03s	0.000150657m
APPLICATION	CarMaker 12.0.1 - Car_Generic #5 (win64-12.0.1)
COMPILED	jetbrains@66e0c34c4bd1 2023-05-24 12:39:25
 
		I/O Configuration: default
SIM_START	Thesis/CarMaker_test	2024-02-11 22:52:50
TIME	0.001
		Current random seed value = 1707688370
TIME	0.000
SIMULATE	Thesis/CarMaker_test

SIM_END		Thesis/CarMaker_test	0s	0m
APPLICATION	CarMaker 12.0.1 - Car_Generic #5 (win64-12.0.1)
COMPILED	jetbrains@66e0c34c4bd1 2023-05-24 12:39:25
 
		I/O Configuration: default
SIM_START	Thesis/CarMaker_test	2024-02-11 22:54:39
TIME	0.001
		Current random seed value = 1707688479
TIME	0.000
SIMULATE	Thesis/CarMaker_test

SIM_END		Thesis/CarMaker_test	0.14s	0.00267274m
APPLICATION	CarMaker 12.0.1 - Car_Generic #5 (win64-12.0.1)
COMPILED	jetbrains@66e0c34c4bd1 2023-05-24 12:39:25
 
		I/O Configuration: default
SIM_START	Thesis/CarMaker_test	2024-02-11 22:56:04
TIME	0.001
		Current random seed value = 1707688564
TIME	0.000
SIMULATE	Thesis/CarMaker_test

SIM_END		Thesis/CarMaker_test	0.46s	0.00860328m
APPLICATION	CarMaker 12.0.1 - Car_Generic #5 (win64-12.0.1)
COMPILED	jetbrains@66e0c34c4bd1 2023-05-24 12:39:25
 
		I/O Configuration: default
SIM_START	Thesis/CarMaker_test	2024-02-11 22:58:06
TIME	0.001
		Current random seed value = 1707688686
TIME	0.000
SIMULATE	Thesis/CarMaker_test

TIME	4.343
SIM_END		Thesis/CarMaker_test	4.34s	18.6843m
APPLICATION	CarMaker 12.0.1 - Car_Generic #5 (win64-12.0.1)
COMPILED	jetbrains@66e0c34c4bd1 2023-05-24 12:39:25
 
		I/O Configuration: default
SIM_START	Thesis/CarMaker_test	2024-02-11 23:12:22
TIME	0.001
		Current random seed value = 1707689542
TIME	0.000
SIMULATE	Thesis/CarMaker_test

SIM_END		Thesis/CarMaker_test	0.02s	6.83953e-05m
APPLICATION	CarMaker 12.0.1 - Car_Generic #5 (win64-12.0.1)
COMPILED	jetbrains@66e0c34c4bd1 2023-05-24 12:39:25
 
		I/O Configuration: default
SIM_START	Thesis/CarMaker_test	2024-02-11 23:12:54
TIME	0.001
		Current random seed value = 1707689574
TIME	0.000
SIMULATE	Thesis/CarMaker_test

SIM_END		Thesis/CarMaker_test	0.02s	6.83953e-05m
APPLICATION	CarMaker 12.0.1 - Car_Generic #5 (win64-12.0.1)
COMPILED	jetbrains@66e0c34c4bd1 2023-05-24 12:39:25
 
		I/O Configuration: default
SIM_START	Thesis/CarMaker_test	2024-02-11 23:13:20
TIME	0.001
		Current random seed value = 1707689600
TIME	0.000
SIMULATE	Thesis/CarMaker_test

SIM_END		Thesis/CarMaker_test	0.01s	1.79745e-05m
APPLICATION	CarMaker 12.0.1 - Car_Generic #5 (win64-12.0.1)
COMPILED	jetbrains@66e0c34c4bd1 2023-05-24 12:39:25
 
		I/O Configuration: default
SIM_START	Thesis/CarMaker_test	2024-02-12 12:16:16
TIME	0.001
		Current random seed value = 1707736576
TIME	0.000
SIMULATE	Thesis/CarMaker_test

SIM_END		Thesis/CarMaker_test	0.37s	0.00700819m
APPLICATION	CarMaker 12.0.1 - Car_Generic #5 (win64-12.0.1)
COMPILED	jetbrains@66e0c34c4bd1 2023-05-24 12:39:25
 
		I/O Configuration: default
SIM_START	Thesis/CarMaker_test	2024-02-12 12:18:39
TIME	0.001
		Current random seed value = 1707736719
TIME	0.000
SIMULATE	Thesis/CarMaker_test

SIM_END		Thesis/CarMaker_test	0s	0m
APPLICATION	CarMaker 12.0.1 - Car_Generic #5 (win64-12.0.1)
COMPILED	jetbrains@66e0c34c4bd1 2023-05-24 12:39:25
 
		I/O Configuration: default
SIM_START	Thesis/CarMaker_test	2024-02-12 12:19:35
TIME	0.001
		Current random seed value = 1707736775
TIME	0.000
SIMULATE	Thesis/CarMaker_test

SIM_END		Thesis/CarMaker_test	0s	0m
APPLICATION	CarMaker 12.0.1 - Car_Generic #5 (win64-12.0.1)
COMPILED	jetbrains@66e0c34c4bd1 2023-05-24 12:39:25
 
		I/O Configuration: default
SIM_START	Thesis/CarMaker_test	2024-02-12 12:20:19
TIME	0.001
		Current random seed value = 1707736819
TIME	0.000
SIMULATE	Thesis/CarMaker_test

SIM_END		Thesis/CarMaker_test	0s	0m
APPLICATION	CarMaker 12.0.1 - Car_Generic #5 (win64-12.0.1)
COMPILED	jetbrains@66e0c34c4bd1 2023-05-24 12:39:25
 
		I/O Configuration: default
SIM_START	Thesis/CarMaker_test	2024-02-12 12:20:38
TIME	0.001
		Current random seed value = 1707736838
TIME	0.000
SIMULATE	Thesis/CarMaker_test

SIM_END		Thesis/CarMaker_test	0s	0m
APPLICATION	CarMaker 12.0.1 - Car_Generic #5 (win64-12.0.1)
COMPILED	jetbrains@66e0c34c4bd1 2023-05-24 12:39:25
 
		I/O Configuration: default
SIM_START	Thesis/CarMaker_test	2024-02-12 12:38:12
TIME	0.001
		Current random seed value = 1707737892
TIME	0.000
SIMULATE	Thesis/CarMaker_test

SIM_END		Thesis/CarMaker_test	0s	0m
APPLICATION	CarMaker 12.0.1 - Car_Generic #5 (win64-12.0.1)
COMPILED	jetbrains@66e0c34c4bd1 2023-05-24 12:39:25
 
		I/O Configuration: default
SIM_START	Thesis/CarMaker_test	2024-02-12 12:39:59
TIME	0.001
		Current random seed value = 1707737999
TIME	0.000
SIMULATE	Thesis/CarMaker_test

SIM_END		Thesis/CarMaker_test	0s	0m
APPLICATION	CarMaker 12.0.1 - Car_Generic #5 (win64-12.0.1)
COMPILED	jetbrains@66e0c34c4bd1 2023-05-24 12:39:25
 
		I/O Configuration: default
SIM_START	Thesis/CarMaker_test	2024-02-12 12:40:21
TIME	0.001
		Current random seed value = 1707738021
TIME	0.000
SIMULATE	Thesis/CarMaker_test

SIM_END		Thesis/CarMaker_test	0s	0m
APPLICATION	CarMaker 12.0.1 - Car_Generic #5 (win64-12.0.1)
COMPILED	jetbrains@66e0c34c4bd1 2023-05-24 12:39:25
 
		I/O Configuration: default
SIM_START	Thesis/CarMaker_test	2024-02-12 12:45:20
TIME	0.001
		Current random seed value = 1707738320
TIME	0.000
SIMULATE	Thesis/CarMaker_test

SIM_END		Thesis/CarMaker_test	0s	0m
APPLICATION	CarMaker 12.0.1 - Car_Generic #5 (win64-12.0.1)
COMPILED	jetbrains@66e0c34c4bd1 2023-05-24 12:39:25
 
		I/O Configuration: default
SIM_START	Thesis/CarMaker_test	2024-02-12 12:45:40
TIME	0.001
		Current random seed value = 1707738340
TIME	0.000
SIMULATE	Thesis/CarMaker_test

SIM_END		Thesis/CarMaker_test	0s	0m
APPLICATION	CarMaker 12.0.1 - Car_Generic #5 (win64-12.0.1)
COMPILED	jetbrains@66e0c34c4bd1 2023-05-24 12:39:25
 
		I/O Configuration: default
SIM_START	Thesis/CarMaker_test	2024-02-12 12:46:21
TIME	0.001
		Current random seed value = 1707738381
TIME	0.000
SIMULATE	Thesis/CarMaker_test

SIM_END		Thesis/CarMaker_test	0s	0m
APPLICATION	CarMaker 12.0.1 - Car_Generic #5 (win64-12.0.1)
COMPILED	jetbrains@66e0c34c4bd1 2023-05-24 12:39:25
 
		I/O Configuration: default
SIM_START	Thesis/CarMaker_test	2024-02-12 12:48:21
TIME	0.001
		Current random seed value = 1707738501
TIME	0.000
SIMULATE	Thesis/CarMaker_test

SIM_END		Thesis/CarMaker_test	0s	0m
APPLICATION	CarMaker 12.0.1 - Car_Generic #5 (win64-12.0.1)
COMPILED	jetbrains@66e0c34c4bd1 2023-05-24 12:39:25
 
		I/O Configuration: default
SIM_START	Thesis/CarMaker_test	2024-02-12 12:58:21
TIME	0.001
		Current random seed value = 1707739101
TIME	0.000
SIMULATE	Thesis/CarMaker_test

SIM_END		Thesis/CarMaker_test	0s	0m
APPLICATION	CarMaker 12.0.1 - Car_Generic #5 (win64-12.0.1)
COMPILED	jetbrains@66e0c34c4bd1 2023-05-24 12:39:25
 
		I/O Configuration: default
SIM_START	Thesis/CarMaker_test	2024-02-12 12:58:50
TIME	0.001
		Current random seed value = 1707739130
TIME	0.000
SIMULATE	Thesis/CarMaker_test

SIM_END		Thesis/CarMaker_test	0s	0m
APPLICATION	CarMaker 12.0.1 - Car_Generic #5 (win64-12.0.1)
COMPILED	jetbrains@66e0c34c4bd1 2023-05-24 12:39:25
 
		I/O Configuration: default
SIM_START	Thesis/CarMaker_test	2024-02-12 12:59:35
TIME	0.001
		Current random seed value = 1707739175
TIME	0.000
SIMULATE	Thesis/CarMaker_test

SIM_END		Thesis/CarMaker_test	0s	0m
APPLICATION	CarMaker 12.0.1 - Car_Generic #5 (win64-12.0.1)
COMPILED	jetbrains@66e0c34c4bd1 2023-05-24 12:39:25
 
		I/O Configuration: default
SIM_START	Thesis/CarMaker_test	2024-02-12 13:01:05
TIME	0.001
		Current random seed value = 1707739265
TIME	0.000
SIMULATE	Thesis/CarMaker_test

SIM_END		Thesis/CarMaker_test	0s	0m
APPLICATION	CarMaker 12.0.1 - Car_Generic #5 (win64-12.0.1)
COMPILED	jetbrains@66e0c34c4bd1 2023-05-24 12:39:25
 
		I/O Configuration: default
SIM_START	Thesis/CarMaker_test	2024-02-12 13:02:06
TIME	0.001
		Current random seed value = 1707739326
TIME	0.000
SIMULATE	Thesis/CarMaker_test

TIME	4.633
SIM_END		Thesis/CarMaker_test	4.63s	20.754m
APPLICATION	CarMaker 12.0.1 - Car_Generic #5 (win64-12.0.1)
COMPILED	jetbrains@66e0c34c4bd1 2023-05-24 12:39:25
 
		I/O Configuration: default
SIM_START	Thesis/CarMaker_test	2024-02-12 13:17:32
TIME	0.001
		Current random seed value = 1707740252
TIME	0.000
SIMULATE	Thesis/CarMaker_test

TIME	22.037
SIM_END		Thesis/CarMaker_test	22.034s	238.631m
APPLICATION	CarMaker 12.0.1 - Car_Generic #5 (win64-12.0.1)
COMPILED	jetbrains@66e0c34c4bd1 2023-05-24 12:39:25
 
		I/O Configuration: default
SIM_START	Thesis/CarMaker_test	2024-02-12 13:23:07
TIME	0.001
		Current random seed value = 1707740587
TIME	0.000
SIMULATE	Thesis/CarMaker_test

TIME	46.412
SIM_END		Thesis/CarMaker_test	46.409s	710.098m
APPLICATION	CarMaker 12.0.1 - Car_Generic #5 (win64-12.0.1)
COMPILED	jetbrains@66e0c34c4bd1 2023-05-24 12:39:25
 
		I/O Configuration: default
SIM_START	Thesis/CarMaker_test	2024-02-12 13:26:02
TIME	0.001
		Current random seed value = 1707740762
TIME	0.000
SIMULATE	Thesis/CarMaker_test

TIME	3.885
ERROR		Vehicle leaves road at about x=24.4095, y=-307.966 TireNo=1
SIM_ABORT	Thesis/CarMaker_test	3.888s	15.3559m
APPLICATION	CarMaker 12.0.1 - Car_Generic #5 (win64-12.0.1)
COMPILED	jetbrains@66e0c34c4bd1 2023-05-24 12:39:25
 
		I/O Configuration: default
SIM_START	Thesis/CarMaker_test	2024-02-12 13:26:51
TIME	0.001
		Current random seed value = 1707740811
TIME	0.000
SIMULATE	Thesis/CarMaker_test

TIME	3.394
ERROR		Vehicle leaves road at about x=25.3894, y=-312.277 TireNo=1
SIM_ABORT	Thesis/CarMaker_test	3.397s	11.1864m
APPLICATION	CarMaker 12.0.1 - Car_Generic #5 (win64-12.0.1)
COMPILED	jetbrains@66e0c34c4bd1 2023-05-24 12:39:25
 
		I/O Configuration: default
SIM_START	Thesis/CarMaker_test	2024-02-12 13:27:31
TIME	0.001
		Current random seed value = 1707740851
TIME	0.000
SIMULATE	Thesis/CarMaker_test

TIME	50.003
SIM_END		Thesis/CarMaker_test	50s	776.947m
APPLICATION	CarMaker 12.0.1 - Car_Generic #5 (win64-12.0.1)
COMPILED	jetbrains@66e0c34c4bd1 2023-05-24 12:39:25
 
		I/O Configuration: default
SIM_START	Thesis/CarMaker_test	2024-02-12 13:31:25
TIME	0.001
		Current random seed value = 1707741085
TIME	0.000
SIMULATE	Thesis/CarMaker_test

TIME	50.003
SIM_END		Thesis/CarMaker_test	50s	776.947m
APPLICATION	CarMaker 12.0.1 - Car_Generic #5 (win64-12.0.1)
COMPILED	jetbrains@66e0c34c4bd1 2023-05-24 12:39:25
 
		I/O Configuration: default
SIM_START	Thesis/CarMaker_test	2024-02-12 13:34:38
TIME	0.001
		Current random seed value = 1707741278
TIME	0.000
SIMULATE	Thesis/CarMaker_test

TIME	50.003
SIM_END		Thesis/CarMaker_test	50s	903.518m
APPLICATION	CarMaker 12.0.1 - Car_Generic #5 (win64-12.0.1)
COMPILED	jetbrains@66e0c34c4bd1 2023-05-24 12:39:25
 
		I/O Configuration: default
SIM_START	Thesis/CarMaker_test	2024-02-12 13:38:30
TIME	0.001
		Current random seed value = 1707741510
TIME	0.000
SIMULATE	Thesis/CarMaker_test

TIME	50.003
SIM_END		Thesis/CarMaker_test	50s	934.309m
APPLICATION	CarMaker 12.0.1 - Car_Generic #5 (win64-12.0.1)
COMPILED	jetbrains@66e0c34c4bd1 2023-05-24 12:39:25
 
		I/O Configuration: default
SIM_START	Thesis/CarMaker_test	2024-02-12 15:38:21
TIME	0.001
		Current random seed value = 1707748701
TIME	0.000
SIMULATE	Thesis/CarMaker_test

TIME	4.193
SIM_END		Thesis/CarMaker_test	4.19s	17.6079m
