APPLICATION	CarMaker 12.0.1 - Car_Generic #5 (win64-12.0.1)
COMPILED	jetbrains@66e0c34c4bd1 2023-05-24 12:39:25
 
		I/O Configuration: default
SIM_START	Thesis/CarMaker_test	2023-11-16 13:00:33
TIME	0.000
SIMULATE	Thesis/CarMaker_test

TIME	27.243
SIM_END		Thesis/CarMaker_test	27.24s	516.059m
APPLICATION	CarMaker 12.0.1 - Car_Generic #5 (win64-12.0.1)
COMPILED	jetbrains@66e0c34c4bd1 2023-05-24 12:39:25
 
		I/O Configuration: default
SIM_START	Thesis/CarMaker_test	2023-11-16 13:03:40
TIME	0.000
SIMULATE	Thesis/CarMaker_test

TIME	44.243
SIM_END		Thesis/CarMaker_test	44.243s	955.921m
APPLICATION	CarMaker 12.0.1 - Car_Generic #5 (win64-12.0.1)
COMPILED	jetbrains@66e0c34c4bd1 2023-05-24 12:39:25
 
		I/O Configuration: default
SIM_START	Thesis/CarMaker_test	2023-11-16 13:06:55
TIME	0.000
SIMULATE	Thesis/CarMaker_test

TIME	44.243
SIM_END		Thesis/CarMaker_test	44.243s	955.921m
APPLICATION	CarMaker 12.0.1 - Car_Generic #5 (win64-12.0.1)
COMPILED	jetbrains@66e0c34c4bd1 2023-05-24 12:39:25
 
		I/O Configuration: default
SIM_START	Thesis/CarMaker_test	2023-11-16 13:08:10
TIME	0.000
SIMULATE	Thesis/CarMaker_test

TIME	44.243
SIM_END		Thesis/CarMaker_test	44.243s	955.921m
APPLICATION	CarMaker 12.0.1 - Car_Generic #5 (win64-12.0.1)
COMPILED	jetbrains@66e0c34c4bd1 2023-05-24 12:39:25
 
		I/O Configuration: default
SIM_START	Thesis/CarMaker_test	2023-11-16 13:13:56
TIME	0.000
SIMULATE	Thesis/CarMaker_test

TIME	44.243
SIM_END		Thesis/CarMaker_test	44.243s	955.921m
APPLICATION	CarMaker 12.0.1 - Car_Generic #5 (win64-12.0.1)
COMPILED	jetbrains@66e0c34c4bd1 2023-05-24 12:39:25
 
		I/O Configuration: default
SIM_START	Thesis/CarMaker_test	2023-11-16 22:12:54
TIME	0.000
SIMULATE	Thesis/CarMaker_test

TIME	31.479
SIM_END		Thesis/CarMaker_test	31.476s	615.558m
APPLICATION	CarMaker 12.0.1 - Car_Generic #5 (win64-12.0.1)
COMPILED	jetbrains@66e0c34c4bd1 2023-05-24 12:39:25
 
		I/O Configuration: default
SIM_START	Thesis/CarMaker_test	2023-11-16 22:14:11
TIME	0.000
SIMULATE	Thesis/CarMaker_test

TIME	13.193
SIM_END		Thesis/CarMaker_test	13.19s	165.954m
APPLICATION	CarMaker 12.0.1 - Car_Generic #5 (win64-12.0.1)
COMPILED	jetbrains@66e0c34c4bd1 2023-05-24 12:39:25
 
		I/O Configuration: default
SIM_START	Thesis/CarMaker_test	2023-11-16 22:14:40
TIME	0.000
SIMULATE	Thesis/CarMaker_test

TIME	44.243
SIM_END		Thesis/CarMaker_test	44.243s	955.921m
APPLICATION	CarMaker 12.0.1 - Car_Generic #5 (win64-12.0.1)
COMPILED	jetbrains@66e0c34c4bd1 2023-05-24 12:39:25
 
		I/O Configuration: default
SIM_START	Thesis/CarMaker_test	2023-11-16 22:15:56
TIME	0.000
SIMULATE	Thesis/CarMaker_test

TIME	17.612
SIM_END		Thesis/CarMaker_test	17.609s	281.847m
APPLICATION	CarMaker 12.0.1 - Car_Generic #5 (win64-12.0.1)
COMPILED	jetbrains@66e0c34c4bd1 2023-05-24 12:39:25
 
		I/O Configuration: default
SIM_START	Thesis/CarMaker_test	2023-11-16 22:28:08
TIME	0.000
SIMULATE	Thesis/CarMaker_test

TIME	2.507
SIM_END		Thesis/CarMaker_test	2.504s	0.49662m
APPLICATION	CarMaker 12.0.1 - Car_Generic #5 (win64-12.0.1)
COMPILED	jetbrains@66e0c34c4bd1 2023-05-24 12:39:25
 
		I/O Configuration: default
SIM_START	Thesis/CarMaker_test	2023-11-16 22:31:35
TIME	0.000
SIMULATE	Thesis/CarMaker_test

SIM_END		Thesis/CarMaker_test	0s	0m
APPLICATION	CarMaker 12.0.1 - Car_Generic #5 (win64-12.0.1)
COMPILED	jetbrains@66e0c34c4bd1 2023-05-24 12:39:25
 
		I/O Configuration: default
SIM_START	Thesis/CarMaker_test	2023-11-16 22:42:01
TIME	0.000
SIMULATE	Thesis/CarMaker_test

TIME	10.637
SIM_END		Thesis/CarMaker_test	10.634s	99.957m
APPLICATION	CarMaker 12.0.1 - Car_Generic #5 (win64-12.0.1)
COMPILED	jetbrains@66e0c34c4bd1 2023-05-24 12:39:25
 
		I/O Configuration: default
SIM_START	Thesis/CarMaker_test	2023-11-16 22:44:17
TIME	0.000
SIMULATE	Thesis/CarMaker_test

TIME	21.860
SIM_END		Thesis/CarMaker_test	21.857s	383.287m
APPLICATION	CarMaker 12.0.1 - Car_Generic #5 (win64-12.0.1)
COMPILED	jetbrains@66e0c34c4bd1 2023-05-24 12:39:25
 
		I/O Configuration: default
SIM_START	Thesis/CarMaker_test	2023-11-16 22:44:55
TIME	0.000
SIMULATE	Thesis/CarMaker_test

TIME	9.284
SIM_END		Thesis/CarMaker_test	9.281s	70.7349m
APPLICATION	CarMaker 12.0.1 - Car_Generic #5 (win64-12.0.1)
COMPILED	jetbrains@66e0c34c4bd1 2023-05-24 12:39:25
 
		I/O Configuration: default
SIM_START	Thesis/CarMaker_test	2023-11-16 22:45:41
TIME	0.000
SIMULATE	Thesis/CarMaker_test

TIME	13.342
SIM_END		Thesis/CarMaker_test	13.339s	170.089m
APPLICATION	CarMaker 12.0.1 - Car_Generic #5 (win64-12.0.1)
COMPILED	jetbrains@66e0c34c4bd1 2023-05-24 12:39:25
 
		I/O Configuration: default
SIM_START	Thesis/CarMaker_test	2023-11-17 08:57:33
TIME	0.000
SIMULATE	Thesis/CarMaker_test

TIME	12.266
SIM_END		Thesis/CarMaker_test	12.263s	140.624m
APPLICATION	CarMaker 12.0.1 - Car_Generic #5 (win64-12.0.1)
COMPILED	jetbrains@66e0c34c4bd1 2023-05-24 12:39:25
 
		I/O Configuration: default
SIM_START	Thesis/CarMaker_test	2023-11-17 09:08:52
TIME	0.001
		Current random seed value = 1700208532
TIME	0.000
SIMULATE	Thesis/CarMaker_test

TIME	43.933
SIM_END		Thesis/CarMaker_test	43.93s	870.956m
APPLICATION	CarMaker 12.0.1 - Car_Generic #5 (win64-12.0.1)
COMPILED	jetbrains@66e0c34c4bd1 2023-05-24 12:39:25
 
		I/O Configuration: default
SIM_START	Thesis/CarMaker_test	2023-11-17 09:15:38
TIME	0.001
		Current random seed value = 1700208938
TIME	0.000
SIMULATE	Thesis/CarMaker_test

TIME	21.761
ERROR		Vehicle leaves road at about x=7.0574, y=130.703 TireNo=1
SIM_ABORT	Thesis/CarMaker_test	21.764s	554.993m
APPLICATION	CarMaker 12.0.1 - Car_Generic #5 (win64-12.0.1)
COMPILED	jetbrains@66e0c34c4bd1 2023-05-24 12:39:25
 
		I/O Configuration: default
SIM_START	Thesis/CarMaker_test	2023-11-17 09:17:31
TIME	0.001
		Current random seed value = 1700209051
TIME	0.000
SIMULATE	Thesis/CarMaker_test

TIME	45.774
SIM_END		Thesis/CarMaker_test	45.774s	956.052m
APPLICATION	CarMaker 12.0.1 - Car_Generic #5 (win64-12.0.1)
COMPILED	jetbrains@66e0c34c4bd1 2023-05-24 12:39:25
 
		I/O Configuration: default
SIM_START	Thesis/CarMaker_test	2023-11-17 09:22:19
TIME	0.001
		Current random seed value = 1700209339
TIME	0.000
SIMULATE	Thesis/CarMaker_test

ERROR		IPGRoad5-block 'Road_estimation': Given XYZ is off road, XYZ=(   0.000;   0.000;   0.000)
SIM_ABORT	Thesis/CarMaker_test	0s	0m
APPLICATION	CarMaker 12.0.1 - Car_Generic #5 (win64-12.0.1)
COMPILED	jetbrains@66e0c34c4bd1 2023-05-24 12:39:25
 
		I/O Configuration: default
SIM_START	Thesis/CarMaker_test	2023-11-17 09:33:44
TIME	0.001
		Current random seed value = 1700210024
TIME	0.000
SIMULATE	Thesis/CarMaker_test

TIME	13.581
SIM_END		Thesis/CarMaker_test	13.578s	73.1254m
APPLICATION	CarMaker 12.0.1 - Car_Generic #5 (win64-12.0.1)
COMPILED	jetbrains@66e0c34c4bd1 2023-05-24 12:39:25
 
		I/O Configuration: default
SIM_START	Thesis/CarMaker_test	2023-11-17 09:38:47
TIME	0.001
		Current random seed value = 1700210327
TIME	0.000
SIMULATE	Thesis/CarMaker_test

TIME	5.272
SIM_END		Thesis/CarMaker_test	5.269s	13.3205m
APPLICATION	CarMaker 12.0.1 - Car_Generic #5 (win64-12.0.1)
COMPILED	jetbrains@66e0c34c4bd1 2023-05-24 12:39:25
 
		I/O Configuration: default
SIM_START	Thesis/CarMaker_test	2023-11-17 09:47:35
TIME	0.001
		Current random seed value = 1700210855
TIME	0.000
SIMULATE	Thesis/CarMaker_test

TIME	44.823
SIM_END		Thesis/CarMaker_test	44.823s	955.991m
APPLICATION	CarMaker 12.0.1 - Car_Generic #5 (win64-12.0.1)
COMPILED	jetbrains@66e0c34c4bd1 2023-05-24 12:39:25
 
		I/O Configuration: default
SIM_START	Thesis/CarMaker_test	2023-11-17 09:51:04
TIME	0.001
		Current random seed value = 1700211064
TIME	0.000
SIMULATE	Thesis/CarMaker_test

TIME	72.339
SIM_END		Thesis/CarMaker_test	72.339s	956.484m
APPLICATION	CarMaker 12.0.1 - Car_Generic #5 (win64-12.0.1)
COMPILED	jetbrains@66e0c34c4bd1 2023-05-24 12:39:25
 
		I/O Configuration: default
SIM_START	Thesis/CarMaker_test	2023-11-17 10:01:13
TIME	0.001
		Current random seed value = 1700211673
TIME	0.000
SIMULATE	Thesis/CarMaker_test

SIM_END		Thesis/CarMaker_test	0s	0m
