APPLICATION	CarMaker 12.0.1 - Car_Generic #3 (win64-12.0.1)
COMPILED	jetbrains@66e0c34c4bd1 2023-05-24 12:39:09
 
		I/O Configuration: default
FIRST_INIT	(internal default used)	2023-11-20 22:15:49
TIME	0.000
SIM_END			0s	0m
IDLE	22:15:50
SIM_START	Thesis/CarMaker_test	2023-11-20 22:15:51
TIME	0.000
SIMULATE	Thesis/CarMaker_test

TIME	2.118
SIM_END		Thesis/CarMaker_test	2.115s	0.144554m
TIME	6.898
SIM_START	Examples/BasicFunctions/Road/Measured/3DMapping_USA_HighwayNo1	2023-11-20 22:16:42
TIME	0.000
SIMULATE	Examples/BasicFunctions/Road/Measured/3DMapping_USA_HighwayNo1

TIME	20.107
SIM_END		Examples/BasicFunctions/Road/Measured/3DMapping_USA_HighwayNo1	20.103s	338.946m
SIM_START	Examples/BasicFunctions/Sensors/RoadSensor_DetectBendAndMarker	2023-11-20 22:17:18
TIME	0.000
SIMULATE	Examples/BasicFunctions/Sensors/RoadSensor_DetectBendAndMarker

TIME	28.892
SIM_END		Examples/BasicFunctions/Sensors/RoadSensor_DetectBendAndMarker	28.889s	495.661m
TIME	37.255
SHUTDOWN	CarMaker quick shutdown initiated

