APPLICATION	CarMaker 12.0.1 - Car_Generic #5 (win64-12.0.1)
COMPILED	jetbrains@66e0c34c4bd1 2023-05-24 12:39:25
 
		I/O Configuration: default
SIM_START	Thesis/CarMaker_test	2023-11-27 13:48:42
TIME	0.000
SIMULATE	Thesis/CarMaker_test

TIME	33.694
SIM_END		Thesis/CarMaker_test	33.691s	681.906m
APPLICATION	CarMaker 12.0.1 - Car_Generic #5 (win64-12.0.1)
COMPILED	jetbrains@66e0c34c4bd1 2023-05-24 12:39:25
 
		I/O Configuration: default
SIM_START	Thesis/CarMaker_test	2023-11-27 13:52:28
TIME	0.000
SIMULATE	Thesis/CarMaker_test

TIME	18.683
SIM_END		Thesis/CarMaker_test	18.68s	316.006m
APPLICATION	CarMaker 12.0.1 - Car_Generic #5 (win64-12.0.1)
COMPILED	jetbrains@66e0c34c4bd1 2023-05-24 12:39:25
 
		I/O Configuration: default
SIM_START	Thesis/CarMaker_test	2023-11-27 13:53:34
TIME	0.000
SIMULATE	Thesis/CarMaker_test

TIME	9.223
SIM_END		Thesis/CarMaker_test	9.22s	74.7163m
APPLICATION	CarMaker 12.0.1 - Car_Generic #5 (win64-12.0.1)
COMPILED	jetbrains@66e0c34c4bd1 2023-05-24 12:39:25
 
		I/O Configuration: default
SIM_START	Thesis/CarMaker_test	2023-11-27 13:54:14
TIME	0.000
SIMULATE	Thesis/CarMaker_test

TIME	22.005
SIM_END		Thesis/CarMaker_test	22.002s	395.134m
APPLICATION	CarMaker 12.0.1 - Car_Generic #5 (win64-12.0.1)
COMPILED	jetbrains@66e0c34c4bd1 2023-05-24 12:39:25
 
		I/O Configuration: default
SIM_START	Thesis/CarMaker_test	2023-11-27 13:54:54
TIME	0.000
SIMULATE	Thesis/CarMaker_test

TIME	43.906
SIM_END		Thesis/CarMaker_test	43.906s	955.989m
APPLICATION	CarMaker 12.0.1 - Car_Generic #5 (win64-12.0.1)
COMPILED	jetbrains@66e0c34c4bd1 2023-05-24 12:39:25
 
		I/O Configuration: default
SIM_START	Thesis/CarMaker_test	2023-11-27 13:57:12
TIME	0.000
SIMULATE	Thesis/CarMaker_test

TIME	26.057
SIM_END		Thesis/CarMaker_test	26.054s	496.384m
APPLICATION	CarMaker 12.0.1 - Car_Generic #5 (win64-12.0.1)
COMPILED	jetbrains@66e0c34c4bd1 2023-05-24 12:39:25
 
		I/O Configuration: default
SIM_START	Thesis/CarMaker_test	2023-11-27 13:58:20
TIME	0.000
SIMULATE	Thesis/CarMaker_test

TIME	43.906
SIM_END		Thesis/CarMaker_test	43.906s	955.989m
APPLICATION	CarMaker 12.0.1 - Car_Generic #5 (win64-12.0.1)
COMPILED	jetbrains@66e0c34c4bd1 2023-05-24 12:39:25
 
		I/O Configuration: default
SIM_START	Thesis/CarMaker_test	2023-11-27 13:59:56
TIME	0.000
SIMULATE	Thesis/CarMaker_test

TIME	43.906
SIM_END		Thesis/CarMaker_test	43.906s	955.989m
APPLICATION	CarMaker 12.0.1 - Car_Generic #5 (win64-12.0.1)
COMPILED	jetbrains@66e0c34c4bd1 2023-05-24 12:39:25
 
		I/O Configuration: default
SIM_START	Thesis/CarMaker_test	2023-11-27 14:00:57
TIME	0.000
SIMULATE	Thesis/CarMaker_test

TIME	17.728
SIM_END		Thesis/CarMaker_test	17.725s	293.044m
APPLICATION	CarMaker 12.0.1 - Car_Generic #5 (win64-12.0.1)
COMPILED	jetbrains@66e0c34c4bd1 2023-05-24 12:39:25
 
		I/O Configuration: default
SIM_START	Thesis/CarMaker_test	2023-11-27 14:01:38
TIME	0.000
SIMULATE	Thesis/CarMaker_test

TIME	43.906
SIM_END		Thesis/CarMaker_test	43.906s	955.989m
APPLICATION	CarMaker 12.0.1 - Car_Generic #5 (win64-12.0.1)
COMPILED	jetbrains@66e0c34c4bd1 2023-05-24 12:39:25
 
		I/O Configuration: default
SIM_START	Thesis/CarMaker_test	2023-11-27 14:03:26
TIME	0.000
SIMULATE	Thesis/CarMaker_test

TIME	6.800
ERROR		ObjectByLane Sensor 0: ObjByLane Eval failed
SIM_ABORT	Thesis/CarMaker_test	6.803s	26.9707m
APPLICATION	CarMaker 12.0.1 - Car_Generic #5 (win64-12.0.1)
COMPILED	jetbrains@66e0c34c4bd1 2023-05-24 12:39:25
 
		I/O Configuration: default
SIM_START	Thesis/CarMaker_test	2023-11-27 14:03:56
TIME	0.000
SIMULATE	Thesis/CarMaker_test

TIME	6.800
ERROR		ObjectByLane Sensor 0: ObjByLane Eval failed
SIM_ABORT	Thesis/CarMaker_test	6.803s	26.9707m
APPLICATION	CarMaker 12.0.1 - Car_Generic #5 (win64-12.0.1)
COMPILED	jetbrains@66e0c34c4bd1 2023-05-24 12:39:25
 
		I/O Configuration: default
SIM_START	Thesis/CarMaker_test	2023-11-27 14:04:58
TIME	0.000
SIMULATE	Thesis/CarMaker_test

ERROR		Embedded FARoadSensor Geo:  xyz (nan nan nan) not found on Road
SIM_ABORT	Thesis/CarMaker_test	0.462s	0.00699555m
APPLICATION	CarMaker 12.0.1 - Car_Generic #5 (win64-12.0.1)
COMPILED	jetbrains@66e0c34c4bd1 2023-05-24 12:39:25
 
		I/O Configuration: default
SIM_START	Thesis/CarMaker_test	2023-11-27 14:05:59
TIME	0.000
SIMULATE	Thesis/CarMaker_test

ERROR		Embedded FARoadSensor Geo:  xyz (nan nan nan) not found on Road
SIM_ABORT	Thesis/CarMaker_test	0.466s	0.00704294m
APPLICATION	CarMaker 12.0.1 - Car_Generic #5 (win64-12.0.1)
COMPILED	jetbrains@66e0c34c4bd1 2023-05-24 12:39:25
 
		I/O Configuration: default
SIM_START	Thesis/CarMaker_test	2023-11-27 14:06:58
TIME	0.000
SIMULATE	Thesis/CarMaker_test

TIME	6.800
ERROR		ObjectByLane Sensor 0: ObjByLane Eval failed
SIM_ABORT	Thesis/CarMaker_test	6.803s	27.131m
APPLICATION	CarMaker 12.0.1 - Car_Generic #5 (win64-12.0.1)
COMPILED	jetbrains@66e0c34c4bd1 2023-05-24 12:39:25
 
		I/O Configuration: default
SIM_START	Thesis/CarMaker_test	2023-11-27 14:07:19
TIME	0.000
SIMULATE	Thesis/CarMaker_test

ERROR		Embedded FARoadSensor Geo:  xyz (nan nan nan) not found on Road
SIM_ABORT	Thesis/CarMaker_test	0.752s	0.0210574m
APPLICATION	CarMaker 12.0.1 - Car_Generic #5 (win64-12.0.1)
COMPILED	jetbrains@66e0c34c4bd1 2023-05-24 12:39:25
 
		I/O Configuration: default
SIM_START	Thesis/CarMaker_test	2023-11-27 14:07:53
TIME	0.000
SIMULATE	Thesis/CarMaker_test

ERROR		Embedded FARoadSensor Geo:  xyz (nan nan nan) not found on Road
SIM_ABORT	Thesis/CarMaker_test	0.756s	0.0212625m
APPLICATION	CarMaker 12.0.1 - Car_Generic #5 (win64-12.0.1)
COMPILED	jetbrains@66e0c34c4bd1 2023-05-24 12:39:25
 
		I/O Configuration: default
SIM_START	Thesis/CarMaker_test	2023-11-27 14:08:25
TIME	0.000
SIMULATE	Thesis/CarMaker_test

ERROR		Embedded FARoadSensor Geo:  xyz (nan nan nan) not found on Road
SIM_ABORT	Thesis/CarMaker_test	0.755s	0.021232m
APPLICATION	CarMaker 12.0.1 - Car_Generic #5 (win64-12.0.1)
COMPILED	jetbrains@66e0c34c4bd1 2023-05-24 12:39:25
 
		I/O Configuration: default
SIM_START	Thesis/CarMaker_test	2023-11-27 14:08:48
TIME	0.000
SIMULATE	Thesis/CarMaker_test

ERROR		Embedded FARoadSensor Geo:  xyz (nan nan nan) not found on Road
SIM_ABORT	Thesis/CarMaker_test	0.463s	0.0139588m
APPLICATION	CarMaker 12.0.1 - Car_Generic #5 (win64-12.0.1)
COMPILED	jetbrains@66e0c34c4bd1 2023-05-24 12:39:25
 
		I/O Configuration: default
SIM_START	Thesis/CarMaker_test	2023-11-27 14:09:18
TIME	0.000
SIMULATE	Thesis/CarMaker_test

ERROR		Embedded FARoadSensor Geo:  xyz (nan nan nan) not found on Road
SIM_ABORT	Thesis/CarMaker_test	0.464s	0.0139934m
APPLICATION	CarMaker 12.0.1 - Car_Generic #5 (win64-12.0.1)
COMPILED	jetbrains@66e0c34c4bd1 2023-05-24 12:39:25
 
		I/O Configuration: default
SIM_START	Thesis/CarMaker_test	2023-11-27 14:10:06
TIME	0.000
SIMULATE	Thesis/CarMaker_test

TIME	6.300
ERROR		ObjectByLane Sensor 0: ObjByLane Eval failed
SIM_ABORT	Thesis/CarMaker_test	6.303s	26.5289m
APPLICATION	CarMaker 12.0.1 - Car_Generic #5 (win64-12.0.1)
COMPILED	jetbrains@66e0c34c4bd1 2023-05-24 12:39:25
 
		I/O Configuration: default
SIM_START	Thesis/CarMaker_test	2023-11-27 14:10:29
TIME	0.000
SIMULATE	Thesis/CarMaker_test

TIME	8.300
ERROR		ObjectByLane Sensor 0: ObjByLane Eval failed
SIM_ABORT	Thesis/CarMaker_test	8.303s	56.7882m
