APPLICATION	CarMaker 12.0.1 - Car_Generic #5 (win64-12.0.1)
COMPILED	jetbrains@66e0c34c4bd1 2023-05-24 12:39:25
 
		I/O Configuration: default
SIM_START	Thesis/CarMaker_test	2023-12-23 12:05:20
TIME	0.001
		Current random seed value = 1703329520
TIME	0.000
SIMULATE	Thesis/CarMaker_test

SIM_END		Thesis/CarMaker_test	0s	0m
APPLICATION	CarMaker 12.0.1 - Car_Generic #5 (win64-12.0.1)
COMPILED	jetbrains@66e0c34c4bd1 2023-05-24 12:39:25
 
		I/O Configuration: default
SIM_START	Thesis/CarMaker_test	2023-12-23 12:06:44
TIME	0.001
		Current random seed value = 1703329604
TIME	0.000
SIMULATE	Thesis/CarMaker_test

TIME	16.072
SIM_END		Thesis/CarMaker_test	16.069s	2.70816m
APPLICATION	CarMaker 12.0.1 - Car_Generic #5 (win64-12.0.1)
COMPILED	jetbrains@66e0c34c4bd1 2023-05-24 12:39:25
 
		I/O Configuration: default
SIM_START	Thesis/CarMaker_test	2023-12-23 12:09:02
TIME	0.001
		Current random seed value = 1703329742
TIME	0.000
SIMULATE	Thesis/CarMaker_test

TIME	6.012
SIM_END		Thesis/CarMaker_test	6.009s	1.54188m
APPLICATION	CarMaker 12.0.1 - Car_Generic #5 (win64-12.0.1)
COMPILED	jetbrains@66e0c34c4bd1 2023-05-24 12:39:25
 
		I/O Configuration: default
SIM_START	Thesis/CarMaker_test	2023-12-23 12:10:13
TIME	0.001
		Current random seed value = 1703329813
TIME	0.000
SIMULATE	Thesis/CarMaker_test

TIME	6.520
SIM_END		Thesis/CarMaker_test	6.517s	1.54241m
APPLICATION	CarMaker 12.0.1 - Car_Generic #5 (win64-12.0.1)
COMPILED	jetbrains@66e0c34c4bd1 2023-05-24 12:39:25
 
		I/O Configuration: default
SIM_START	Thesis/CarMaker_test	2023-12-23 12:12:02
TIME	0.001
		Current random seed value = 1703329922
TIME	0.000
SIMULATE	Thesis/CarMaker_test

TIME	6.349
SIM_END		Thesis/CarMaker_test	6.346s	1.54221m
APPLICATION	CarMaker 12.0.1 - Car_Generic #5 (win64-12.0.1)
COMPILED	jetbrains@66e0c34c4bd1 2023-05-24 12:39:25
 
		I/O Configuration: default
SIM_START	Thesis/CarMaker_test	2023-12-23 12:13:32
TIME	0.001
		Current random seed value = 1703330012
TIME	0.000
SIMULATE	Thesis/CarMaker_test

TIME	14.301
SIM_END		Thesis/CarMaker_test	14.298s	2.58713m
APPLICATION	CarMaker 12.0.1 - Car_Generic #5 (win64-12.0.1)
COMPILED	jetbrains@66e0c34c4bd1 2023-05-24 12:39:25
 
		I/O Configuration: default
SIM_START	Thesis/CarMaker_test	2023-12-23 12:15:30
TIME	0.001
		Current random seed value = 1703330130
TIME	0.000
SIMULATE	Thesis/CarMaker_test

TIME	7.529
SIM_END		Thesis/CarMaker_test	7.526s	1.85227m
APPLICATION	CarMaker 12.0.1 - Car_Generic #5 (win64-12.0.1)
COMPILED	jetbrains@66e0c34c4bd1 2023-05-24 12:39:25
 
		I/O Configuration: default
SIM_START	Thesis/CarMaker_test	2023-12-23 12:16:42
TIME	0.001
		Current random seed value = 1703330202
TIME	0.000
SIMULATE	Thesis/CarMaker_test

TIME	6.386
SIM_END		Thesis/CarMaker_test	6.383s	1.54225m
APPLICATION	CarMaker 12.0.1 - Car_Generic #5 (win64-12.0.1)
COMPILED	jetbrains@66e0c34c4bd1 2023-05-24 12:39:25
 
		I/O Configuration: default
SIM_START	Thesis/CarMaker_test	2023-12-23 12:17:33
TIME	0.001
		Current random seed value = 1703330253
TIME	0.000
SIMULATE	Thesis/CarMaker_test

TIME	13.278
SIM_END		Thesis/CarMaker_test	13.275s	2.57639m
APPLICATION	CarMaker 12.0.1 - Car_Generic #5 (win64-12.0.1)
COMPILED	jetbrains@66e0c34c4bd1 2023-05-24 12:39:25
 
		I/O Configuration: default
SIM_START	Thesis/CarMaker_test	2023-12-23 12:20:58
TIME	0.001
		Current random seed value = 1703330458
TIME	0.000
SIMULATE	Thesis/CarMaker_test

TIME	9.326
SIM_END		Thesis/CarMaker_test	9.323s	1.65293m
APPLICATION	CarMaker 12.0.1 - Car_Generic #5 (win64-12.0.1)
COMPILED	jetbrains@66e0c34c4bd1 2023-05-24 12:39:25
 
		I/O Configuration: default
SIM_START	Thesis/CarMaker_test	2023-12-23 12:22:45
TIME	0.001
		Current random seed value = 1703330565
TIME	0.000
SIMULATE	Thesis/CarMaker_test

TIME	12.453
SIM_END		Thesis/CarMaker_test	12.45s	20.1964m
APPLICATION	CarMaker 12.0.1 - Car_Generic #5 (win64-12.0.1)
COMPILED	jetbrains@66e0c34c4bd1 2023-05-24 12:39:25
 
		I/O Configuration: default
SIM_START	Thesis/CarMaker_test	2023-12-23 12:24:55
TIME	0.001
		Current random seed value = 1703330695
TIME	0.000
SIMULATE	Thesis/CarMaker_test

TIME	49.242
SIM_END		Thesis/CarMaker_test	49.239s	1.48933m
APPLICATION	CarMaker 12.0.1 - Car_Generic #5 (win64-12.0.1)
COMPILED	jetbrains@66e0c34c4bd1 2023-05-24 12:39:25
 
		I/O Configuration: default
SIM_START	Thesis/CarMaker_test	2023-12-23 12:29:53
TIME	0.001
		Current random seed value = 1703330993
TIME	0.000
SIMULATE	Thesis/CarMaker_test

TIME	11.070
SIM_END		Thesis/CarMaker_test	11.067s	6.66076m
APPLICATION	CarMaker 12.0.1 - Car_Generic #5 (win64-12.0.1)
COMPILED	jetbrains@66e0c34c4bd1 2023-05-24 12:39:25
 
		I/O Configuration: default
SIM_START	Thesis/CarMaker_test	2023-12-23 12:32:12
TIME	0.001
		Current random seed value = 1703331132
TIME	0.000
SIMULATE	Thesis/CarMaker_test

TIME	5.962
SIM_END		Thesis/CarMaker_test	5.959s	6.65145m
APPLICATION	CarMaker 12.0.1 - Car_Generic #5 (win64-12.0.1)
COMPILED	jetbrains@66e0c34c4bd1 2023-05-24 12:39:25
 
		I/O Configuration: default
SIM_START	Thesis/CarMaker_test	2023-12-23 12:33:10
TIME	0.001
		Current random seed value = 1703331190
TIME	0.000
SIMULATE	Thesis/CarMaker_test

TIME	6.071
SIM_END		Thesis/CarMaker_test	6.068s	6.65208m
APPLICATION	CarMaker 12.0.1 - Car_Generic #5 (win64-12.0.1)
COMPILED	jetbrains@66e0c34c4bd1 2023-05-24 12:39:25
 
		I/O Configuration: default
SIM_START	Thesis/CarMaker_test	2023-12-23 12:34:13
TIME	0.001
		Current random seed value = 1703331253
TIME	0.000
SIMULATE	Thesis/CarMaker_test

TIME	6.007
SIM_END		Thesis/CarMaker_test	6.004s	6.65172m
APPLICATION	CarMaker 12.0.1 - Car_Generic #5 (win64-12.0.1)
COMPILED	jetbrains@66e0c34c4bd1 2023-05-24 12:39:25
 
		I/O Configuration: default
SIM_START	Thesis/CarMaker_test	2023-12-23 12:35:11
TIME	0.001
		Current random seed value = 1703331311
TIME	0.000
SIMULATE	Thesis/CarMaker_test

TIME	5.015
SIM_END		Thesis/CarMaker_test	5.012s	6.63924m
APPLICATION	CarMaker 12.0.1 - Car_Generic #5 (win64-12.0.1)
COMPILED	jetbrains@66e0c34c4bd1 2023-05-24 12:39:25
 
		I/O Configuration: default
SIM_START	Thesis/CarMaker_test	2023-12-23 12:36:53
TIME	0.001
		Current random seed value = 1703331413
TIME	0.000
SIMULATE	Thesis/CarMaker_test

TIME	4.161
SIM_END		Thesis/CarMaker_test	4.158s	5.91577m
APPLICATION	CarMaker 12.0.1 - Car_Generic #5 (win64-12.0.1)
COMPILED	jetbrains@66e0c34c4bd1 2023-05-24 12:39:25
 
		I/O Configuration: default
SIM_START	Thesis/CarMaker_test	2023-12-23 12:37:35
TIME	0.001
		Current random seed value = 1703331455
TIME	0.000
SIMULATE	Thesis/CarMaker_test

TIME	3.714
SIM_END		Thesis/CarMaker_test	3.711s	4.9997m
APPLICATION	CarMaker 12.0.1 - Car_Generic #5 (win64-12.0.1)
COMPILED	jetbrains@66e0c34c4bd1 2023-05-24 12:39:25
 
		I/O Configuration: default
SIM_START	Thesis/CarMaker_test	2023-12-23 12:38:30
TIME	0.001
		Current random seed value = 1703331510
TIME	0.000
SIMULATE	Thesis/CarMaker_test

TIME	5.830
SIM_END		Thesis/CarMaker_test	5.827s	6.65062m
APPLICATION	CarMaker 12.0.1 - Car_Generic #5 (win64-12.0.1)
COMPILED	jetbrains@66e0c34c4bd1 2023-05-24 12:39:25
 
		I/O Configuration: default
SIM_START	Thesis/CarMaker_test	2023-12-23 12:39:25
TIME	0.001
		Current random seed value = 1703331565
TIME	0.000
SIMULATE	Thesis/CarMaker_test

TIME	2.512
SIM_END		Thesis/CarMaker_test	2.509s	1.80601m
APPLICATION	CarMaker 12.0.1 - Car_Generic #5 (win64-12.0.1)
COMPILED	jetbrains@66e0c34c4bd1 2023-05-24 12:39:25
 
		I/O Configuration: default
SIM_START	Thesis/CarMaker_test	2023-12-23 12:40:05
TIME	0.001
		Current random seed value = 1703331605
TIME	0.000
SIMULATE	Thesis/CarMaker_test

TIME	6.061
SIM_END		Thesis/CarMaker_test	6.058s	6.65203m
APPLICATION	CarMaker 12.0.1 - Car_Generic #5 (win64-12.0.1)
COMPILED	jetbrains@66e0c34c4bd1 2023-05-24 12:39:25
 
		I/O Configuration: default
SIM_START	Thesis/CarMaker_test	2023-12-23 12:40:55
TIME	0.001
		Current random seed value = 1703331655
TIME	0.000
SIMULATE	Thesis/CarMaker_test

TIME	4.856
SIM_END		Thesis/CarMaker_test	4.853s	6.62915m
APPLICATION	CarMaker 12.0.1 - Car_Generic #5 (win64-12.0.1)
COMPILED	jetbrains@66e0c34c4bd1 2023-05-24 12:39:25
 
		I/O Configuration: default
SIM_START	Thesis/CarMaker_test	2023-12-23 12:42:18
TIME	0.001
		Current random seed value = 1703331738
TIME	0.000
SIMULATE	Thesis/CarMaker_test

TIME	3.930
SIM_END		Thesis/CarMaker_test	3.927s	5.42512m
APPLICATION	CarMaker 12.0.1 - Car_Generic #5 (win64-12.0.1)
COMPILED	jetbrains@66e0c34c4bd1 2023-05-24 12:39:25
 
		I/O Configuration: default
SIM_START	Thesis/CarMaker_test	2023-12-23 12:43:24
TIME	0.001
		Current random seed value = 1703331804
TIME	0.000
SIMULATE	Thesis/CarMaker_test

TIME	11.856
SIM_END		Thesis/CarMaker_test	11.853s	6.66091m
APPLICATION	CarMaker 12.0.1 - Car_Generic #5 (win64-12.0.1)
COMPILED	jetbrains@66e0c34c4bd1 2023-05-24 12:39:25
 
		I/O Configuration: default
SIM_START	Thesis/CarMaker_test	2023-12-23 12:44:53
TIME	0.001
		Current random seed value = 1703331893
TIME	0.000
SIMULATE	Thesis/CarMaker_test

TIME	9.513
SIM_END		Thesis/CarMaker_test	9.51s	6.66012m
APPLICATION	CarMaker 12.0.1 - Car_Generic #5 (win64-12.0.1)
COMPILED	jetbrains@66e0c34c4bd1 2023-05-24 12:39:25
 
		I/O Configuration: default
SIM_START	Thesis/CarMaker_test	2023-12-23 12:46:21
TIME	0.001
		Current random seed value = 1703331981
TIME	0.000
SIMULATE	Thesis/CarMaker_test

TIME	12.066
SIM_END		Thesis/CarMaker_test	12.063s	6.66094m
APPLICATION	CarMaker 12.0.1 - Car_Generic #5 (win64-12.0.1)
COMPILED	jetbrains@66e0c34c4bd1 2023-05-24 12:39:25
 
		I/O Configuration: default
SIM_START	Thesis/CarMaker_test	2023-12-23 12:47:21
TIME	0.001
		Current random seed value = 1703332041
TIME	0.000
SIMULATE	Thesis/CarMaker_test

TIME	3.853
SIM_END		Thesis/CarMaker_test	3.85s	5.27139m
APPLICATION	CarMaker 12.0.1 - Car_Generic #5 (win64-12.0.1)
COMPILED	jetbrains@66e0c34c4bd1 2023-05-24 12:39:25
 
		I/O Configuration: default
SIM_START	Thesis/CarMaker_test	2023-12-23 12:47:56
TIME	0.001
		Current random seed value = 1703332076
TIME	0.000
SIMULATE	Thesis/CarMaker_test

TIME	13.840
SIM_END		Thesis/CarMaker_test	13.837s	6.66106m
APPLICATION	CarMaker 12.0.1 - Car_Generic #5 (win64-12.0.1)
COMPILED	jetbrains@66e0c34c4bd1 2023-05-24 12:39:25
 
		I/O Configuration: default
SIM_START	Thesis/CarMaker_test	2023-12-23 12:48:44
TIME	0.001
		Current random seed value = 1703332124
TIME	0.000
SIMULATE	Thesis/CarMaker_test

TIME	11.862
SIM_END		Thesis/CarMaker_test	11.859s	6.66091m
APPLICATION	CarMaker 12.0.1 - Car_Generic #5 (win64-12.0.1)
COMPILED	jetbrains@66e0c34c4bd1 2023-05-24 12:39:25
 
		I/O Configuration: default
SIM_START	Thesis/CarMaker_test	2023-12-23 12:51:01
TIME	0.001
		Current random seed value = 1703332261
TIME	0.000
SIMULATE	Thesis/CarMaker_test

TIME	7.646
SIM_END		Thesis/CarMaker_test	7.643s	6.65784m
APPLICATION	CarMaker 12.0.1 - Car_Generic #5 (win64-12.0.1)
COMPILED	jetbrains@66e0c34c4bd1 2023-05-24 12:39:25
 
		I/O Configuration: default
SIM_START	Thesis/CarMaker_test	2023-12-23 12:52:11
TIME	0.001
		Current random seed value = 1703332331
TIME	0.000
SIMULATE	Thesis/CarMaker_test

TIME	6.179
SIM_END		Thesis/CarMaker_test	6.176s	6.40911m
APPLICATION	CarMaker 12.0.1 - Car_Generic #5 (win64-12.0.1)
COMPILED	jetbrains@66e0c34c4bd1 2023-05-24 12:39:25
 
		I/O Configuration: default
SIM_START	Thesis/CarMaker_test	2023-12-23 12:53:40
TIME	0.001
		Current random seed value = 1703332420
TIME	0.000
SIMULATE	Thesis/CarMaker_test

TIME	6.887
SIM_END		Thesis/CarMaker_test	6.884s	6.44234m
APPLICATION	CarMaker 12.0.1 - Car_Generic #5 (win64-12.0.1)
COMPILED	jetbrains@66e0c34c4bd1 2023-05-24 12:39:25
 
		I/O Configuration: default
SIM_START	Thesis/CarMaker_test	2023-12-23 12:54:52
TIME	0.001
		Current random seed value = 1703332492
TIME	0.000
SIMULATE	Thesis/CarMaker_test

TIME	8.726
SIM_END		Thesis/CarMaker_test	8.723s	6.39057m
APPLICATION	CarMaker 12.0.1 - Car_Generic #5 (win64-12.0.1)
COMPILED	jetbrains@66e0c34c4bd1 2023-05-24 12:39:25
 
		I/O Configuration: default
SIM_START	Thesis/CarMaker_test	2023-12-23 13:04:24
TIME	0.001
		Current random seed value = 1703333064
TIME	0.000
SIMULATE	Thesis/CarMaker_test

TIME	9.253
SIM_END		Thesis/CarMaker_test	9.25s	6.10389m
APPLICATION	CarMaker 12.0.1 - Car_Generic #5 (win64-12.0.1)
COMPILED	jetbrains@66e0c34c4bd1 2023-05-24 12:39:25
 
		I/O Configuration: default
SIM_START	Thesis/CarMaker_test	2023-12-23 13:05:57
TIME	0.001
		Current random seed value = 1703333157
TIME	0.000
SIMULATE	Thesis/CarMaker_test

TIME	3.882
SIM_END		Thesis/CarMaker_test	3.879s	3.04186m
APPLICATION	CarMaker 12.0.1 - Car_Generic #5 (win64-12.0.1)
COMPILED	jetbrains@66e0c34c4bd1 2023-05-24 12:39:25
 
		I/O Configuration: default
SIM_START	Thesis/CarMaker_test	2023-12-23 13:06:42
TIME	0.001
		Current random seed value = 1703333202
TIME	0.000
SIMULATE	Thesis/CarMaker_test

TIME	9.533
SIM_END		Thesis/CarMaker_test	9.53s	6.66013m
APPLICATION	CarMaker 12.0.1 - Car_Generic #5 (win64-12.0.1)
COMPILED	jetbrains@66e0c34c4bd1 2023-05-24 12:39:25
 
		I/O Configuration: default
SIM_START	Thesis/CarMaker_test	2023-12-23 13:11:52
TIME	0.001
		Current random seed value = 1703333512
TIME	0.000
SIMULATE	Thesis/CarMaker_test

TIME	7.189
SIM_END		Thesis/CarMaker_test	7.186s	4.96623m
APPLICATION	CarMaker 12.0.1 - Car_Generic #5 (win64-12.0.1)
COMPILED	jetbrains@66e0c34c4bd1 2023-05-24 12:39:25
 
		I/O Configuration: default
SIM_START	Thesis/CarMaker_test	2023-12-23 13:15:57
TIME	0.001
		Current random seed value = 1703333757
TIME	0.000
SIMULATE	Thesis/CarMaker_test

TIME	10.636
SIM_END		Thesis/CarMaker_test	10.633s	0.662259m
APPLICATION	CarMaker 12.0.1 - Car_Generic #5 (win64-12.0.1)
COMPILED	jetbrains@66e0c34c4bd1 2023-05-24 12:39:25
 
		I/O Configuration: default
SIM_START	Thesis/CarMaker_test	2023-12-23 13:17:08
TIME	0.001
		Current random seed value = 1703333828
TIME	0.000
SIMULATE	Thesis/CarMaker_test

TIME	6.090
SIM_END		Thesis/CarMaker_test	6.087s	5.62632m
APPLICATION	CarMaker 12.0.1 - Car_Generic #5 (win64-12.0.1)
COMPILED	jetbrains@66e0c34c4bd1 2023-05-24 12:39:25
 
		I/O Configuration: default
SIM_START	Thesis/CarMaker_test	2023-12-23 13:18:17
TIME	0.001
		Current random seed value = 1703333897
TIME	0.000
SIMULATE	Thesis/CarMaker_test

TIME	5.373
SIM_END		Thesis/CarMaker_test	5.37s	5.62271m
APPLICATION	CarMaker 12.0.1 - Car_Generic #5 (win64-12.0.1)
COMPILED	jetbrains@66e0c34c4bd1 2023-05-24 12:39:25
 
		I/O Configuration: default
SIM_START	Thesis/CarMaker_test	2023-12-23 13:20:33
TIME	0.001
		Current random seed value = 1703334033
TIME	0.000
SIMULATE	Thesis/CarMaker_test

TIME	6.041
SIM_END		Thesis/CarMaker_test	6.038s	5.90884m
APPLICATION	CarMaker 12.0.1 - Car_Generic #5 (win64-12.0.1)
COMPILED	jetbrains@66e0c34c4bd1 2023-05-24 12:39:25
 
		I/O Configuration: default
SIM_START	Thesis/CarMaker_test	2023-12-23 13:21:20
TIME	0.001
		Current random seed value = 1703334080
TIME	0.000
SIMULATE	Thesis/CarMaker_test

TIME	22.791
SIM_END		Thesis/CarMaker_test	22.788s	6.19131m
APPLICATION	CarMaker 12.0.1 - Car_Generic #5 (win64-12.0.1)
COMPILED	jetbrains@66e0c34c4bd1 2023-05-24 12:39:25
 
		I/O Configuration: default
SIM_START	Thesis/CarMaker_test	2023-12-23 13:22:52
TIME	0.001
		Current random seed value = 1703334172
TIME	0.000
SIMULATE	Thesis/CarMaker_test

TIME	5.750
SIM_END		Thesis/CarMaker_test	5.747s	6.12867m
APPLICATION	CarMaker 12.0.1 - Car_Generic #5 (win64-12.0.1)
COMPILED	jetbrains@66e0c34c4bd1 2023-05-24 12:39:25
 
		I/O Configuration: default
SIM_START	Thesis/CarMaker_test	2023-12-23 13:24:07
TIME	0.001
		Current random seed value = 1703334247
TIME	0.000
SIMULATE	Thesis/CarMaker_test

TIME	6.936
SIM_END		Thesis/CarMaker_test	6.933s	17.1117m
APPLICATION	CarMaker 12.0.1 - Car_Generic #5 (win64-12.0.1)
COMPILED	jetbrains@66e0c34c4bd1 2023-05-24 12:39:25
 
		I/O Configuration: default
SIM_START	Thesis/CarMaker_test	2023-12-23 13:25:28
TIME	0.001
		Current random seed value = 1703334328
TIME	0.000
SIMULATE	Thesis/CarMaker_test

TIME	5.351
SIM_END		Thesis/CarMaker_test	5.348s	9.83279m
APPLICATION	CarMaker 12.0.1 - Car_Generic #5 (win64-12.0.1)
COMPILED	jetbrains@66e0c34c4bd1 2023-05-24 12:39:25
 
		I/O Configuration: default
SIM_START	Thesis/CarMaker_test	2023-12-23 13:26:50
TIME	0.001
		Current random seed value = 1703334410
TIME	0.000
SIMULATE	Thesis/CarMaker_test

TIME	7.018
SIM_END		Thesis/CarMaker_test	7.015s	6.92432m
APPLICATION	CarMaker 12.0.1 - Car_Generic #5 (win64-12.0.1)
COMPILED	jetbrains@66e0c34c4bd1 2023-05-24 12:39:25
 
		I/O Configuration: default
SIM_START	Thesis/CarMaker_test	2023-12-23 13:27:37
TIME	0.001
		Current random seed value = 1703334457
TIME	0.000
SIMULATE	Thesis/CarMaker_test

TIME	10.366
SIM_END		Thesis/CarMaker_test	10.363s	6.79799m
APPLICATION	CarMaker 12.0.1 - Car_Generic #5 (win64-12.0.1)
COMPILED	jetbrains@66e0c34c4bd1 2023-05-24 12:39:25
 
		I/O Configuration: default
SIM_START	Thesis/CarMaker_test	2023-12-23 13:28:28
TIME	0.001
		Current random seed value = 1703334508
TIME	0.000
SIMULATE	Thesis/CarMaker_test

TIME	9.123
SIM_END		Thesis/CarMaker_test	9.12s	6.19039m
