APPLICATION	CarMaker 12.0.1 - Car_Generic #5 (win64-12.0.1)
COMPILED	jetbrains@66e0c34c4bd1 2023-05-24 12:39:25
 
		I/O Configuration: default
SIM_START	Thesis/CarMaker_test	2023-12-22 10:18:06
TIME	0.001
		Current random seed value = 1703236686
TIME	0.000
SIMULATE	Thesis/CarMaker_test

TIME	22.823
SIM_END		Thesis/CarMaker_test	22.82s	549.439m
APPLICATION	CarMaker 12.0.1 - Car_Generic #5 (win64-12.0.1)
COMPILED	jetbrains@66e0c34c4bd1 2023-05-24 12:39:25
 
		I/O Configuration: default
SIM_START	Thesis/CarMaker_test	2023-12-22 10:19:04
TIME	0.001
		Current random seed value = 1703236744
TIME	0.000
SIMULATE	Thesis/CarMaker_test

TIME	12.802
SIM_END		Thesis/CarMaker_test	12.799s	251.3m
APPLICATION	CarMaker 12.0.1 - Car_Generic #5 (win64-12.0.1)
COMPILED	jetbrains@66e0c34c4bd1 2023-05-24 12:39:25
 
		I/O Configuration: default
SIM_START	Thesis/CarMaker_test	2023-12-22 10:20:13
TIME	0.001
		Current random seed value = 1703236813
TIME	0.000
SIMULATE	Thesis/CarMaker_test

TIME	10.139
SIM_END		Thesis/CarMaker_test	10.136s	171.926m
APPLICATION	CarMaker 12.0.1 - Car_Generic #5 (win64-12.0.1)
COMPILED	jetbrains@66e0c34c4bd1 2023-05-24 12:39:25
 
		I/O Configuration: default
SIM_START	Thesis/CarMaker_test	2023-12-22 10:21:26
TIME	0.001
		Current random seed value = 1703236886
TIME	0.000
SIMULATE	Thesis/CarMaker_test

TIME	8.114
SIM_END		Thesis/CarMaker_test	8.111s	114.661m
APPLICATION	CarMaker 12.0.1 - Car_Generic #5 (win64-12.0.1)
COMPILED	jetbrains@66e0c34c4bd1 2023-05-24 12:39:25
 
		I/O Configuration: default
SIM_START	Thesis/CarMaker_test	2023-12-22 10:23:00
TIME	0.001
		Current random seed value = 1703236980
TIME	0.000
SIMULATE	Thesis/CarMaker_test

TIME	15.407
SIM_END		Thesis/CarMaker_test	15.404s	328.969m
APPLICATION	CarMaker 12.0.1 - Car_Generic #5 (win64-12.0.1)
COMPILED	jetbrains@66e0c34c4bd1 2023-05-24 12:39:25
 
		I/O Configuration: default
SIM_START	Thesis/CarMaker_test	2023-12-22 10:23:44
TIME	0.001
		Current random seed value = 1703237024
TIME	0.000
SIMULATE	Thesis/CarMaker_test

TIME	7.401
SIM_END		Thesis/CarMaker_test	7.398s	96.3142m
APPLICATION	CarMaker 12.0.1 - Car_Generic #5 (win64-12.0.1)
COMPILED	jetbrains@66e0c34c4bd1 2023-05-24 12:39:25
 
		I/O Configuration: default
SIM_START	Thesis/CarMaker_test	2023-12-22 10:24:13
TIME	0.001
		Current random seed value = 1703237053
TIME	0.000
SIMULATE	Thesis/CarMaker_test

TIME	4.383
SIM_END		Thesis/CarMaker_test	4.38s	32.0195m
APPLICATION	CarMaker 12.0.1 - Car_Generic #5 (win64-12.0.1)
COMPILED	jetbrains@66e0c34c4bd1 2023-05-24 12:39:25
 
		I/O Configuration: default
SIM_START	Thesis/CarMaker_test	2023-12-22 10:24:32
TIME	0.001
		Current random seed value = 1703237072
TIME	0.000
SIMULATE	Thesis/CarMaker_test

TIME	8.121
SIM_END		Thesis/CarMaker_test	8.118s	114.804m
APPLICATION	CarMaker 12.0.1 - Car_Generic #5 (win64-12.0.1)
COMPILED	jetbrains@66e0c34c4bd1 2023-05-24 12:39:25
 
		I/O Configuration: default
SIM_START	Thesis/CarMaker_test	2023-12-22 10:25:53
TIME	0.001
		Current random seed value = 1703237153
TIME	0.000
SIMULATE	Thesis/CarMaker_test

TIME	11.694
SIM_END		Thesis/CarMaker_test	11.691s	218.246m
APPLICATION	CarMaker 12.0.1 - Car_Generic #5 (win64-12.0.1)
COMPILED	jetbrains@66e0c34c4bd1 2023-05-24 12:39:25
 
		I/O Configuration: default
SIM_START	Thesis/CarMaker_test	2023-12-22 10:26:41
TIME	0.001
		Current random seed value = 1703237201
TIME	0.000
SIMULATE	Thesis/CarMaker_test

TIME	13.656
SIM_END		Thesis/CarMaker_test	13.653s	276.637m
APPLICATION	CarMaker 12.0.1 - Car_Generic #5 (win64-12.0.1)
COMPILED	jetbrains@66e0c34c4bd1 2023-05-24 12:39:25
 
		I/O Configuration: default
SIM_START	Thesis/CarMaker_test	2023-12-22 10:27:35
TIME	0.001
		Current random seed value = 1703237255
TIME	0.000
SIMULATE	Thesis/CarMaker_test

TIME	11.535
SIM_END		Thesis/CarMaker_test	11.532s	213.656m
APPLICATION	CarMaker 12.0.1 - Car_Generic #5 (win64-12.0.1)
COMPILED	jetbrains@66e0c34c4bd1 2023-05-24 12:39:25
 
		I/O Configuration: default
SIM_START	Thesis/CarMaker_test	2023-12-22 10:28:06
TIME	0.001
		Current random seed value = 1703237286
TIME	0.000
SIMULATE	Thesis/CarMaker_test

TIME	7.951
SIM_END		Thesis/CarMaker_test	7.948s	110.407m
APPLICATION	CarMaker 12.0.1 - Car_Generic #5 (win64-12.0.1)
COMPILED	jetbrains@66e0c34c4bd1 2023-05-24 12:39:25
 
		I/O Configuration: default
SIM_START	Thesis/CarMaker_test	2023-12-22 10:28:57
TIME	0.001
		Current random seed value = 1703237337
TIME	0.000
SIMULATE	Thesis/CarMaker_test

TIME	8.713
SIM_END		Thesis/CarMaker_test	8.71s	131.164m
APPLICATION	CarMaker 12.0.1 - Car_Generic #5 (win64-12.0.1)
COMPILED	jetbrains@66e0c34c4bd1 2023-05-24 12:39:25
 
		I/O Configuration: default
SIM_START	Thesis/CarMaker_test	2023-12-22 10:30:08
TIME	0.001
		Current random seed value = 1703237408
TIME	0.000
SIMULATE	Thesis/CarMaker_test

TIME	8.307
SIM_END		Thesis/CarMaker_test	8.304s	119.782m
APPLICATION	CarMaker 12.0.1 - Car_Generic #5 (win64-12.0.1)
COMPILED	jetbrains@66e0c34c4bd1 2023-05-24 12:39:25
 
		I/O Configuration: default
SIM_START	Thesis/CarMaker_test	2023-12-22 10:32:05
TIME	0.001
		Current random seed value = 1703237525
TIME	0.000
SIMULATE	Thesis/CarMaker_test

TIME	7.157
SIM_END		Thesis/CarMaker_test	7.154s	90.4604m
APPLICATION	CarMaker 12.0.1 - Car_Generic #5 (win64-12.0.1)
COMPILED	jetbrains@66e0c34c4bd1 2023-05-24 12:39:25
 
		I/O Configuration: default
SIM_START	Thesis/CarMaker_test	2023-12-22 10:32:38
TIME	0.001
		Current random seed value = 1703237558
TIME	0.000
SIMULATE	Thesis/CarMaker_test

TIME	8.517
SIM_END		Thesis/CarMaker_test	8.514s	125.552m
APPLICATION	CarMaker 12.0.1 - Car_Generic #5 (win64-12.0.1)
COMPILED	jetbrains@66e0c34c4bd1 2023-05-24 12:39:25
 
		I/O Configuration: default
SIM_START	Thesis/CarMaker_test	2023-12-22 10:34:03
TIME	0.001
		Current random seed value = 1703237643
TIME	0.000
SIMULATE	Thesis/CarMaker_test

TIME	8.608
SIM_END		Thesis/CarMaker_test	8.605s	127.878m
APPLICATION	CarMaker 12.0.1 - Car_Generic #5 (win64-12.0.1)
COMPILED	jetbrains@66e0c34c4bd1 2023-05-24 12:39:25
 
		I/O Configuration: default
SIM_START	Thesis/CarMaker_test	2023-12-22 10:34:51
TIME	0.001
		Current random seed value = 1703237691
TIME	0.000
SIMULATE	Thesis/CarMaker_test

TIME	6.849
SIM_END		Thesis/CarMaker_test	6.846s	83.039m
APPLICATION	CarMaker 12.0.1 - Car_Generic #5 (win64-12.0.1)
COMPILED	jetbrains@66e0c34c4bd1 2023-05-24 12:39:25
 
		I/O Configuration: default
SIM_START	Thesis/CarMaker_test	2023-12-22 10:35:24
TIME	0.001
		Current random seed value = 1703237724
TIME	0.000
SIMULATE	Thesis/CarMaker_test

TIME	7.148
SIM_END		Thesis/CarMaker_test	7.145s	90.2108m
APPLICATION	CarMaker 12.0.1 - Car_Generic #5 (win64-12.0.1)
COMPILED	jetbrains@66e0c34c4bd1 2023-05-24 12:39:25
 
		I/O Configuration: default
SIM_START	Thesis/CarMaker_test	2023-12-22 10:37:26
TIME	0.001
		Current random seed value = 1703237846
TIME	0.000
SIMULATE	Thesis/CarMaker_test

TIME	9.668
SIM_END		Thesis/CarMaker_test	9.665s	157.981m
APPLICATION	CarMaker 12.0.1 - Car_Generic #5 (win64-12.0.1)
COMPILED	jetbrains@66e0c34c4bd1 2023-05-24 12:39:25
 
		I/O Configuration: default
SIM_START	Thesis/CarMaker_test	2023-12-22 10:38:13
TIME	0.001
		Current random seed value = 1703237893
TIME	0.000
SIMULATE	Thesis/CarMaker_test

TIME	20.159
SIM_END		Thesis/CarMaker_test	20.156s	470.239m
APPLICATION	CarMaker 12.0.1 - Car_Generic #5 (win64-12.0.1)
COMPILED	jetbrains@66e0c34c4bd1 2023-05-24 12:39:25
 
		I/O Configuration: default
SIM_START	Thesis/CarMaker_test	2023-12-22 10:41:24
TIME	0.001
		Current random seed value = 1703238084
TIME	0.000
SIMULATE	Thesis/CarMaker_test

TIME	12.705
SIM_END		Thesis/CarMaker_test	12.702s	248.403m
