APPLICATION	CarMaker 12.0.1 - Car_Generic #5 (win64-12.0.1)
COMPILED	jetbrains@66e0c34c4bd1 2023-05-24 12:39:25
 
		I/O Configuration: default
SIM_START	Thesis/CarMaker_test	2023-11-20 12:28:27
TIME	0.000
SIMULATE	Thesis/CarMaker_test

TIME	20.003
SIM_END		Thesis/CarMaker_test	20s	339.268m
APPLICATION	CarMaker 12.0.1 - Car_Generic #5 (win64-12.0.1)
COMPILED	jetbrains@66e0c34c4bd1 2023-05-24 12:39:25
 
		I/O Configuration: default
SIM_START	Thesis/CarMaker_test	2023-11-20 12:29:17
TIME	0.000
SIMULATE	Thesis/CarMaker_test

TIME	20.003
SIM_END		Thesis/CarMaker_test	20s	339.268m
APPLICATION	CarMaker 12.0.1 - Car_Generic #5 (win64-12.0.1)
COMPILED	jetbrains@66e0c34c4bd1 2023-05-24 12:39:25
 
		I/O Configuration: default
SIM_START	Thesis/CarMaker_test	2023-11-20 12:30:21
TIME	0.000
SIMULATE	Thesis/CarMaker_test

TIME	20.003
SIM_END		Thesis/CarMaker_test	20s	339.268m
APPLICATION	CarMaker 12.0.1 - Car_Generic #5 (win64-12.0.1)
COMPILED	jetbrains@66e0c34c4bd1 2023-05-24 12:39:25
 
		I/O Configuration: default
SIM_START	Thesis/CarMaker_test	2023-11-20 12:32:55
TIME	0.000
SIMULATE	Thesis/CarMaker_test

TIME	40.003
SIM_END		Thesis/CarMaker_test	40s	834.641m
APPLICATION	CarMaker 12.0.1 - Car_Generic #5 (win64-12.0.1)
COMPILED	jetbrains@66e0c34c4bd1 2023-05-24 12:39:25
 
		I/O Configuration: default
SIM_START	Thesis/CarMaker_test	2023-11-20 12:33:56
TIME	0.000
SIMULATE	Thesis/CarMaker_test

TIME	40.003
SIM_END		Thesis/CarMaker_test	40s	834.641m
APPLICATION	CarMaker 12.0.1 - Car_Generic #5 (win64-12.0.1)
COMPILED	jetbrains@66e0c34c4bd1 2023-05-24 12:39:25
 
		I/O Configuration: default
SIM_START	Thesis/CarMaker_test	2023-11-20 12:35:57
TIME	0.000
SIMULATE	Thesis/CarMaker_test

TIME	40.003
SIM_END		Thesis/CarMaker_test	40s	834.641m
APPLICATION	CarMaker 12.0.1 - Car_Generic #5 (win64-12.0.1)
COMPILED	jetbrains@66e0c34c4bd1 2023-05-24 12:39:25
 
		I/O Configuration: default
SIM_START	Thesis/CarMaker_test	2023-11-20 13:25:24
TIME	0.000
SIMULATE	Thesis/CarMaker_test

TIME	9.969
SIM_END		Thesis/CarMaker_test	9.966s	85.0553m
APPLICATION	CarMaker 12.0.1 - Car_Generic #5 (win64-12.0.1)
COMPILED	jetbrains@66e0c34c4bd1 2023-05-24 12:39:25
 
		I/O Configuration: default
SIM_START	Thesis/CarMaker_test	2023-11-20 13:26:02
TIME	0.000
SIMULATE	Thesis/CarMaker_test

TIME	23.626
SIM_END		Thesis/CarMaker_test	23.623s	426.591m
APPLICATION	CarMaker 12.0.1 - Car_Generic #5 (win64-12.0.1)
COMPILED	jetbrains@66e0c34c4bd1 2023-05-24 12:39:25
 
		I/O Configuration: default
SIM_START	Thesis/CarMaker_test	2023-11-20 13:27:06
TIME	0.000
SIMULATE	Thesis/CarMaker_test

TIME	6.532
SIM_END		Thesis/CarMaker_test	6.529s	26.4175m
APPLICATION	CarMaker 12.0.1 - Car_Generic #5 (win64-12.0.1)
COMPILED	jetbrains@66e0c34c4bd1 2023-05-24 12:39:25
 
		I/O Configuration: default
SIM_START	Thesis/CarMaker_test	2023-11-20 13:29:26
TIME	0.000
SIMULATE	Thesis/CarMaker_test

SIM_END		Thesis/CarMaker_test	0s	0m
APPLICATION	CarMaker 12.0.1 - Car_Generic #5 (win64-12.0.1)
COMPILED	jetbrains@66e0c34c4bd1 2023-05-24 12:39:25
 
		I/O Configuration: default
SIM_START	Thesis/CarMaker_test	2023-11-20 13:30:08
TIME	0.000
SIMULATE	Thesis/CarMaker_test

SIM_END		Thesis/CarMaker_test	0s	0m
APPLICATION	CarMaker 12.0.1 - Car_Generic #5 (win64-12.0.1)
COMPILED	jetbrains@66e0c34c4bd1 2023-05-24 12:39:25
 
		I/O Configuration: default
SIM_START	Thesis/CarMaker_test	2023-11-20 13:30:37
TIME	0.000
SIMULATE	Thesis/CarMaker_test

SIM_END		Thesis/CarMaker_test	0s	0m
APPLICATION	CarMaker 12.0.1 - Car_Generic #5 (win64-12.0.1)
COMPILED	jetbrains@66e0c34c4bd1 2023-05-24 12:39:25
 
		I/O Configuration: default
SIM_START	Thesis/CarMaker_test	2023-11-20 13:31:03
TIME	0.000
SIMULATE	Thesis/CarMaker_test

SIM_END		Thesis/CarMaker_test	0s	0m
APPLICATION	CarMaker 12.0.1 - Car_Generic #5 (win64-12.0.1)
COMPILED	jetbrains@66e0c34c4bd1 2023-05-24 12:39:25
 
		I/O Configuration: default
SIM_START	Thesis/CarMaker_test	2023-11-20 13:31:41
TIME	0.000
SIMULATE	Thesis/CarMaker_test

SIM_END		Thesis/CarMaker_test	0s	0m
APPLICATION	CarMaker 12.0.1 - Car_Generic #5 (win64-12.0.1)
COMPILED	jetbrains@66e0c34c4bd1 2023-05-24 12:39:25
 
		I/O Configuration: default
SIM_START	Thesis/CarMaker_test	2023-11-20 13:32:09
TIME	0.000
SIMULATE	Thesis/CarMaker_test

TIME	2.494
SIM_END		Thesis/CarMaker_test	2.491s	0.482361m
APPLICATION	CarMaker 12.0.1 - Car_Generic #5 (win64-12.0.1)
COMPILED	jetbrains@66e0c34c4bd1 2023-05-24 12:39:25
 
		I/O Configuration: default
SIM_START	Thesis/CarMaker_test	2023-11-20 13:35:00
TIME	0.000
SIMULATE	Thesis/CarMaker_test

TIME	5.606
SIM_END		Thesis/CarMaker_test	5.603s	16.4401m
APPLICATION	CarMaker 12.0.1 - Car_Generic #5 (win64-12.0.1)
COMPILED	jetbrains@66e0c34c4bd1 2023-05-24 12:39:25
 
		I/O Configuration: default
SIM_START	Thesis/CarMaker_test	2023-11-20 13:35:26
TIME	0.000
SIMULATE	Thesis/CarMaker_test

TIME	5.116
SIM_END		Thesis/CarMaker_test	5.113s	12.0124m
APPLICATION	CarMaker 12.0.1 - Car_Generic #5 (win64-12.0.1)
COMPILED	jetbrains@66e0c34c4bd1 2023-05-24 12:39:25
 
		I/O Configuration: default
SIM_START	Thesis/CarMaker_test	2023-11-20 13:36:35
TIME	0.000
SIMULATE	Thesis/CarMaker_test

TIME	7.072
ERROR		Vehicle leaves road at about x=16.6077, y=-281.941 TireNo=1
SIM_ABORT	Thesis/CarMaker_test	7.075s	42.9622m
APPLICATION	CarMaker 12.0.1 - Car_Generic #5 (win64-12.0.1)
COMPILED	jetbrains@66e0c34c4bd1 2023-05-24 12:39:25
 
		I/O Configuration: default
SIM_START	Thesis/CarMaker_test	2023-11-20 13:42:44
TIME	0.001
ERROR		VehicleControl GenLatCtrl: no LineSensor found with the name 'LN00'
ERROR		CM_Main.c: Initialization failed (CM_Main_Begin()=-3)
SIM_ABORT	Thesis/CarMaker_test	0s	0m
APPLICATION	CarMaker 12.0.1 - Car_Generic #5 (win64-12.0.1)
COMPILED	jetbrains@66e0c34c4bd1 2023-05-24 12:39:25
 
		I/O Configuration: default
SIM_START	Thesis/CarMaker_test	2023-11-20 13:42:53
TIME	0.001
ERROR		VehicleControl GenLatCtrl: no LineSensor found with the name 'LN00'
ERROR		CM_Main.c: Initialization failed (CM_Main_Begin()=-3)
SIM_ABORT	Thesis/CarMaker_test	0s	0m
APPLICATION	CarMaker 12.0.1 - Car_Generic #5 (win64-12.0.1)
COMPILED	jetbrains@66e0c34c4bd1 2023-05-24 12:39:25
 
		I/O Configuration: default
SIM_START	Thesis/CarMaker_test	2023-11-20 13:43:07
TIME	0.000
SIMULATE	Thesis/CarMaker_test

TIME	12.282
SIM_END		Thesis/CarMaker_test	12.279s	138.01m
APPLICATION	CarMaker 12.0.1 - Car_Generic #5 (win64-12.0.1)
COMPILED	jetbrains@66e0c34c4bd1 2023-05-24 12:39:25
 
		I/O Configuration: default
SIM_START	Thesis/CarMaker_test	2023-11-20 13:43:48
TIME	0.000
SIMULATE	Thesis/CarMaker_test

TIME	3.693
SIM_END		Thesis/CarMaker_test	3.69s	3.10316m
APPLICATION	CarMaker 12.0.1 - Car_Generic #5 (win64-12.0.1)
COMPILED	jetbrains@66e0c34c4bd1 2023-05-24 12:39:25
 
		I/O Configuration: default
SIM_START	Thesis/CarMaker_test	2023-11-20 13:48:31
TIME	0.000
SIMULATE	Thesis/CarMaker_test

TIME	44.444
SIM_END		Thesis/CarMaker_test	44.444s	956.152m
APPLICATION	CarMaker 12.0.1 - Car_Generic #5 (win64-12.0.1)
COMPILED	jetbrains@66e0c34c4bd1 2023-05-24 12:39:25
 
		I/O Configuration: default
SIM_START	Examples/DriverAssistance/CruiseControl/ACC_CountryRoad	2023-11-20 13:50:56
TIME	0.000
SIMULATE	Examples/DriverAssistance/CruiseControl/ACC_CountryRoad

TIME	9.188
SIM_END		Examples/DriverAssistance/CruiseControl/ACC_CountryRoad	9.185s	257.072m
APPLICATION	CarMaker 12.0.1 - Car_Generic #5 (win64-12.0.1)
COMPILED	jetbrains@66e0c34c4bd1 2023-05-24 12:39:25
 
		I/O Configuration: default
SIM_START	Examples/DriverAssistance/CruiseControl/ACC_CountryRoad	2023-11-20 13:51:32
TIME	0.000
SIMULATE	Examples/DriverAssistance/CruiseControl/ACC_CountryRoad

TIME	48.798
SIM_END		Examples/DriverAssistance/CruiseControl/ACC_CountryRoad	48.795s	1081.33m
APPLICATION	CarMaker 12.0.1 - Car_Generic #5 (win64-12.0.1)
COMPILED	jetbrains@66e0c34c4bd1 2023-05-24 12:39:25
 
		I/O Configuration: default
SIM_START	Examples/DriverAssistance/CruiseControl/ACC_CountryRoad	2023-11-20 13:53:38
TIME	0.000
SIMULATE	Examples/DriverAssistance/CruiseControl/ACC_CountryRoad

TIME	44.049
SIM_END		Examples/DriverAssistance/CruiseControl/ACC_CountryRoad	44.046s	1020.61m
APPLICATION	CarMaker 12.0.1 - Car_Generic #5 (win64-12.0.1)
COMPILED	jetbrains@66e0c34c4bd1 2023-05-24 12:39:25
 
		I/O Configuration: default
SIM_START	Examples/DriverAssistance/CruiseControl/ACC_CountryRoad	2023-11-20 13:58:59
TIME	0.000
SIMULATE	Examples/DriverAssistance/CruiseControl/ACC_CountryRoad

TIME	14.036
SIM_END		Examples/DriverAssistance/CruiseControl/ACC_CountryRoad	14.033s	374.465m
APPLICATION	CarMaker 12.0.1 - Car_Generic #5 (win64-12.0.1)
COMPILED	jetbrains@66e0c34c4bd1 2023-05-24 12:39:25
 
		I/O Configuration: default
SIM_START	Examples/DriverAssistance/CruiseControl/ACC_CountryRoad	2023-11-20 13:59:31
TIME	0.000
SIMULATE	Examples/DriverAssistance/CruiseControl/ACC_CountryRoad

TIME	14.986
SIM_END		Examples/DriverAssistance/CruiseControl/ACC_CountryRoad	14.983s	395.226m
APPLICATION	CarMaker 12.0.1 - Car_Generic #5 (win64-12.0.1)
COMPILED	jetbrains@66e0c34c4bd1 2023-05-24 12:39:25
 
		I/O Configuration: default
SIM_START	Examples/DriverAssistance/CruiseControl/ACC_CountryRoad	2023-11-20 14:00:25
TIME	0.000
SIMULATE	Examples/DriverAssistance/CruiseControl/ACC_CountryRoad

TIME	8.788
SIM_END		Examples/DriverAssistance/CruiseControl/ACC_CountryRoad	8.785s	246.669m
APPLICATION	CarMaker 12.0.1 - Car_Generic #5 (win64-12.0.1)
COMPILED	jetbrains@66e0c34c4bd1 2023-05-24 12:39:25
 
		I/O Configuration: default
SIM_START	Examples/DriverAssistance/CruiseControl/ACC_CountryRoad	2023-11-20 14:01:19
TIME	0.000
SIMULATE	Examples/DriverAssistance/CruiseControl/ACC_CountryRoad

TIME	8.219
SIM_END		Examples/DriverAssistance/CruiseControl/ACC_CountryRoad	8.216s	231.723m
APPLICATION	CarMaker 12.0.1 - Car_Generic #5 (win64-12.0.1)
COMPILED	jetbrains@66e0c34c4bd1 2023-05-24 12:39:25
 
		I/O Configuration: default
SIM_START	Examples/DriverAssistance/CruiseControl/ACC_CountryRoad	2023-11-20 14:03:02
TIME	0.000
SIMULATE	Examples/DriverAssistance/CruiseControl/ACC_CountryRoad

TIME	74.324
SIM_END		Examples/DriverAssistance/CruiseControl/ACC_CountryRoad	74.321s	1478.19m
APPLICATION	CarMaker 12.0.1 - Car_Generic #5 (win64-12.0.1)
COMPILED	jetbrains@66e0c34c4bd1 2023-05-24 12:39:25
 
		I/O Configuration: default
SIM_START	Examples/DriverAssistance/CruiseControl/ACC_CountryRoad	2023-11-20 14:05:41
TIME	0.000
SIMULATE	Examples/DriverAssistance/CruiseControl/ACC_CountryRoad

TIME	20.003
SIM_END		Examples/DriverAssistance/CruiseControl/ACC_CountryRoad	20s	494.474m
APPLICATION	CarMaker 12.0.1 - Car_Generic #5 (win64-12.0.1)
COMPILED	jetbrains@66e0c34c4bd1 2023-05-24 12:39:25
 
		I/O Configuration: default
SIM_START	Examples/DriverAssistance/CruiseControl/ACC_CountryRoad	2023-11-20 14:06:37
TIME	0.000
SIMULATE	Examples/DriverAssistance/CruiseControl/ACC_CountryRoad

TIME	4.943
SIM_END		Examples/DriverAssistance/CruiseControl/ACC_CountryRoad	4.94s	143.633m
APPLICATION	CarMaker 12.0.1 - Car_Generic #5 (win64-12.0.1)
COMPILED	jetbrains@66e0c34c4bd1 2023-05-24 12:39:25
 
		I/O Configuration: default
SIM_START	Examples/DriverAssistance/CruiseControl/ACC_CountryRoad	2023-11-20 14:07:45
TIME	0.000
SIMULATE	Examples/DriverAssistance/CruiseControl/ACC_CountryRoad

TIME	11.223
SIM_END		Examples/DriverAssistance/CruiseControl/ACC_CountryRoad	11.22s	308.424m
APPLICATION	CarMaker 12.0.1 - Car_Generic #5 (win64-12.0.1)
COMPILED	jetbrains@66e0c34c4bd1 2023-05-24 12:39:25
 
		I/O Configuration: default
SIM_START	Examples/DriverAssistance/CruiseControl/ACC_CountryRoad	2023-11-20 14:08:12
TIME	0.000
SIMULATE	Examples/DriverAssistance/CruiseControl/ACC_CountryRoad

TIME	20.003
SIM_END		Examples/DriverAssistance/CruiseControl/ACC_CountryRoad	20s	494.474m
APPLICATION	CarMaker 12.0.1 - Car_Generic #5 (win64-12.0.1)
COMPILED	jetbrains@66e0c34c4bd1 2023-05-24 12:39:25
 
		I/O Configuration: default
SIM_START	Examples/DriverAssistance/CruiseControl/ACC_CountryRoad	2023-11-20 14:08:52
TIME	0.000
SIMULATE	Examples/DriverAssistance/CruiseControl/ACC_CountryRoad

TIME	10.814
SIM_END		Examples/DriverAssistance/CruiseControl/ACC_CountryRoad	10.811s	298.333m
APPLICATION	CarMaker 12.0.1 - Car_Generic #5 (win64-12.0.1)
COMPILED	jetbrains@66e0c34c4bd1 2023-05-24 12:39:25
 
		I/O Configuration: default
SIM_START	Examples/DriverAssistance/CruiseControl/ACC_CountryRoad	2023-11-20 14:10:25
TIME	0.000
SIMULATE	Examples/DriverAssistance/CruiseControl/ACC_CountryRoad

TIME	14.012
SIM_END		Examples/DriverAssistance/CruiseControl/ACC_CountryRoad	14.009s	373.929m
APPLICATION	CarMaker 12.0.1 - Car_Generic #5 (win64-12.0.1)
COMPILED	jetbrains@66e0c34c4bd1 2023-05-24 12:39:25
 
		I/O Configuration: default
SIM_START	Examples/DriverAssistance/CruiseControl/ACC_CountryRoad	2023-11-20 14:13:18
TIME	0.000
SIMULATE	Examples/DriverAssistance/CruiseControl/ACC_CountryRoad

TIME	16.224
SIM_END		Examples/DriverAssistance/CruiseControl/ACC_CountryRoad	16.221s	421.012m
